<?xml version="1.0" encoding="UTF-8"?>
<coverage generated="1768733999717" clover="3.2.0">
  <project timestamp="1768733999717" name="All files">
    <metrics statements="2921" coveredstatements="1081" conditionals="1999" coveredconditionals="543" methods="761" coveredmethods="383" elements="5681" coveredelements="2007" complexity="0" loc="2921" ncloc="2921" packages="6" files="19" classes="19"/>
    <package name="js">
      <metrics statements="35" coveredstatements="33" conditionals="13" coveredconditionals="10" methods="21" coveredmethods="6"/>
      <file name="cardTypes.js" path="X:\Food Chain\TCG\js\cardTypes.js">
        <metrics statements="7" coveredstatements="7" conditionals="5" coveredconditionals="5" methods="2" coveredmethods="2"/>
        <line num="3" count="28" type="stmt"/>
        <line num="4" count="495" type="cond" truecount="3" falsecount="0"/>
        <line num="6" count="28" type="stmt"/>
        <line num="7" count="380" type="stmt"/>
        <line num="12" count="380" type="cond" truecount="2" falsecount="0"/>
        <line num="13" count="378" type="stmt"/>
        <line num="23" count="2" type="stmt"/>
      </file>
      <file name="keywords.js" path="X:\Food Chain\TCG\js\keywords.js">
        <metrics statements="28" coveredstatements="26" conditionals="8" coveredconditionals="5" methods="19" coveredmethods="4"/>
        <line num="1" count="28" type="stmt"/>
        <line num="22" count="28" type="stmt"/>
        <line num="47" count="28" type="stmt"/>
        <line num="48" count="438" type="cond" truecount="1" falsecount="1"/>
        <line num="50" count="438" type="cond" truecount="3" falsecount="1"/>
        <line num="51" count="0" type="stmt"/>
        <line num="53" count="438" type="stmt"/>
        <line num="56" count="28" type="stmt"/>
        <line num="57" count="438" type="cond" truecount="1" falsecount="1"/>
        <line num="58" count="0" type="stmt"/>
        <line num="60" count="438" type="stmt"/>
        <line num="63" count="28" type="stmt"/>
        <line num="65" count="60" type="stmt"/>
        <line num="67" count="28" type="stmt"/>
        <line num="69" count="28" type="stmt"/>
        <line num="71" count="28" type="stmt"/>
        <line num="73" count="28" type="stmt"/>
        <line num="75" count="378" type="stmt"/>
        <line num="77" count="28" type="stmt"/>
        <line num="79" count="28" type="stmt"/>
        <line num="81" count="28" type="stmt"/>
        <line num="83" count="28" type="stmt"/>
        <line num="85" count="28" type="stmt"/>
        <line num="87" count="28" type="stmt"/>
        <line num="89" count="28" type="stmt"/>
        <line num="91" count="28" type="stmt"/>
        <line num="93" count="28" type="stmt"/>
        <line num="95" count="28" type="stmt"/>
      </file>
    </package>
    <package name="js.cards">
      <metrics statements="1674" coveredstatements="808" conditionals="1112" coveredconditionals="424" methods="572" coveredmethods="351"/>
      <file name="effectLibrary.js" path="X:\Food Chain\TCG\js\cards\effectLibrary.js">
        <metrics statements="1579" coveredstatements="755" conditionals="1063" coveredconditionals="412" methods="542" coveredmethods="334"/>
        <line num="44" count="78" type="cond" truecount="1" falsecount="0"/>
        <line num="51" count="28" type="stmt"/>
        <line num="52" count="13" type="cond" truecount="1" falsecount="1"/>
        <line num="53" count="0" type="stmt"/>
        <line num="62" count="13" type="stmt"/>
        <line num="79" count="28" type="stmt"/>
        <line num="80" count="8" type="cond" truecount="5" falsecount="1"/>
        <line num="81" count="0" type="stmt"/>
        <line num="83" count="8" type="stmt"/>
        <line num="84" count="8" type="cond" truecount="1" falsecount="1"/>
        <line num="85" count="0" type="stmt"/>
        <line num="87" count="8" type="stmt"/>
        <line num="88" count="16" type="stmt"/>
        <line num="90" count="8" type="cond" truecount="2" falsecount="0"/>
        <line num="100" count="28" type="stmt"/>
        <line num="101" count="6" type="stmt"/>
        <line num="103" count="6" type="cond" truecount="4" falsecount="0"/>
        <line num="113" count="28" type="stmt"/>
        <line num="114" count="6" type="stmt"/>
        <line num="115" count="6" type="stmt"/>
        <line num="117" count="6" type="cond" truecount="2" falsecount="0"/>
        <line num="118" count="2" type="stmt"/>
        <line num="123" count="4" type="stmt"/>
        <line num="124" count="4" type="cond" truecount="3" falsecount="1"/>
        <line num="125" count="4" type="stmt"/>
        <line num="128" count="4" type="stmt"/>
        <line num="139" count="28" type="stmt"/>
        <line num="140" count="12" type="stmt"/>
        <line num="141" count="12" type="stmt"/>
        <line num="148" count="28" type="stmt"/>
        <line num="149" count="10" type="cond" truecount="4" falsecount="0"/>
        <line num="150" count="10" type="stmt"/>
        <line num="157" count="28" type="stmt"/>
        <line num="158" count="7" type="stmt"/>
        <line num="159" count="7" type="stmt"/>
        <line num="168" count="28" type="cond" truecount="1" falsecount="0"/>
        <line num="169" count="5" type="stmt"/>
        <line num="172" count="5" type="cond" truecount="2" falsecount="0"/>
        <line num="173" count="3" type="stmt"/>
        <line num="174" count="2" type="cond" truecount="2" falsecount="0"/>
        <line num="175" count="1" type="stmt"/>
        <line num="176" count="1" type="cond" truecount="1" falsecount="1"/>
        <line num="177" count="1" type="stmt"/>
        <line num="180" count="5" type="cond" truecount="2" falsecount="0"/>
        <line num="181" count="1" type="stmt"/>
        <line num="182" count="1" type="stmt"/>
        <line num="185" count="4" type="stmt"/>
        <line num="186" count="4" type="stmt"/>
        <line num="193" count="28" type="stmt"/>
        <line num="194" count="21" type="cond" truecount="2" falsecount="0"/>
        <line num="195" count="21" type="stmt"/>
        <line num="196" count="21" type="cond" truecount="2" falsecount="0"/>
        <line num="197" count="21" type="stmt"/>
        <line num="204" count="28" type="stmt"/>
        <line num="205" count="3" type="stmt"/>
        <line num="206" count="3" type="stmt"/>
        <line num="214" count="28" type="stmt"/>
        <line num="215" count="2" type="cond" truecount="2" falsecount="0"/>
        <line num="216" count="1" type="stmt"/>
        <line num="217" count="1" type="stmt"/>
        <line num="219" count="1" type="stmt"/>
        <line num="226" count="28" type="stmt"/>
        <line num="227" count="0" type="stmt"/>
        <line num="230" count="0" type="cond" truecount="0" falsecount="2"/>
        <line num="231" count="0" type="stmt"/>
        <line num="232" count="0" type="cond" truecount="0" falsecount="2"/>
        <line num="233" count="0" type="stmt"/>
        <line num="234" count="0" type="cond" truecount="0" falsecount="2"/>
        <line num="235" count="0" type="stmt"/>
        <line num="238" count="0" type="cond" truecount="0" falsecount="2"/>
        <line num="239" count="0" type="stmt"/>
        <line num="242" count="0" type="stmt"/>
        <line num="243" count="0" type="stmt"/>
        <line num="252" count="28" type="stmt"/>
        <line num="253" count="0" type="stmt"/>
        <line num="254" count="0" type="cond" truecount="0" falsecount="2"/>
        <line num="257" count="0" type="cond" truecount="0" falsecount="2"/>
        <line num="258" count="0" type="cond" truecount="0" falsecount="2"/>
        <line num="259" count="0" type="cond" truecount="0" falsecount="2"/>
        <line num="260" count="0" type="stmt"/>
        <line num="261" count="0" type="stmt"/>
        <line num="263" count="0" type="stmt"/>
        <line num="264" count="0" type="stmt"/>
        <line num="268" count="0" type="cond" truecount="0" falsecount="2"/>
        <line num="269" count="0" type="stmt"/>
        <line num="270" count="0" type="cond" truecount="0" falsecount="2"/>
        <line num="271" count="0" type="cond" truecount="0" falsecount="2"/>
        <line num="272" count="0" type="cond" truecount="0" falsecount="4"/>
        <line num="273" count="0" type="stmt"/>
        <line num="274" count="0" type="stmt"/>
        <line num="276" count="0" type="stmt"/>
        <line num="277" count="0" type="stmt"/>
        <line num="284" count="0" type="cond" truecount="0" falsecount="2"/>
        <line num="285" count="0" type="cond" truecount="0" falsecount="3"/>
        <line num="286" count="0" type="cond" truecount="0" falsecount="2"/>
        <line num="287" count="0" type="stmt"/>
        <line num="288" count="0" type="stmt"/>
        <line num="291" count="0" type="stmt"/>
        <line num="293" count="0" type="stmt"/>
        <line num="295" count="0" type="stmt"/>
        <line num="296" count="0" type="stmt"/>
        <line num="301" count="0" type="stmt"/>
        <line num="313" count="28" type="stmt"/>
        <line num="314" count="3" type="stmt"/>
        <line num="316" count="3" type="cond" truecount="2" falsecount="0"/>
        <line num="317" count="2" type="stmt"/>
        <line num="318" count="2" type="stmt"/>
        <line num="319" count="1" type="cond" truecount="1" falsecount="1"/>
        <line num="320" count="0" type="cond" truecount="0" falsecount="2"/>
        <line num="321" count="0" type="stmt"/>
        <line num="323" count="0" type="stmt"/>
        <line num="324" count="0" type="stmt"/>
        <line num="325" count="1" type="cond" truecount="1" falsecount="1"/>
        <line num="326" count="3" type="cond" truecount="2" falsecount="0"/>
        <line num="327" count="1" type="cond" truecount="1" falsecount="1"/>
        <line num="328" count="0" type="stmt"/>
        <line num="329" count="0" type="stmt"/>
        <line num="331" count="1" type="stmt"/>
        <line num="332" count="1" type="stmt"/>
        <line num="335" count="0" type="stmt"/>
        <line num="343" count="28" type="stmt"/>
        <line num="344" count="6" type="stmt"/>
        <line num="345" count="6" type="stmt"/>
        <line num="347" count="6" type="stmt"/>
        <line num="349" count="6" type="cond" truecount="2" falsecount="0"/>
        <line num="350" count="6" type="cond" truecount="2" falsecount="0"/>
        <line num="351" count="2" type="cond" truecount="2" falsecount="0"/>
        <line num="352" count="1" type="stmt"/>
        <line num="353" count="1" type="stmt"/>
        <line num="355" count="1" type="stmt"/>
        <line num="356" count="1" type="stmt"/>
        <line num="359" count="4" type="cond" truecount="2" falsecount="0"/>
        <line num="360" count="2" type="stmt"/>
        <line num="361" count="6" type="cond" truecount="2" falsecount="0"/>
        <line num="362" count="6" type="cond" truecount="3" falsecount="0"/>
        <line num="364" count="2" type="cond" truecount="1" falsecount="1"/>
        <line num="365" count="0" type="stmt"/>
        <line num="366" count="0" type="stmt"/>
        <line num="368" count="2" type="stmt"/>
        <line num="370" count="4" type="stmt"/>
        <line num="373" count="1" type="stmt"/>
        <line num="374" count="1" type="stmt"/>
        <line num="379" count="2" type="cond" truecount="3" falsecount="1"/>
        <line num="380" count="2" type="stmt"/>
        <line num="381" count="2" type="stmt"/>
        <line num="384" count="0" type="stmt"/>
        <line num="392" count="28" type="stmt"/>
        <line num="393" count="9" type="stmt"/>
        <line num="394" count="9" type="cond" truecount="2" falsecount="0"/>
        <line num="396" count="9" type="cond" truecount="2" falsecount="0"/>
        <line num="397" count="5" type="stmt"/>
        <line num="398" count="5" type="stmt"/>
        <line num="399" count="4" type="cond" truecount="1" falsecount="1"/>
        <line num="400" count="0" type="cond" truecount="0" falsecount="2"/>
        <line num="401" count="0" type="stmt"/>
        <line num="403" count="0" type="stmt"/>
        <line num="404" count="0" type="stmt"/>
        <line num="405" count="4" type="cond" truecount="1" falsecount="1"/>
        <line num="406" count="12" type="cond" truecount="2" falsecount="0"/>
        <line num="407" count="4" type="cond" truecount="2" falsecount="0"/>
        <line num="408" count="1" type="stmt"/>
        <line num="409" count="1" type="stmt"/>
        <line num="411" count="3" type="stmt"/>
        <line num="412" count="3" type="stmt"/>
        <line num="415" count="0" type="stmt"/>
        <line num="423" count="28" type="stmt"/>
        <line num="424" count="6" type="stmt"/>
        <line num="425" count="6" type="cond" truecount="2" falsecount="0"/>
        <line num="428" count="6" type="cond" truecount="2" falsecount="0"/>
        <line num="429" count="3" type="cond" truecount="2" falsecount="0"/>
        <line num="430" count="1" type="cond" truecount="1" falsecount="1"/>
        <line num="431" count="0" type="stmt"/>
        <line num="432" count="0" type="stmt"/>
        <line num="434" count="1" type="stmt"/>
        <line num="435" count="1" type="stmt"/>
        <line num="439" count="5" type="cond" truecount="2" falsecount="0"/>
        <line num="440" count="1" type="stmt"/>
        <line num="441" count="1" type="cond" truecount="1" falsecount="1"/>
        <line num="442" count="1" type="stmt"/>
        <line num="443" count="1" type="stmt"/>
        <line num="445" count="0" type="stmt"/>
        <line num="449" count="4" type="stmt"/>
        <line num="450" count="4" type="stmt"/>
        <line num="452" count="4" type="cond" truecount="2" falsecount="0"/>
        <line num="453" count="3" type="cond" truecount="2" falsecount="0"/>
        <line num="454" count="1" type="stmt"/>
        <line num="455" count="3" type="cond" truecount="1" falsecount="1"/>
        <line num="456" count="9" type="cond" truecount="2" falsecount="0"/>
        <line num="457" count="3" type="stmt"/>
        <line num="458" count="0" type="cond" truecount="0" falsecount="2"/>
        <line num="459" count="0" type="cond" truecount="0" falsecount="3"/>
        <line num="460" count="0" type="stmt"/>
        <line num="463" count="4" type="cond" truecount="2" falsecount="0"/>
        <line num="464" count="1" type="stmt"/>
        <line num="465" count="1" type="stmt"/>
        <line num="468" count="3" type="stmt"/>
        <line num="470" count="5" type="stmt"/>
        <line num="472" count="1" type="stmt"/>
        <line num="473" count="1" type="stmt"/>
        <line num="487" count="28" type="stmt"/>
        <line num="488" count="0" type="stmt"/>
        <line num="490" count="0" type="stmt"/>
        <line num="492" count="0" type="cond" truecount="0" falsecount="2"/>
        <line num="493" count="0" type="stmt"/>
        <line num="494" count="0" type="cond" truecount="0" falsecount="2"/>
        <line num="495" count="0" type="cond" truecount="0" falsecount="2"/>
        <line num="496" count="0" type="cond" truecount="0" falsecount="2"/>
        <line num="497" count="0" type="stmt"/>
        <line num="498" count="0" type="stmt"/>
        <line num="499" count="0" type="cond" truecount="0" falsecount="2"/>
        <line num="503" count="0" type="cond" truecount="0" falsecount="2"/>
        <line num="504" count="0" type="stmt"/>
        <line num="505" count="0" type="stmt"/>
        <line num="509" count="0" type="stmt"/>
        <line num="523" count="28" type="stmt"/>
        <line num="524" count="0" type="stmt"/>
        <line num="526" count="0" type="stmt"/>
        <line num="527" count="0" type="cond" truecount="0" falsecount="2"/>
        <line num="528" count="0" type="stmt"/>
        <line num="529" count="0" type="cond" truecount="0" falsecount="2"/>
        <line num="530" count="0" type="stmt"/>
        <line num="532" count="0" type="stmt"/>
        <line num="535" count="0" type="cond" truecount="0" falsecount="2"/>
        <line num="536" count="0" type="stmt"/>
        <line num="537" count="0" type="stmt"/>
        <line num="540" count="0" type="stmt"/>
        <line num="560" count="28" type="cond" truecount="0" falsecount="1"/>
        <line num="561" count="0" type="stmt"/>
        <line num="563" count="0" type="stmt"/>
        <line num="565" count="0" type="cond" truecount="0" falsecount="2"/>
        <line num="566" count="0" type="stmt"/>
        <line num="567" count="0" type="cond" truecount="0" falsecount="2"/>
        <line num="568" count="0" type="stmt"/>
        <line num="571" count="0" type="stmt"/>
        <line num="578" count="28" type="cond" truecount="0" falsecount="1"/>
        <line num="579" count="0" type="stmt"/>
        <line num="586" count="28" type="cond" truecount="0" falsecount="1"/>
        <line num="587" count="0" type="stmt"/>
        <line num="594" count="28" type="cond" truecount="0" falsecount="1"/>
        <line num="595" count="0" type="cond" truecount="0" falsecount="2"/>
        <line num="606" count="28" type="stmt"/>
        <line num="607" count="0" type="stmt"/>
        <line num="608" count="0" type="stmt"/>
        <line num="610" count="0" type="stmt"/>
        <line num="611" count="0" type="stmt"/>
        <line num="612" count="0" type="cond" truecount="0" falsecount="4"/>
        <line num="613" count="0" type="stmt"/>
        <line num="618" count="0" type="cond" truecount="0" falsecount="2"/>
        <line num="619" count="0" type="stmt"/>
        <line num="622" count="0" type="cond" truecount="0" falsecount="2"/>
        <line num="623" count="0" type="stmt"/>
        <line num="627" count="0" type="stmt"/>
        <line num="635" count="28" type="stmt"/>
        <line num="636" count="0" type="stmt"/>
        <line num="638" count="0" type="stmt"/>
        <line num="639" count="0" type="stmt"/>
        <line num="640" count="0" type="cond" truecount="0" falsecount="4"/>
        <line num="641" count="0" type="stmt"/>
        <line num="645" count="0" type="cond" truecount="0" falsecount="2"/>
        <line num="646" count="0" type="stmt"/>
        <line num="649" count="0" type="cond" truecount="0" falsecount="2"/>
        <line num="650" count="0" type="stmt"/>
        <line num="653" count="0" type="stmt"/>
        <line num="663" count="28" type="stmt"/>
        <line num="664" count="6" type="stmt"/>
        <line num="665" count="6" type="stmt"/>
        <line num="671" count="28" type="stmt"/>
        <line num="672" count="0" type="stmt"/>
        <line num="673" count="0" type="stmt"/>
        <line num="679" count="28" type="stmt"/>
        <line num="680" count="2" type="cond" truecount="2" falsecount="0"/>
        <line num="681" count="1" type="stmt"/>
        <line num="682" count="1" type="stmt"/>
        <line num="684" count="1" type="stmt"/>
        <line num="685" count="1" type="stmt"/>
        <line num="691" count="28" type="stmt"/>
        <line num="692" count="2" type="stmt"/>
        <line num="693" count="6" type="cond" truecount="2" falsecount="0"/>
        <line num="694" count="6" type="cond" truecount="2" falsecount="0"/>
        <line num="696" count="2" type="cond" truecount="2" falsecount="0"/>
        <line num="697" count="1" type="stmt"/>
        <line num="698" count="1" type="stmt"/>
        <line num="700" count="1" type="stmt"/>
        <line num="701" count="1" type="stmt"/>
        <line num="708" count="28" type="stmt"/>
        <line num="709" count="3" type="cond" truecount="2" falsecount="0"/>
        <line num="710" count="3" type="stmt"/>
        <line num="717" count="28" type="stmt"/>
        <line num="718" count="0" type="cond" truecount="0" falsecount="2"/>
        <line num="719" count="0" type="stmt"/>
        <line num="726" count="28" type="stmt"/>
        <line num="727" count="0" type="stmt"/>
        <line num="728" count="0" type="cond" truecount="0" falsecount="2"/>
        <line num="729" count="0" type="stmt"/>
        <line num="730" count="0" type="cond" truecount="0" falsecount="2"/>
        <line num="731" count="0" type="stmt"/>
        <line num="732" count="0" type="cond" truecount="0" falsecount="2"/>
        <line num="733" count="0" type="stmt"/>
        <line num="735" count="0" type="stmt"/>
        <line num="738" count="0" type="cond" truecount="0" falsecount="2"/>
        <line num="739" count="0" type="stmt"/>
        <line num="740" count="0" type="stmt"/>
        <line num="743" count="0" type="stmt"/>
        <line num="756" count="28" type="stmt"/>
        <line num="757" count="0" type="stmt"/>
        <line num="760" count="0" type="cond" truecount="0" falsecount="4"/>
        <line num="761" count="0" type="stmt"/>
        <line num="762" count="0" type="cond" truecount="0" falsecount="4"/>
        <line num="763" count="0" type="stmt"/>
        <line num="766" count="0" type="cond" truecount="0" falsecount="2"/>
        <line num="767" count="0" type="stmt"/>
        <line num="768" count="0" type="stmt"/>
        <line num="771" count="0" type="stmt"/>
        <line num="772" count="0" type="stmt"/>
        <line num="779" count="28" type="stmt"/>
        <line num="780" count="0" type="stmt"/>
        <line num="782" count="0" type="cond" truecount="0" falsecount="2"/>
        <line num="784" count="0" type="cond" truecount="0" falsecount="2"/>
        <line num="785" count="0" type="stmt"/>
        <line num="786" count="0" type="stmt"/>
        <line num="789" count="0" type="cond" truecount="0" falsecount="2"/>
        <line num="790" count="0" type="stmt"/>
        <line num="791" count="0" type="stmt"/>
        <line num="792" count="0" type="stmt"/>
        <line num="796" count="0" type="stmt"/>
        <line num="799" count="0" type="stmt"/>
        <line num="810" count="28" type="stmt"/>
        <line num="811" count="7" type="stmt"/>
        <line num="812" count="7" type="stmt"/>
        <line num="814" count="7" type="cond" truecount="1" falsecount="1"/>
        <line num="815" count="0" type="stmt"/>
        <line num="816" count="0" type="cond" truecount="0" falsecount="2"/>
        <line num="817" count="0" type="cond" truecount="0" falsecount="3"/>
        <line num="819" count="0" type="stmt"/>
        <line num="820" count="7" type="cond" truecount="1" falsecount="1"/>
        <line num="821" count="0" type="stmt"/>
        <line num="822" count="0" type="cond" truecount="0" falsecount="2"/>
        <line num="823" count="0" type="cond" truecount="0" falsecount="3"/>
        <line num="825" count="0" type="stmt"/>
        <line num="826" count="7" type="cond" truecount="2" falsecount="0"/>
        <line num="827" count="3" type="cond" truecount="2" falsecount="0"/>
        <line num="828" count="1" type="stmt"/>
        <line num="829" count="6" type="cond" truecount="1" falsecount="1"/>
        <line num="830" count="6" type="stmt"/>
        <line num="831" count="18" type="stmt"/>
        <line num="832" count="18" type="cond" truecount="2" falsecount="0"/>
        <line num="834" count="6" type="stmt"/>
        <line num="837" count="7" type="cond" truecount="2" falsecount="0"/>
        <line num="838" count="1" type="stmt"/>
        <line num="841" count="6" type="stmt"/>
        <line num="848" count="28" type="cond" truecount="1" falsecount="0"/>
        <line num="849" count="2" type="stmt"/>
        <line num="850" count="2" type="stmt"/>
        <line num="856" count="28" type="stmt"/>
        <line num="857" count="15" type="cond" truecount="2" falsecount="0"/>
        <line num="858" count="5" type="cond" truecount="2" falsecount="0"/>
        <line num="859" count="2" type="stmt"/>
        <line num="860" count="2" type="stmt"/>
        <line num="862" count="3" type="stmt"/>
        <line num="863" count="3" type="stmt"/>
        <line num="870" count="28" type="stmt"/>
        <line num="871" count="0" type="stmt"/>
        <line num="873" count="0" type="cond" truecount="0" falsecount="2"/>
        <line num="874" count="0" type="stmt"/>
        <line num="875" count="0" type="stmt"/>
        <line num="876" count="0" type="cond" truecount="0" falsecount="2"/>
        <line num="877" count="0" type="cond" truecount="0" falsecount="2"/>
        <line num="878" count="0" type="stmt"/>
        <line num="880" count="0" type="stmt"/>
        <line num="881" count="0" type="stmt"/>
        <line num="884" count="0" type="stmt"/>
        <line num="890" count="28" type="stmt"/>
        <line num="891" count="2" type="stmt"/>
        <line num="892" count="6" type="cond" truecount="2" falsecount="3"/>
        <line num="894" count="2" type="cond" truecount="2" falsecount="0"/>
        <line num="895" count="1" type="stmt"/>
        <line num="896" count="1" type="stmt"/>
        <line num="899" count="1" type="stmt"/>
        <line num="900" count="1" type="stmt"/>
        <line num="911" count="28" type="stmt"/>
        <line num="912" count="5" type="stmt"/>
        <line num="913" count="15" type="cond" truecount="3" falsecount="0"/>
        <line num="915" count="5" type="cond" truecount="2" falsecount="0"/>
        <line num="916" count="1" type="stmt"/>
        <line num="917" count="1" type="stmt"/>
        <line num="920" count="4" type="stmt"/>
        <line num="922" count="4" type="stmt"/>
        <line num="924" count="1" type="stmt"/>
        <line num="925" count="1" type="cond" truecount="2" falsecount="0"/>
        <line num="936" count="28" type="stmt"/>
        <line num="937" count="0" type="stmt"/>
        <line num="938" count="0" type="cond" truecount="0" falsecount="3"/>
        <line num="940" count="0" type="cond" truecount="0" falsecount="2"/>
        <line num="941" count="0" type="stmt"/>
        <line num="942" count="0" type="stmt"/>
        <line num="945" count="0" type="stmt"/>
        <line num="947" count="0" type="stmt"/>
        <line num="950" count="0" type="stmt"/>
        <line num="951" count="0" type="stmt"/>
        <line num="959" count="28" type="stmt"/>
        <line num="960" count="1" type="stmt"/>
        <line num="961" count="3" type="cond" truecount="3" falsecount="3"/>
        <line num="963" count="1" type="cond" truecount="1" falsecount="1"/>
        <line num="964" count="0" type="stmt"/>
        <line num="965" count="0" type="stmt"/>
        <line num="968" count="1" type="stmt"/>
        <line num="970" count="1" type="stmt"/>
        <line num="972" count="0" type="stmt"/>
        <line num="973" count="0" type="cond" truecount="0" falsecount="2"/>
        <line num="984" count="28" type="cond" truecount="1" falsecount="0"/>
        <line num="985" count="4" type="stmt"/>
        <line num="987" count="4" type="cond" truecount="2" falsecount="0"/>
        <line num="988" count="1" type="stmt"/>
        <line num="989" count="1" type="stmt"/>
        <line num="993" count="3" type="cond" truecount="2" falsecount="0"/>
        <line num="995" count="4" type="stmt"/>
        <line num="997" count="6" type="stmt"/>
        <line num="1002" count="1" type="stmt"/>
        <line num="1012" count="28" type="stmt"/>
        <line num="1013" count="4" type="stmt"/>
        <line num="1014" count="12" type="cond" truecount="4" falsecount="0"/>
        <line num="1016" count="4" type="cond" truecount="2" falsecount="0"/>
        <line num="1017" count="1" type="stmt"/>
        <line num="1018" count="1" type="stmt"/>
        <line num="1021" count="3" type="stmt"/>
        <line num="1023" count="3" type="stmt"/>
        <line num="1025" count="0" type="stmt"/>
        <line num="1026" count="0" type="cond" truecount="0" falsecount="2"/>
        <line num="1036" count="28" type="stmt"/>
        <line num="1037" count="9" type="stmt"/>
        <line num="1038" count="27" type="cond" truecount="2" falsecount="3"/>
        <line num="1040" count="9" type="cond" truecount="2" falsecount="0"/>
        <line num="1041" count="2" type="stmt"/>
        <line num="1042" count="2" type="stmt"/>
        <line num="1045" count="7" type="stmt"/>
        <line num="1047" count="12" type="stmt"/>
        <line num="1049" count="2" type="stmt"/>
        <line num="1050" count="2" type="cond" truecount="2" falsecount="0"/>
        <line num="1061" count="28" type="cond" truecount="1" falsecount="0"/>
        <line num="1062" count="8" type="stmt"/>
        <line num="1064" count="8" type="cond" truecount="2" falsecount="0"/>
        <line num="1065" count="2" type="stmt"/>
        <line num="1066" count="2" type="stmt"/>
        <line num="1069" count="6" type="stmt"/>
        <line num="1070" count="6" type="cond" truecount="2" falsecount="0"/>
        <line num="1071" count="2" type="stmt"/>
        <line num="1072" count="4" type="cond" truecount="4" falsecount="0"/>
        <line num="1073" count="2" type="cond" truecount="3" falsecount="1"/>
        <line num="1074" count="0" type="cond" truecount="0" falsecount="4"/>
        <line num="1075" count="0" type="stmt"/>
        <line num="1079" count="6" type="cond" truecount="1" falsecount="1"/>
        <line num="1080" count="0" type="stmt"/>
        <line num="1081" count="0" type="stmt"/>
        <line num="1084" count="6" type="stmt"/>
        <line num="1086" count="8" type="stmt"/>
        <line num="1087" count="1" type="stmt"/>
        <line num="1098" count="28" type="stmt"/>
        <line num="1099" count="4" type="stmt"/>
        <line num="1101" count="4" type="cond" truecount="2" falsecount="0"/>
        <line num="1102" count="1" type="stmt"/>
        <line num="1103" count="1" type="stmt"/>
        <line num="1106" count="3" type="stmt"/>
        <line num="1108" count="1" type="stmt"/>
        <line num="1110" count="1" type="stmt"/>
        <line num="1111" count="1" type="stmt"/>
        <line num="1125" count="28" type="cond" truecount="1" falsecount="0"/>
        <line num="1126" count="2" type="stmt"/>
        <line num="1127" count="2" type="stmt"/>
        <line num="1128" count="6" type="cond" truecount="3" falsecount="3"/>
        <line num="1129" count="6" type="cond" truecount="3" falsecount="3"/>
        <line num="1132" count="2" type="cond" truecount="2" falsecount="0"/>
        <line num="1133" count="1" type="stmt"/>
        <line num="1134" count="1" type="stmt"/>
        <line num="1137" count="1" type="stmt"/>
        <line num="1139" count="2" type="stmt"/>
        <line num="1141" count="0" type="stmt"/>
        <line num="1142" count="0" type="cond" truecount="0" falsecount="2"/>
        <line num="1154" count="28" type="cond" truecount="1" falsecount="0"/>
        <line num="1155" count="6" type="stmt"/>
        <line num="1156" count="6" type="stmt"/>
        <line num="1157" count="18" type="cond" truecount="1" falsecount="5"/>
        <line num="1158" count="18" type="cond" truecount="3" falsecount="3"/>
        <line num="1161" count="10" type="stmt"/>
        <line num="1166" count="6" type="stmt"/>
        <line num="1171" count="6" type="stmt"/>
        <line num="1175" count="2" type="cond" truecount="2" falsecount="0"/>
        <line num="1176" count="1" type="stmt"/>
        <line num="1177" count="1" type="stmt"/>
        <line num="1179" count="1" type="stmt"/>
        <line num="1180" count="1" type="cond" truecount="2" falsecount="0"/>
        <line num="1197" count="28" type="stmt"/>
        <line num="1198" count="2" type="stmt"/>
        <line num="1199" count="6" type="cond" truecount="4" falsecount="0"/>
        <line num="1201" count="2" type="cond" truecount="2" falsecount="0"/>
        <line num="1202" count="1" type="stmt"/>
        <line num="1203" count="1" type="stmt"/>
        <line num="1206" count="1" type="stmt"/>
        <line num="1208" count="1" type="stmt"/>
        <line num="1210" count="0" type="stmt"/>
        <line num="1211" count="0" type="cond" truecount="0" falsecount="2"/>
        <line num="1222" count="28" type="stmt"/>
        <line num="1223" count="0" type="stmt"/>
        <line num="1224" count="0" type="stmt"/>
        <line num="1225" count="0" type="cond" truecount="0" falsecount="6"/>
        <line num="1226" count="0" type="cond" truecount="0" falsecount="6"/>
        <line num="1229" count="0" type="cond" truecount="0" falsecount="2"/>
        <line num="1230" count="0" type="stmt"/>
        <line num="1231" count="0" type="stmt"/>
        <line num="1234" count="0" type="stmt"/>
        <line num="1236" count="0" type="stmt"/>
        <line num="1238" count="0" type="stmt"/>
        <line num="1239" count="0" type="cond" truecount="0" falsecount="2"/>
        <line num="1250" count="28" type="stmt"/>
        <line num="1251" count="5" type="stmt"/>
        <line num="1252" count="5" type="cond" truecount="1" falsecount="1"/>
        <line num="1254" count="5" type="cond" truecount="2" falsecount="0"/>
        <line num="1255" count="2" type="stmt"/>
        <line num="1256" count="2" type="stmt"/>
        <line num="1259" count="3" type="stmt"/>
        <line num="1261" count="3" type="stmt"/>
        <line num="1263" count="1" type="stmt"/>
        <line num="1264" count="1" type="stmt"/>
        <line num="1275" count="28" type="stmt"/>
        <line num="1276" count="4" type="stmt"/>
        <line num="1277" count="4" type="cond" truecount="3" falsecount="0"/>
        <line num="1279" count="4" type="cond" truecount="2" falsecount="0"/>
        <line num="1280" count="2" type="stmt"/>
        <line num="1281" count="2" type="stmt"/>
        <line num="1284" count="2" type="stmt"/>
        <line num="1286" count="2" type="stmt"/>
        <line num="1288" count="0" type="stmt"/>
        <line num="1289" count="0" type="stmt"/>
        <line num="1305" count="28" type="stmt"/>
        <line num="1306" count="0" type="stmt"/>
        <line num="1307" count="0" type="stmt"/>
        <line num="1309" count="0" type="cond" truecount="0" falsecount="9"/>
        <line num="1311" count="0" type="stmt"/>
        <line num="1312" count="0" type="cond" truecount="0" falsecount="2"/>
        <line num="1313" count="0" type="stmt"/>
        <line num="1314" count="0" type="stmt"/>
        <line num="1317" count="0" type="stmt"/>
        <line num="1318" count="0" type="cond" truecount="0" falsecount="3"/>
        <line num="1319" count="0" type="stmt"/>
        <line num="1320" count="0" type="stmt"/>
        <line num="1323" count="0" type="stmt"/>
        <line num="1325" count="0" type="cond" truecount="0" falsecount="2"/>
        <line num="1326" count="0" type="stmt"/>
        <line num="1328" count="0" type="cond" truecount="0" falsecount="3"/>
        <line num="1329" count="0" type="stmt"/>
        <line num="1331" count="0" type="stmt"/>
        <line num="1334" count="0" type="stmt"/>
        <line num="1337" count="0" type="cond" truecount="0" falsecount="2"/>
        <line num="1338" count="0" type="stmt"/>
        <line num="1340" count="0" type="stmt"/>
        <line num="1343" count="0" type="stmt"/>
        <line num="1346" count="0" type="cond" truecount="0" falsecount="3"/>
        <line num="1347" count="0" type="stmt"/>
        <line num="1349" count="0" type="stmt"/>
        <line num="1352" count="0" type="stmt"/>
        <line num="1356" count="0" type="cond" truecount="0" falsecount="2"/>
        <line num="1357" count="0" type="stmt"/>
        <line num="1359" count="0" type="cond" truecount="0" falsecount="3"/>
        <line num="1360" count="0" type="stmt"/>
        <line num="1362" count="0" type="stmt"/>
        <line num="1365" count="0" type="stmt"/>
        <line num="1368" count="0" type="stmt"/>
        <line num="1371" count="0" type="stmt"/>
        <line num="1374" count="0" type="stmt"/>
        <line num="1377" count="0" type="stmt"/>
        <line num="1380" count="0" type="stmt"/>
        <line num="1391" count="28" type="stmt"/>
        <line num="1392" count="0" type="stmt"/>
        <line num="1393" count="0" type="cond" truecount="0" falsecount="1"/>
        <line num="1395" count="0" type="stmt"/>
        <line num="1397" count="0" type="cond" truecount="0" falsecount="2"/>
        <line num="1398" count="0" type="stmt"/>
        <line num="1399" count="0" type="stmt"/>
        <line num="1403" count="0" type="cond" truecount="0" falsecount="2"/>
        <line num="1404" count="0" type="stmt"/>
        <line num="1405" count="0" type="stmt"/>
        <line num="1408" count="0" type="stmt"/>
        <line num="1412" count="0" type="cond" truecount="0" falsecount="2"/>
        <line num="1416" count="0" type="cond" truecount="0" falsecount="2"/>
        <line num="1417" count="0" type="stmt"/>
        <line num="1419" count="0" type="cond" truecount="0" falsecount="2"/>
        <line num="1429" count="28" type="stmt"/>
        <line num="1430" count="0" type="stmt"/>
        <line num="1431" count="0" type="stmt"/>
        <line num="1434" count="0" type="cond" truecount="0" falsecount="2"/>
        <line num="1435" count="0" type="cond" truecount="0" falsecount="2"/>
        <line num="1436" count="0" type="stmt"/>
        <line num="1437" count="0" type="cond" truecount="0" falsecount="2"/>
        <line num="1438" count="0" type="cond" truecount="0" falsecount="2"/>
        <line num="1439" count="0" type="stmt"/>
        <line num="1440" count="0" type="stmt"/>
        <line num="1444" count="0" type="cond" truecount="0" falsecount="2"/>
        <line num="1445" count="0" type="cond" truecount="0" falsecount="2"/>
        <line num="1446" count="0" type="stmt"/>
        <line num="1447" count="0" type="stmt"/>
        <line num="1448" count="0" type="cond" truecount="0" falsecount="2"/>
        <line num="1449" count="0" type="stmt"/>
        <line num="1450" count="0" type="stmt"/>
        <line num="1454" count="0" type="cond" truecount="0" falsecount="4"/>
        <line num="1455" count="0" type="stmt"/>
        <line num="1456" count="0" type="stmt"/>
        <line num="1459" count="0" type="cond" truecount="0" falsecount="4"/>
        <line num="1460" count="0" type="cond" truecount="0" falsecount="2"/>
        <line num="1461" count="0" type="stmt"/>
        <line num="1462" count="0" type="stmt"/>
        <line num="1465" count="0" type="cond" truecount="0" falsecount="4"/>
        <line num="1466" count="0" type="stmt"/>
        <line num="1467" count="0" type="stmt"/>
        <line num="1471" count="0" type="cond" truecount="0" falsecount="2"/>
        <line num="1472" count="0" type="stmt"/>
        <line num="1476" count="0" type="cond" truecount="0" falsecount="2"/>
        <line num="1477" count="0" type="stmt"/>
        <line num="1482" count="0" type="stmt"/>
        <line num="1485" count="0" type="stmt"/>
        <line num="1498" count="28" type="stmt"/>
        <line num="1499" count="5" type="stmt"/>
        <line num="1500" count="5" type="stmt"/>
        <line num="1502" count="5" type="cond" truecount="4" falsecount="0"/>
        <line num="1503" count="1" type="stmt"/>
        <line num="1504" count="1" type="stmt"/>
        <line num="1508" count="4" type="cond" truecount="2" falsecount="0"/>
        <line num="1509" count="1" type="stmt"/>
        <line num="1510" count="1" type="stmt"/>
        <line num="1513" count="3" type="stmt"/>
        <line num="1516" count="6" type="stmt"/>
        <line num="1523" count="1" type="stmt"/>
        <line num="1524" count="1" type="stmt"/>
        <line num="1537" count="28" type="stmt"/>
        <line num="1538" count="2" type="stmt"/>
        <line num="1539" count="2" type="stmt"/>
        <line num="1541" count="2" type="cond" truecount="4" falsecount="0"/>
        <line num="1542" count="1" type="stmt"/>
        <line num="1543" count="1" type="stmt"/>
        <line num="1547" count="1" type="cond" truecount="1" falsecount="1"/>
        <line num="1548" count="0" type="stmt"/>
        <line num="1550" count="0" type="stmt"/>
        <line num="1551" count="0" type="stmt"/>
        <line num="1554" count="1" type="stmt"/>
        <line num="1557" count="2" type="stmt"/>
        <line num="1566" count="0" type="stmt"/>
        <line num="1568" count="0" type="stmt"/>
        <line num="1569" count="0" type="stmt"/>
        <line num="1580" count="28" type="stmt"/>
        <line num="1581" count="2" type="cond" truecount="1" falsecount="1"/>
        <line num="1584" count="2" type="cond" truecount="1" falsecount="1"/>
        <line num="1585" count="0" type="stmt"/>
        <line num="1586" count="0" type="cond" truecount="0" falsecount="2"/>
        <line num="1587" count="0" type="cond" truecount="0" falsecount="2"/>
        <line num="1588" count="0" type="stmt"/>
        <line num="1591" count="2" type="cond" truecount="1" falsecount="1"/>
        <line num="1592" count="0" type="stmt"/>
        <line num="1593" count="0" type="cond" truecount="0" falsecount="2"/>
        <line num="1594" count="0" type="cond" truecount="0" falsecount="2"/>
        <line num="1595" count="0" type="stmt"/>
        <line num="1596" count="0" type="stmt"/>
        <line num="1600" count="2" type="cond" truecount="1" falsecount="1"/>
        <line num="1601" count="2" type="stmt"/>
        <line num="1602" count="2" type="stmt"/>
        <line num="1603" count="2" type="stmt"/>
        <line num="1606" count="0" type="cond" truecount="0" falsecount="2"/>
        <line num="1607" count="0" type="stmt"/>
        <line num="1608" count="0" type="cond" truecount="0" falsecount="2"/>
        <line num="1609" count="0" type="stmt"/>
        <line num="1612" count="0" type="cond" truecount="0" falsecount="2"/>
        <line num="1613" count="0" type="stmt"/>
        <line num="1614" count="0" type="stmt"/>
        <line num="1615" count="0" type="stmt"/>
        <line num="1619" count="0" type="cond" truecount="0" falsecount="2"/>
        <line num="1620" count="0" type="stmt"/>
        <line num="1624" count="0" type="stmt"/>
        <line num="1635" count="28" type="stmt"/>
        <line num="1637" count="2" type="stmt"/>
        <line num="1643" count="28" type="stmt"/>
        <line num="1644" count="2" type="stmt"/>
        <line num="1645" count="2" type="stmt"/>
        <line num="1651" count="28" type="stmt"/>
        <line num="1652" count="0" type="stmt"/>
        <line num="1653" count="0" type="cond" truecount="0" falsecount="3"/>
        <line num="1655" count="0" type="cond" truecount="0" falsecount="2"/>
        <line num="1656" count="0" type="stmt"/>
        <line num="1657" count="0" type="stmt"/>
        <line num="1660" count="0" type="stmt"/>
        <line num="1662" count="0" type="stmt"/>
        <line num="1664" count="0" type="stmt"/>
        <line num="1665" count="0" type="cond" truecount="0" falsecount="2"/>
        <line num="1676" count="28" type="stmt"/>
        <line num="1677" count="3" type="stmt"/>
        <line num="1678" count="3" type="stmt"/>
        <line num="1685" count="28" type="stmt"/>
        <line num="1686" count="1" type="stmt"/>
        <line num="1687" count="1" type="stmt"/>
        <line num="1697" count="28" type="stmt"/>
        <line num="1698" count="3" type="stmt"/>
        <line num="1699" count="3" type="stmt"/>
        <line num="1705" count="28" type="stmt"/>
        <line num="1706" count="18" type="cond" truecount="2" falsecount="0"/>
        <line num="1707" count="6" type="cond" truecount="2" falsecount="0"/>
        <line num="1708" count="2" type="stmt"/>
        <line num="1709" count="2" type="stmt"/>
        <line num="1711" count="4" type="stmt"/>
        <line num="1712" count="4" type="stmt"/>
        <line num="1718" count="28" type="stmt"/>
        <line num="1719" count="6" type="cond" truecount="2" falsecount="0"/>
        <line num="1720" count="2" type="cond" truecount="2" falsecount="0"/>
        <line num="1721" count="1" type="stmt"/>
        <line num="1722" count="1" type="stmt"/>
        <line num="1724" count="1" type="stmt"/>
        <line num="1725" count="1" type="stmt"/>
        <line num="1731" count="28" type="stmt"/>
        <line num="1732" count="1" type="stmt"/>
        <line num="1733" count="1" type="stmt"/>
        <line num="1740" count="28" type="stmt"/>
        <line num="1741" count="0" type="stmt"/>
        <line num="1742" count="0" type="cond" truecount="0" falsecount="3"/>
        <line num="1744" count="0" type="cond" truecount="0" falsecount="2"/>
        <line num="1745" count="0" type="stmt"/>
        <line num="1746" count="0" type="stmt"/>
        <line num="1749" count="0" type="stmt"/>
        <line num="1751" count="0" type="stmt"/>
        <line num="1753" count="0" type="stmt"/>
        <line num="1754" count="0" type="cond" truecount="0" falsecount="2"/>
        <line num="1766" count="28" type="cond" truecount="1" falsecount="0"/>
        <line num="1767" count="3" type="stmt"/>
        <line num="1768" count="9" type="cond" truecount="3" falsecount="0"/>
        <line num="1770" count="3" type="cond" truecount="2" falsecount="0"/>
        <line num="1771" count="1" type="stmt"/>
        <line num="1772" count="1" type="stmt"/>
        <line num="1775" count="2" type="stmt"/>
        <line num="1777" count="4" type="stmt"/>
        <line num="1779" count="1" type="stmt"/>
        <line num="1780" count="1" type="cond" truecount="2" falsecount="0"/>
        <line num="1790" count="28" type="stmt"/>
        <line num="1791" count="3" type="stmt"/>
        <line num="1792" count="3" type="stmt"/>
        <line num="1793" count="9" type="cond" truecount="3" falsecount="0"/>
        <line num="1794" count="9" type="cond" truecount="3" falsecount="0"/>
        <line num="1797" count="3" type="cond" truecount="2" falsecount="0"/>
        <line num="1798" count="1" type="stmt"/>
        <line num="1799" count="1" type="stmt"/>
        <line num="1802" count="2" type="stmt"/>
        <line num="1804" count="4" type="stmt"/>
        <line num="1807" count="1" type="stmt"/>
        <line num="1808" count="1" type="cond" truecount="2" falsecount="0"/>
        <line num="1819" count="28" type="stmt"/>
        <line num="1820" count="3" type="stmt"/>
        <line num="1821" count="3" type="cond" truecount="2" falsecount="0"/>
        <line num="1822" count="3" type="stmt"/>
        <line num="1823" count="9" type="cond" truecount="3" falsecount="1"/>
        <line num="1824" count="9" type="cond" truecount="3" falsecount="1"/>
        <line num="1827" count="3" type="cond" truecount="2" falsecount="0"/>
        <line num="1828" count="1" type="stmt"/>
        <line num="1829" count="1" type="stmt"/>
        <line num="1832" count="2" type="stmt"/>
        <line num="1834" count="4" type="stmt"/>
        <line num="1836" count="1" type="stmt"/>
        <line num="1837" count="1" type="cond" truecount="2" falsecount="0"/>
        <line num="1849" count="28" type="stmt"/>
        <line num="1850" count="3" type="stmt"/>
        <line num="1851" count="3" type="cond" truecount="2" falsecount="0"/>
        <line num="1852" count="3" type="stmt"/>
        <line num="1853" count="9" type="cond" truecount="3" falsecount="0"/>
        <line num="1854" count="9" type="cond" truecount="3" falsecount="0"/>
        <line num="1857" count="3" type="cond" truecount="2" falsecount="0"/>
        <line num="1858" count="1" type="stmt"/>
        <line num="1859" count="1" type="stmt"/>
        <line num="1862" count="2" type="stmt"/>
        <line num="1864" count="4" type="stmt"/>
        <line num="1866" count="1" type="stmt"/>
        <line num="1867" count="1" type="cond" truecount="2" falsecount="0"/>
        <line num="1878" count="28" type="stmt"/>
        <line num="1879" count="3" type="stmt"/>
        <line num="1880" count="3" type="stmt"/>
        <line num="1881" count="9" type="cond" truecount="3" falsecount="0"/>
        <line num="1882" count="9" type="cond" truecount="3" falsecount="0"/>
        <line num="1885" count="3" type="cond" truecount="2" falsecount="0"/>
        <line num="1886" count="1" type="stmt"/>
        <line num="1887" count="1" type="stmt"/>
        <line num="1890" count="2" type="stmt"/>
        <line num="1892" count="4" type="stmt"/>
        <line num="1894" count="1" type="stmt"/>
        <line num="1895" count="1" type="cond" truecount="2" falsecount="0"/>
        <line num="1906" count="28" type="cond" truecount="1" falsecount="0"/>
        <line num="1907" count="1" type="stmt"/>
        <line num="1908" count="3" type="cond" truecount="3" falsecount="0"/>
        <line num="1910" count="1" type="cond" truecount="1" falsecount="1"/>
        <line num="1911" count="0" type="stmt"/>
        <line num="1912" count="0" type="stmt"/>
        <line num="1915" count="1" type="stmt"/>
        <line num="1917" count="1" type="stmt"/>
        <line num="1919" count="0" type="stmt"/>
        <line num="1920" count="0" type="stmt"/>
        <line num="1921" count="0" type="cond" truecount="0" falsecount="2"/>
        <line num="1923" count="0" type="stmt"/>
        <line num="1926" count="0" type="cond" truecount="0" falsecount="2"/>
        <line num="1927" count="0" type="stmt"/>
        <line num="1929" count="0" type="stmt"/>
        <line num="1945" count="28" type="stmt"/>
        <line num="1946" count="1" type="stmt"/>
        <line num="1947" count="1" type="stmt"/>
        <line num="1949" count="1" type="cond" truecount="1" falsecount="1"/>
        <line num="1950" count="0" type="stmt"/>
        <line num="1951" count="0" type="stmt"/>
        <line num="1954" count="1" type="stmt"/>
        <line num="1955" count="1" type="stmt"/>
        <line num="1963" count="28" type="stmt"/>
        <line num="1964" count="0" type="stmt"/>
        <line num="1965" count="0" type="stmt"/>
        <line num="1976" count="28" type="stmt"/>
        <line num="1977" count="2" type="stmt"/>
        <line num="1978" count="2" type="stmt"/>
        <line num="1987" count="28" type="stmt"/>
        <line num="1988" count="0" type="stmt"/>
        <line num="1989" count="0" type="stmt"/>
        <line num="1991" count="0" type="cond" truecount="0" falsecount="2"/>
        <line num="1992" count="0" type="stmt"/>
        <line num="1993" count="0" type="stmt"/>
        <line num="1996" count="0" type="stmt"/>
        <line num="1997" count="0" type="stmt"/>
        <line num="2003" count="28" type="stmt"/>
        <line num="2004" count="5" type="stmt"/>
        <line num="2005" count="5" type="stmt"/>
        <line num="2007" count="5" type="cond" truecount="2" falsecount="0"/>
        <line num="2008" count="2" type="stmt"/>
        <line num="2009" count="2" type="stmt"/>
        <line num="2012" count="3" type="stmt"/>
        <line num="2013" count="3" type="stmt"/>
        <line num="2023" count="28" type="stmt"/>
        <line num="2024" count="2" type="stmt"/>
        <line num="2025" count="2" type="stmt"/>
        <line num="2034" count="28" type="stmt"/>
        <line num="2035" count="5" type="stmt"/>
        <line num="2036" count="5" type="stmt"/>
        <line num="2044" count="28" type="stmt"/>
        <line num="2045" count="0" type="stmt"/>
        <line num="2046" count="0" type="cond" truecount="0" falsecount="2"/>
        <line num="2047" count="0" type="stmt"/>
        <line num="2049" count="0" type="cond" truecount="0" falsecount="4"/>
        <line num="2050" count="0" type="stmt"/>
        <line num="2051" count="0" type="stmt"/>
        <line num="2054" count="0" type="stmt"/>
        <line num="2057" count="0" type="stmt"/>
        <line num="2058" count="0" type="stmt"/>
        <line num="2070" count="28" type="cond" truecount="0" falsecount="1"/>
        <line num="2071" count="0" type="stmt"/>
        <line num="2073" count="0" type="cond" truecount="0" falsecount="4"/>
        <line num="2074" count="0" type="cond" truecount="0" falsecount="2"/>
        <line num="2075" count="0" type="stmt"/>
        <line num="2077" count="0" type="stmt"/>
        <line num="2080" count="0" type="stmt"/>
        <line num="2083" count="0" type="stmt"/>
        <line num="2084" count="0" type="stmt"/>
        <line num="2095" count="28" type="stmt"/>
        <line num="2096" count="2" type="stmt"/>
        <line num="2097" count="2" type="stmt"/>
        <line num="2105" count="28" type="stmt"/>
        <line num="2106" count="2" type="stmt"/>
        <line num="2107" count="6" type="cond" truecount="3" falsecount="0"/>
        <line num="2109" count="2" type="cond" truecount="2" falsecount="0"/>
        <line num="2110" count="1" type="stmt"/>
        <line num="2111" count="1" type="stmt"/>
        <line num="2114" count="1" type="stmt"/>
        <line num="2118" count="1" type="stmt"/>
        <line num="2120" count="0" type="cond" truecount="0" falsecount="2"/>
        <line num="2132" count="28" type="stmt"/>
        <line num="2133" count="1" type="stmt"/>
        <line num="2134" count="1" type="stmt"/>
        <line num="2147" count="28" type="cond" truecount="1" falsecount="0"/>
        <line num="2148" count="2" type="stmt"/>
        <line num="2149" count="2" type="stmt"/>
        <line num="2150" count="2" type="stmt"/>
        <line num="2156" count="28" type="stmt"/>
        <line num="2157" count="1" type="stmt"/>
        <line num="2158" count="3" type="cond" truecount="2" falsecount="0"/>
        <line num="2160" count="1" type="stmt"/>
        <line num="2161" count="1" type="stmt"/>
        <line num="2172" count="28" type="stmt"/>
        <line num="2173" count="0" type="stmt"/>
        <line num="2174" count="0" type="stmt"/>
        <line num="2175" count="0" type="cond" truecount="0" falsecount="3"/>
        <line num="2176" count="0" type="cond" truecount="0" falsecount="3"/>
        <line num="2178" count="0" type="stmt"/>
        <line num="2179" count="0" type="stmt"/>
        <line num="2183" count="0" type="stmt"/>
        <line num="2189" count="0" type="cond" truecount="0" falsecount="2"/>
        <line num="2190" count="0" type="stmt"/>
        <line num="2191" count="0" type="stmt"/>
        <line num="2193" count="0" type="cond" truecount="0" falsecount="2"/>
        <line num="2209" count="28" type="stmt"/>
        <line num="2210" count="0" type="stmt"/>
        <line num="2211" count="0" type="stmt"/>
        <line num="2221" count="28" type="stmt"/>
        <line num="2222" count="0" type="stmt"/>
        <line num="2223" count="0" type="cond" truecount="0" falsecount="2"/>
        <line num="2225" count="0" type="cond" truecount="0" falsecount="2"/>
        <line num="2226" count="0" type="stmt"/>
        <line num="2227" count="0" type="stmt"/>
        <line num="2230" count="0" type="stmt"/>
        <line num="2232" count="0" type="stmt"/>
        <line num="2235" count="0" type="cond" truecount="0" falsecount="2"/>
        <line num="2236" count="0" type="stmt"/>
        <line num="2239" count="0" type="stmt"/>
        <line num="2240" count="0" type="cond" truecount="0" falsecount="3"/>
        <line num="2243" count="0" type="cond" truecount="0" falsecount="2"/>
        <line num="2244" count="0" type="stmt"/>
        <line num="2245" count="0" type="stmt"/>
        <line num="2248" count="0" type="stmt"/>
        <line num="2252" count="0" type="stmt"/>
        <line num="2254" count="0" type="stmt"/>
        <line num="2268" count="28" type="stmt"/>
        <line num="2269" count="4" type="stmt"/>
        <line num="2270" count="12" type="cond" truecount="3" falsecount="0"/>
        <line num="2272" count="4" type="cond" truecount="2" falsecount="0"/>
        <line num="2273" count="1" type="stmt"/>
        <line num="2274" count="1" type="stmt"/>
        <line num="2277" count="3" type="stmt"/>
        <line num="2279" count="3" type="stmt"/>
        <line num="2281" count="2" type="cond" truecount="2" falsecount="0"/>
        <line num="2290" count="28" type="stmt"/>
        <line num="2291" count="18" type="cond" truecount="2" falsecount="0"/>
        <line num="2292" count="6" type="cond" truecount="2" falsecount="0"/>
        <line num="2293" count="1" type="stmt"/>
        <line num="2294" count="1" type="stmt"/>
        <line num="2296" count="5" type="stmt"/>
        <line num="2297" count="5" type="stmt"/>
        <line num="2303" count="28" type="stmt"/>
        <line num="2304" count="9" type="cond" truecount="2" falsecount="0"/>
        <line num="2305" count="3" type="cond" truecount="2" falsecount="0"/>
        <line num="2306" count="1" type="stmt"/>
        <line num="2307" count="1" type="stmt"/>
        <line num="2309" count="2" type="stmt"/>
        <line num="2310" count="2" type="stmt"/>
        <line num="2317" count="28" type="stmt"/>
        <line num="2318" count="3" type="cond" truecount="2" falsecount="0"/>
        <line num="2319" count="1" type="stmt"/>
        <line num="2320" count="1" type="stmt"/>
        <line num="2329" count="28" type="stmt"/>
        <line num="2330" count="3" type="cond" truecount="2" falsecount="0"/>
        <line num="2331" count="1" type="stmt"/>
        <line num="2332" count="1" type="stmt"/>
        <line num="2341" count="28" type="stmt"/>
        <line num="2342" count="3" type="cond" truecount="2" falsecount="0"/>
        <line num="2343" count="1" type="stmt"/>
        <line num="2344" count="1" type="stmt"/>
        <line num="2354" count="28" type="stmt"/>
        <line num="2355" count="3" type="stmt"/>
        <line num="2356" count="3" type="cond" truecount="2" falsecount="0"/>
        <line num="2358" count="3" type="cond" truecount="2" falsecount="0"/>
        <line num="2359" count="1" type="stmt"/>
        <line num="2360" count="1" type="stmt"/>
        <line num="2363" count="2" type="stmt"/>
        <line num="2365" count="2" type="stmt"/>
        <line num="2367" count="1" type="stmt"/>
        <line num="2377" count="28" type="stmt"/>
        <line num="2378" count="3" type="stmt"/>
        <line num="2379" count="3" type="cond" truecount="2" falsecount="0"/>
        <line num="2381" count="3" type="cond" truecount="2" falsecount="0"/>
        <line num="2382" count="1" type="stmt"/>
        <line num="2383" count="1" type="stmt"/>
        <line num="2386" count="2" type="stmt"/>
        <line num="2388" count="2" type="stmt"/>
        <line num="2390" count="1" type="stmt"/>
        <line num="2400" count="28" type="stmt"/>
        <line num="2401" count="0" type="stmt"/>
        <line num="2402" count="0" type="stmt"/>
        <line num="2403" count="0" type="cond" truecount="0" falsecount="2"/>
        <line num="2404" count="0" type="cond" truecount="0" falsecount="3"/>
        <line num="2407" count="0" type="cond" truecount="0" falsecount="2"/>
        <line num="2408" count="0" type="stmt"/>
        <line num="2409" count="0" type="stmt"/>
        <line num="2412" count="0" type="stmt"/>
        <line num="2414" count="0" type="stmt"/>
        <line num="2417" count="0" type="stmt"/>
        <line num="2418" count="0" type="cond" truecount="0" falsecount="2"/>
        <line num="2420" count="0" type="stmt"/>
        <line num="2421" count="0" type="stmt"/>
        <line num="2432" count="28" type="stmt"/>
        <line num="2433" count="0" type="stmt"/>
        <line num="2434" count="0" type="stmt"/>
        <line num="2436" count="0" type="cond" truecount="0" falsecount="2"/>
        <line num="2437" count="0" type="stmt"/>
        <line num="2438" count="0" type="stmt"/>
        <line num="2442" count="0" type="cond" truecount="0" falsecount="2"/>
        <line num="2443" count="0" type="stmt"/>
        <line num="2446" count="0" type="stmt"/>
        <line num="2447" count="0" type="stmt"/>
        <line num="2453" count="28" type="stmt"/>
        <line num="2454" count="0" type="stmt"/>
        <line num="2455" count="0" type="cond" truecount="0" falsecount="2"/>
        <line num="2457" count="0" type="cond" truecount="0" falsecount="2"/>
        <line num="2458" count="0" type="stmt"/>
        <line num="2459" count="0" type="stmt"/>
        <line num="2462" count="0" type="stmt"/>
        <line num="2464" count="0" type="stmt"/>
        <line num="2466" count="0" type="stmt"/>
        <line num="2475" count="28" type="stmt"/>
        <line num="2476" count="2" type="stmt"/>
        <line num="2478" count="2" type="cond" truecount="2" falsecount="0"/>
        <line num="2479" count="1" type="stmt"/>
        <line num="2480" count="1" type="stmt"/>
        <line num="2483" count="1" type="stmt"/>
        <line num="2484" count="1" type="stmt"/>
        <line num="2490" count="28" type="stmt"/>
        <line num="2491" count="4" type="stmt"/>
        <line num="2492" count="4" type="cond" truecount="2" falsecount="0"/>
        <line num="2494" count="4" type="cond" truecount="2" falsecount="0"/>
        <line num="2495" count="1" type="stmt"/>
        <line num="2496" count="1" type="stmt"/>
        <line num="2499" count="3" type="stmt"/>
        <line num="2501" count="3" type="stmt"/>
        <line num="2503" count="2" type="stmt"/>
        <line num="2513" count="28" type="stmt"/>
        <line num="2514" count="3" type="stmt"/>
        <line num="2515" count="3" type="cond" truecount="1" falsecount="1"/>
        <line num="2516" count="9" type="cond" truecount="3" falsecount="0"/>
        <line num="2518" count="3" type="cond" truecount="2" falsecount="0"/>
        <line num="2519" count="1" type="stmt"/>
        <line num="2520" count="1" type="stmt"/>
        <line num="2523" count="2" type="stmt"/>
        <line num="2527" count="2" type="stmt"/>
        <line num="2529" count="1" type="cond" truecount="2" falsecount="0"/>
        <line num="2540" count="28" type="stmt"/>
        <line num="2541" count="3" type="stmt"/>
        <line num="2542" count="3" type="cond" truecount="1" falsecount="1"/>
        <line num="2543" count="9" type="cond" truecount="3" falsecount="0"/>
        <line num="2545" count="3" type="cond" truecount="2" falsecount="0"/>
        <line num="2546" count="1" type="stmt"/>
        <line num="2547" count="1" type="stmt"/>
        <line num="2550" count="2" type="stmt"/>
        <line num="2554" count="2" type="stmt"/>
        <line num="2556" count="1" type="cond" truecount="2" falsecount="0"/>
        <line num="2566" count="28" type="stmt"/>
        <line num="2567" count="0" type="stmt"/>
        <line num="2569" count="0" type="cond" truecount="0" falsecount="2"/>
        <line num="2570" count="0" type="stmt"/>
        <line num="2571" count="0" type="stmt"/>
        <line num="2574" count="0" type="stmt"/>
        <line num="2575" count="0" type="stmt"/>
        <line num="2581" count="28" type="stmt"/>
        <line num="2582" count="0" type="stmt"/>
        <line num="2583" count="0" type="cond" truecount="0" falsecount="4"/>
        <line num="2585" count="0" type="stmt"/>
        <line num="2589" count="0" type="cond" truecount="0" falsecount="2"/>
        <line num="2591" count="0" type="cond" truecount="0" falsecount="2"/>
        <line num="2592" count="0" type="stmt"/>
        <line num="2593" count="0" type="stmt"/>
        <line num="2595" count="0" type="cond" truecount="0" falsecount="2"/>
        <line num="2607" count="28" type="stmt"/>
        <line num="2608" count="2" type="stmt"/>
        <line num="2610" count="2" type="stmt"/>
        <line num="2614" count="1" type="stmt"/>
        <line num="2616" count="1" type="stmt"/>
        <line num="2626" count="28" type="stmt"/>
        <line num="2627" count="0" type="stmt"/>
        <line num="2628" count="0" type="cond" truecount="0" falsecount="3"/>
        <line num="2630" count="0" type="cond" truecount="0" falsecount="2"/>
        <line num="2631" count="0" type="stmt"/>
        <line num="2632" count="0" type="stmt"/>
        <line num="2635" count="0" type="stmt"/>
        <line num="2637" count="0" type="stmt"/>
        <line num="2639" count="0" type="cond" truecount="0" falsecount="2"/>
        <line num="2649" count="28" type="stmt"/>
        <line num="2650" count="2" type="stmt"/>
        <line num="2651" count="2" type="stmt"/>
        <line num="2653" count="2" type="cond" truecount="4" falsecount="0"/>
        <line num="2654" count="1" type="stmt"/>
        <line num="2655" count="1" type="stmt"/>
        <line num="2658" count="1" type="stmt"/>
        <line num="2661" count="1" type="stmt"/>
        <line num="2675" count="28" type="stmt"/>
        <line num="2676" count="1" type="stmt"/>
        <line num="2677" count="1" type="stmt"/>
        <line num="2686" count="28" type="stmt"/>
        <line num="2687" count="2" type="stmt"/>
        <line num="2689" count="2" type="stmt"/>
        <line num="2693" count="1" type="stmt"/>
        <line num="2695" count="1" type="stmt"/>
        <line num="2705" count="28" type="stmt"/>
        <line num="2706" count="3" type="stmt"/>
        <line num="2708" count="3" type="stmt"/>
        <line num="2711" count="2" type="stmt"/>
        <line num="2714" count="2" type="cond" truecount="1" falsecount="1"/>
        <line num="2715" count="2" type="cond" truecount="2" falsecount="0"/>
        <line num="2716" count="1" type="stmt"/>
        <line num="2717" count="1" type="stmt"/>
        <line num="2719" count="1" type="stmt"/>
        <line num="2723" count="0" type="stmt"/>
        <line num="2725" count="0" type="stmt"/>
        <line num="2739" count="28" type="stmt"/>
        <line num="2741" count="2" type="stmt"/>
        <line num="2742" count="6" type="cond" truecount="3" falsecount="0"/>
        <line num="2743" count="6" type="cond" truecount="2" falsecount="0"/>
        <line num="2745" count="2" type="stmt"/>
        <line num="2746" count="2" type="stmt"/>
        <line num="2757" count="28" type="stmt"/>
        <line num="2758" count="1" type="stmt"/>
        <line num="2759" count="1" type="stmt"/>
        <line num="2769" count="28" type="stmt"/>
        <line num="2770" count="3" type="cond" truecount="3" falsecount="0"/>
        <line num="2771" count="1" type="stmt"/>
        <line num="2772" count="1" type="stmt"/>
        <line num="2781" count="28" type="stmt"/>
        <line num="2782" count="6" type="stmt"/>
        <line num="2783" count="6" type="cond" truecount="2" falsecount="0"/>
        <line num="2785" count="6" type="cond" truecount="2" falsecount="0"/>
        <line num="2786" count="1" type="stmt"/>
        <line num="2787" count="1" type="stmt"/>
        <line num="2790" count="5" type="stmt"/>
        <line num="2792" count="5" type="stmt"/>
        <line num="2795" count="1" type="stmt"/>
        <line num="2796" count="1" type="stmt"/>
        <line num="2804" count="28" type="stmt"/>
        <line num="2805" count="3" type="stmt"/>
        <line num="2806" count="3" type="stmt"/>
        <line num="2807" count="9" type="cond" truecount="3" falsecount="0"/>
        <line num="2808" count="9" type="cond" truecount="3" falsecount="0"/>
        <line num="2811" count="3" type="cond" truecount="2" falsecount="0"/>
        <line num="2812" count="1" type="stmt"/>
        <line num="2813" count="1" type="stmt"/>
        <line num="2816" count="2" type="stmt"/>
        <line num="2818" count="2" type="stmt"/>
        <line num="2821" count="1" type="stmt"/>
        <line num="2822" count="1" type="stmt"/>
        <line num="2830" count="28" type="stmt"/>
        <line num="2831" count="3" type="stmt"/>
        <line num="2832" count="3" type="stmt"/>
        <line num="2833" count="9" type="cond" truecount="3" falsecount="0"/>
        <line num="2834" count="9" type="cond" truecount="3" falsecount="0"/>
        <line num="2837" count="3" type="cond" truecount="2" falsecount="0"/>
        <line num="2838" count="1" type="stmt"/>
        <line num="2839" count="1" type="stmt"/>
        <line num="2842" count="2" type="stmt"/>
        <line num="2844" count="2" type="stmt"/>
        <line num="2847" count="1" type="stmt"/>
        <line num="2848" count="1" type="stmt"/>
        <line num="2856" count="28" type="stmt"/>
        <line num="2857" count="3" type="stmt"/>
        <line num="2858" count="3" type="cond" truecount="2" falsecount="0"/>
        <line num="2860" count="3" type="cond" truecount="2" falsecount="0"/>
        <line num="2861" count="1" type="stmt"/>
        <line num="2862" count="1" type="stmt"/>
        <line num="2865" count="2" type="stmt"/>
        <line num="2867" count="2" type="stmt"/>
        <line num="2870" count="1" type="stmt"/>
        <line num="2871" count="1" type="stmt"/>
        <line num="2881" count="28" type="stmt"/>
        <line num="2882" count="3" type="stmt"/>
        <line num="2883" count="3" type="cond" truecount="1" falsecount="1"/>
        <line num="2884" count="3" type="stmt"/>
        <line num="2885" count="9" type="cond" truecount="2" falsecount="0"/>
        <line num="2886" count="9" type="cond" truecount="1" falsecount="2"/>
        <line num="2889" count="3" type="stmt"/>
        <line num="2894" count="3" type="cond" truecount="1" falsecount="1"/>
        <line num="2897" count="2" type="cond" truecount="2" falsecount="0"/>
        <line num="2898" count="1" type="stmt"/>
        <line num="2899" count="1" type="stmt"/>
        <line num="2908" count="28" type="stmt"/>
        <line num="2909" count="0" type="stmt"/>
        <line num="2910" count="0" type="cond" truecount="0" falsecount="4"/>
        <line num="2912" count="0" type="stmt"/>
        <line num="2916" count="0" type="cond" truecount="0" falsecount="2"/>
        <line num="2918" count="0" type="cond" truecount="0" falsecount="2"/>
        <line num="2919" count="0" type="stmt"/>
        <line num="2920" count="0" type="stmt"/>
        <line num="2922" count="0" type="cond" truecount="0" falsecount="2"/>
        <line num="2933" count="28" type="stmt"/>
        <line num="2934" count="2" type="stmt"/>
        <line num="2935" count="2" type="cond" truecount="2" falsecount="0"/>
        <line num="2937" count="2" type="cond" truecount="2" falsecount="0"/>
        <line num="2939" count="1" type="stmt"/>
        <line num="2942" count="1" type="stmt"/>
        <line num="2944" count="0" type="stmt"/>
        <line num="2951" count="1" type="stmt"/>
        <line num="2953" count="1" type="stmt"/>
        <line num="2955" count="0" type="stmt"/>
        <line num="2959" count="0" type="stmt"/>
        <line num="2961" count="0" type="stmt"/>
        <line num="2972" count="28" type="stmt"/>
        <line num="2973" count="0" type="stmt"/>
        <line num="2974" count="0" type="cond" truecount="0" falsecount="3"/>
        <line num="2976" count="0" type="cond" truecount="0" falsecount="2"/>
        <line num="2977" count="0" type="stmt"/>
        <line num="2978" count="0" type="stmt"/>
        <line num="2981" count="0" type="stmt"/>
        <line num="2983" count="0" type="stmt"/>
        <line num="2985" count="0" type="cond" truecount="0" falsecount="2"/>
        <line num="2996" count="28" type="stmt"/>
        <line num="2997" count="2" type="cond" truecount="2" falsecount="0"/>
        <line num="2998" count="2" type="stmt"/>
        <line num="2999" count="2" type="stmt"/>
        <line num="3009" count="28" type="stmt"/>
        <line num="3011" count="1" type="stmt"/>
        <line num="3012" count="3" type="cond" truecount="3" falsecount="0"/>
        <line num="3013" count="3" type="cond" truecount="2" falsecount="0"/>
        <line num="3015" count="1" type="stmt"/>
        <line num="3016" count="1" type="stmt"/>
        <line num="3027" count="28" type="stmt"/>
        <line num="3028" count="0" type="stmt"/>
        <line num="3029" count="0" type="cond" truecount="0" falsecount="3"/>
        <line num="3031" count="0" type="cond" truecount="0" falsecount="2"/>
        <line num="3032" count="0" type="stmt"/>
        <line num="3033" count="0" type="stmt"/>
        <line num="3036" count="0" type="stmt"/>
        <line num="3040" count="0" type="stmt"/>
        <line num="3043" count="0" type="stmt"/>
        <line num="3044" count="0" type="stmt"/>
        <line num="3054" count="28" type="stmt"/>
        <line num="3055" count="2" type="stmt"/>
        <line num="3056" count="2" type="stmt"/>
        <line num="3063" count="28" type="stmt"/>
        <line num="3064" count="4" type="cond" truecount="2" falsecount="0"/>
        <line num="3065" count="2" type="stmt"/>
        <line num="3066" count="2" type="stmt"/>
        <line num="3068" count="2" type="stmt"/>
        <line num="3069" count="2" type="stmt"/>
        <line num="3075" count="28" type="stmt"/>
        <line num="3076" count="4" type="cond" truecount="2" falsecount="0"/>
        <line num="3077" count="2" type="stmt"/>
        <line num="3078" count="2" type="stmt"/>
        <line num="3084" count="28" type="stmt"/>
        <line num="3085" count="4" type="cond" truecount="2" falsecount="0"/>
        <line num="3086" count="2" type="stmt"/>
        <line num="3087" count="2" type="stmt"/>
        <line num="3094" count="28" type="stmt"/>
        <line num="3095" count="9" type="cond" truecount="2" falsecount="0"/>
        <line num="3096" count="3" type="cond" truecount="2" falsecount="0"/>
        <line num="3097" count="1" type="stmt"/>
        <line num="3098" count="1" type="stmt"/>
        <line num="3100" count="2" type="stmt"/>
        <line num="3101" count="2" type="stmt"/>
        <line num="3107" count="28" type="stmt"/>
        <line num="3108" count="0" type="stmt"/>
        <line num="3109" count="0" type="cond" truecount="0" falsecount="4"/>
        <line num="3111" count="0" type="cond" truecount="0" falsecount="2"/>
        <line num="3112" count="0" type="stmt"/>
        <line num="3113" count="0" type="stmt"/>
        <line num="3116" count="0" type="stmt"/>
        <line num="3118" count="0" type="stmt"/>
        <line num="3120" count="0" type="stmt"/>
        <line num="3121" count="0" type="cond" truecount="0" falsecount="2"/>
        <line num="3123" count="0" type="stmt"/>
        <line num="3124" count="0" type="stmt"/>
        <line num="3133" count="28" type="stmt"/>
        <line num="3134" count="2" type="stmt"/>
        <line num="3136" count="2" type="stmt"/>
        <line num="3140" count="1" type="stmt"/>
        <line num="3142" count="1" type="stmt"/>
        <line num="3152" count="28" type="stmt"/>
        <line num="3153" count="0" type="stmt"/>
        <line num="3155" count="0" type="cond" truecount="0" falsecount="2"/>
        <line num="3156" count="0" type="stmt"/>
        <line num="3157" count="0" type="stmt"/>
        <line num="3160" count="0" type="stmt"/>
        <line num="3162" count="0" type="stmt"/>
        <line num="3165" count="0" type="cond" truecount="0" falsecount="3"/>
        <line num="3167" count="0" type="stmt"/>
        <line num="3172" count="0" type="cond" truecount="0" falsecount="2"/>
        <line num="3174" count="0" type="cond" truecount="0" falsecount="2"/>
        <line num="3175" count="0" type="stmt"/>
        <line num="3176" count="0" type="stmt"/>
        <line num="3178" count="0" type="cond" truecount="0" falsecount="2"/>
        <line num="3194" count="28" type="cond" truecount="0" falsecount="1"/>
        <line num="3195" count="0" type="stmt"/>
        <line num="3197" count="0" type="stmt"/>
        <line num="3202" count="0" type="stmt"/>
        <line num="3207" count="0" type="stmt"/>
        <line num="3208" count="0" type="stmt"/>
        <line num="3224" count="28" type="stmt"/>
        <line num="3392" count="28" type="stmt"/>
        <line num="3394" count="0" type="cond" truecount="0" falsecount="2"/>
        <line num="3395" count="0" type="stmt"/>
        <line num="3396" count="0" type="stmt"/>
        <line num="3397" count="0" type="stmt"/>
        <line num="3398" count="0" type="cond" truecount="0" falsecount="4"/>
        <line num="3399" count="0" type="stmt"/>
        <line num="3404" count="0" type="cond" truecount="0" falsecount="2"/>
        <line num="3405" count="0" type="stmt"/>
        <line num="3407" count="0" type="cond" truecount="0" falsecount="2"/>
        <line num="3408" count="0" type="stmt"/>
        <line num="3412" count="0" type="cond" truecount="0" falsecount="2"/>
        <line num="3413" count="0" type="cond" truecount="0" falsecount="2"/>
        <line num="3416" count="0" type="cond" truecount="0" falsecount="2"/>
        <line num="3417" count="0" type="stmt"/>
        <line num="3421" count="0" type="cond" truecount="0" falsecount="2"/>
        <line num="3422" count="0" type="stmt"/>
        <line num="3427" count="0" type="stmt"/>
        <line num="3428" count="0" type="stmt"/>
        <line num="3431" count="0" type="cond" truecount="0" falsecount="2"/>
        <line num="3432" count="0" type="stmt"/>
        <line num="3433" count="0" type="stmt"/>
        <line num="3436" count="0" type="stmt"/>
        <line num="3438" count="0" type="cond" truecount="0" falsecount="2"/>
        <line num="3439" count="0" type="stmt"/>
        <line num="3441" count="0" type="stmt"/>
        <line num="3448" count="0" type="stmt"/>
        <line num="3451" count="0" type="cond" truecount="0" falsecount="2"/>
        <line num="3452" count="0" type="stmt"/>
        <line num="3453" count="0" type="stmt"/>
        <line num="3456" count="0" type="stmt"/>
        <line num="3458" count="0" type="cond" truecount="0" falsecount="2"/>
        <line num="3459" count="0" type="stmt"/>
        <line num="3460" count="0" type="stmt"/>
        <line num="3467" count="0" type="stmt"/>
        <line num="3472" count="0" type="stmt"/>
        <line num="3476" count="0" type="cond" truecount="0" falsecount="4"/>
        <line num="3477" count="0" type="stmt"/>
        <line num="3480" count="0" type="stmt"/>
        <line num="3482" count="0" type="cond" truecount="0" falsecount="2"/>
        <line num="3483" count="0" type="stmt"/>
        <line num="3484" count="0" type="stmt"/>
        <line num="3488" count="0" type="cond" truecount="0" falsecount="2"/>
        <line num="3489" count="0" type="stmt"/>
        <line num="3494" count="0" type="cond" truecount="0" falsecount="131"/>
        <line num="3496" count="0" type="stmt"/>
        <line num="3497" count="0" type="stmt"/>
        <line num="3499" count="0" type="stmt"/>
        <line num="3500" count="0" type="stmt"/>
        <line num="3502" count="0" type="stmt"/>
        <line num="3503" count="0" type="stmt"/>
        <line num="3505" count="0" type="stmt"/>
        <line num="3506" count="0" type="stmt"/>
        <line num="3508" count="0" type="stmt"/>
        <line num="3509" count="0" type="stmt"/>
        <line num="3511" count="0" type="stmt"/>
        <line num="3512" count="0" type="stmt"/>
        <line num="3514" count="0" type="stmt"/>
        <line num="3515" count="0" type="stmt"/>
        <line num="3517" count="0" type="stmt"/>
        <line num="3518" count="0" type="stmt"/>
        <line num="3520" count="0" type="stmt"/>
        <line num="3521" count="0" type="stmt"/>
        <line num="3523" count="0" type="stmt"/>
        <line num="3524" count="0" type="stmt"/>
        <line num="3526" count="0" type="stmt"/>
        <line num="3527" count="0" type="stmt"/>
        <line num="3529" count="0" type="stmt"/>
        <line num="3530" count="0" type="stmt"/>
        <line num="3532" count="0" type="stmt"/>
        <line num="3533" count="0" type="stmt"/>
        <line num="3535" count="0" type="stmt"/>
        <line num="3536" count="0" type="stmt"/>
        <line num="3538" count="0" type="stmt"/>
        <line num="3539" count="0" type="stmt"/>
        <line num="3541" count="0" type="stmt"/>
        <line num="3542" count="0" type="stmt"/>
[...]
        <line num="80" count="0" type="stmt"/>
        <line num="81" count="0" type="stmt"/>
        <line num="85" count="4" type="stmt"/>
        <line num="86" count="0" type="stmt"/>
        <line num="87" count="0" type="stmt"/>
        <line num="90" count="0" type="cond" truecount="0" falsecount="5"/>
        <line num="91" count="0" type="stmt"/>
        <line num="92" count="0" type="stmt"/>
        <line num="98" count="4" type="stmt"/>
        <line num="99" count="0" type="stmt"/>
        <line num="100" count="0" type="stmt"/>
        <line num="102" count="0" type="cond" truecount="0" falsecount="4"/>
        <line num="103" count="0" type="stmt"/>
        <line num="105" count="0" type="cond" truecount="0" falsecount="2"/>
        <line num="106" count="0" type="stmt"/>
        <line num="107" count="0" type="cond" truecount="0" falsecount="2"/>
        <line num="108" count="0" type="stmt"/>
        <line num="111" count="0" type="stmt"/>
        <line num="116" count="4" type="stmt"/>
        <line num="117" count="0" type="stmt"/>
        <line num="118" count="0" type="stmt"/>
        <line num="119" count="0" type="cond" truecount="0" falsecount="4"/>
        <line num="120" count="0" type="stmt"/>
        <line num="121" count="0" type="stmt"/>
        <line num="127" count="4" type="stmt"/>
        <line num="129" count="0" type="stmt"/>
        <line num="130" count="0" type="stmt"/>
        <line num="131" count="0" type="cond" truecount="0" falsecount="4"/>
        <line num="132" count="0" type="stmt"/>
        <line num="133" count="0" type="cond" truecount="0" falsecount="2"/>
        <line num="134" count="0" type="stmt"/>
        <line num="135" count="0" type="stmt"/>
        <line num="136" count="0" type="stmt"/>
        <line num="142" count="4" type="stmt"/>
        <line num="143" count="0" type="stmt"/>
        <line num="144" count="0" type="stmt"/>
        <line num="145" count="0" type="stmt"/>
        <line num="146" count="0" type="stmt"/>
        <line num="147" count="0" type="stmt"/>
        <line num="148" count="0" type="stmt"/>
        <line num="149" count="0" type="stmt"/>
        <line num="152" count="4" type="stmt"/>
        <line num="153" count="0" type="stmt"/>
        <line num="154" count="0" type="cond" truecount="0" falsecount="2"/>
        <line num="155" count="0" type="stmt"/>
        <line num="156" count="0" type="stmt"/>
        <line num="158" count="0" type="cond" truecount="0" falsecount="2"/>
        <line num="162" count="0" type="stmt"/>
        <line num="163" count="0" type="stmt"/>
        <line num="166" count="0" type="stmt"/>
        <line num="167" count="0" type="stmt"/>
        <line num="168" count="0" type="stmt"/>
        <line num="169" count="0" type="stmt"/>
        <line num="170" count="0" type="stmt"/>
        <line num="173" count="0" type="cond" truecount="0" falsecount="4"/>
        <line num="174" count="0" type="stmt"/>
        <line num="179" count="0" type="cond" truecount="0" falsecount="2"/>
        <line num="180" count="0" type="stmt"/>
        <line num="182" count="0" type="stmt"/>
        <line num="183" count="0" type="stmt"/>
        <line num="187" count="0" type="stmt"/>
        <line num="189" count="0" type="cond" truecount="0" falsecount="2"/>
        <line num="190" count="0" type="stmt"/>
        <line num="193" count="0" type="cond" truecount="0" falsecount="2"/>
        <line num="194" count="0" type="stmt"/>
        <line num="196" count="0" type="cond" truecount="0" falsecount="3"/>
        <line num="199" count="0" type="cond" truecount="0" falsecount="2"/>
        <line num="200" count="0" type="stmt"/>
        <line num="201" count="0" type="stmt"/>
        <line num="202" count="0" type="stmt"/>
        <line num="203" count="0" type="stmt"/>
        <line num="204" count="0" type="stmt"/>
        <line num="205" count="0" type="stmt"/>
        <line num="208" count="0" type="stmt"/>
        <line num="209" count="0" type="stmt"/>
        <line num="210" count="0" type="stmt"/>
        <line num="212" count="0" type="stmt"/>
        <line num="213" count="0" type="stmt"/>
        <line num="214" count="0" type="cond" truecount="0" falsecount="2"/>
        <line num="215" count="0" type="cond" truecount="0" falsecount="2"/>
        <line num="217" count="0" type="stmt"/>
        <line num="219" count="0" type="stmt"/>
        <line num="223" count="0" type="stmt"/>
        <line num="224" count="0" type="stmt"/>
        <line num="229" count="0" type="cond" truecount="0" falsecount="2"/>
        <line num="230" count="0" type="stmt"/>
        <line num="231" count="0" type="stmt"/>
        <line num="232" count="0" type="cond" truecount="0" falsecount="6"/>
        <line num="234" count="0" type="stmt"/>
        <line num="235" count="0" type="stmt"/>
        <line num="238" count="0" type="cond" truecount="0" falsecount="2"/>
        <line num="239" count="0" type="stmt"/>
        <line num="240" count="0" type="cond" truecount="0" falsecount="2"/>
        <line num="243" count="0" type="cond" truecount="0" falsecount="2"/>
        <line num="244" count="0" type="stmt"/>
        <line num="245" count="0" type="cond" truecount="0" falsecount="2"/>
        <line num="248" count="0" type="stmt"/>
        <line num="249" count="0" type="stmt"/>
        <line num="250" count="0" type="cond" truecount="0" falsecount="4"/>
        <line num="251" count="0" type="stmt"/>
        <line num="252" count="0" type="stmt"/>
        <line num="253" count="0" type="stmt"/>
        <line num="254" count="0" type="stmt"/>
        <line num="259" count="0" type="cond" truecount="0" falsecount="2"/>
        <line num="260" count="0" type="stmt"/>
        <line num="261" count="0" type="cond" truecount="0" falsecount="3"/>
        <line num="262" count="0" type="cond" truecount="0" falsecount="2"/>
        <line num="263" count="0" type="stmt"/>
        <line num="264" count="0" type="stmt"/>
        <line num="266" count="0" type="stmt"/>
        <line num="267" count="0" type="stmt"/>
        <line num="270" count="0" type="stmt"/>
        <line num="271" count="0" type="stmt"/>
        <line num="272" count="0" type="stmt"/>
        <line num="276" count="0" type="stmt"/>
        <line num="279" count="4" type="stmt"/>
        <line num="280" count="0" type="stmt"/>
        <line num="281" count="0" type="cond" truecount="0" falsecount="2"/>
        <line num="282" count="0" type="stmt"/>
        <line num="283" count="0" type="stmt"/>
        <line num="285" count="0" type="cond" truecount="0" falsecount="2"/>
        <line num="290" count="0" type="stmt"/>
        <line num="291" count="0" type="stmt"/>
        <line num="293" count="0" type="cond" truecount="0" falsecount="2"/>
        <line num="294" count="0" type="stmt"/>
        <line num="297" count="0" type="stmt"/>
        <line num="298" count="0" type="stmt"/>
        <line num="299" count="0" type="stmt"/>
        <line num="300" count="0" type="stmt"/>
        <line num="301" count="0" type="stmt"/>
        <line num="302" count="0" type="stmt"/>
        <line num="304" count="0" type="stmt"/>
        <line num="305" count="0" type="stmt"/>
        <line num="306" count="0" type="stmt"/>
        <line num="309" count="0" type="stmt"/>
        <line num="310" count="0" type="stmt"/>
        <line num="314" count="0" type="stmt"/>
        <line num="317" count="0" type="stmt"/>
        <line num="320" count="4" type="stmt"/>
        <line num="321" count="0" type="cond" truecount="0" falsecount="2"/>
        <line num="322" count="0" type="stmt"/>
        <line num="324" count="0" type="cond" truecount="0" falsecount="2"/>
        <line num="327" count="4" type="stmt"/>
        <line num="328" count="0" type="stmt"/>
        <line num="329" count="0" type="cond" truecount="0" falsecount="2"/>
        <line num="330" count="0" type="stmt"/>
        <line num="331" count="0" type="stmt"/>
        <line num="334" count="0" type="stmt"/>
        <line num="335" count="0" type="stmt"/>
        <line num="336" count="0" type="stmt"/>
        <line num="337" count="0" type="stmt"/>
        <line num="338" count="0" type="stmt"/>
        <line num="339" count="0" type="stmt"/>
        <line num="341" count="0" type="stmt"/>
        <line num="342" count="0" type="stmt"/>
        <line num="343" count="0" type="stmt"/>
        <line num="344" count="0" type="stmt"/>
        <line num="345" count="0" type="stmt"/>
        <line num="348" count="4" type="stmt"/>
        <line num="350" count="4" type="stmt"/>
      </file>
    </package>
    <package name="js.state">
      <metrics statements="104" coveredstatements="31" conditionals="47" coveredconditionals="4" methods="19" coveredmethods="4"/>
      <file name="gameState.js" path="X:\Food Chain\TCG\js\state\gameState.js">
        <metrics statements="104" coveredstatements="31" conditionals="47" coveredconditionals="4" methods="19" coveredmethods="4"/>
        <line num="2" count="28" type="stmt"/>
        <line num="15" count="28" type="stmt"/>
        <line num="16" count="0" type="stmt"/>
        <line num="17" count="0" type="stmt"/>
        <line num="18" count="0" type="stmt"/>
        <line num="20" count="0" type="stmt"/>
        <line num="23" count="694" type="stmt"/>
        <line num="36" count="28" type="stmt"/>
        <line num="37" count="0" type="cond" truecount="0" falsecount="2"/>
        <line num="38" count="0" type="stmt"/>
        <line num="39" count="0" type="cond" truecount="0" falsecount="2"/>
        <line num="43" count="28" type="stmt"/>
        <line num="44" count="347" type="stmt"/>
        <line num="45" count="347" type="stmt"/>
        <line num="114" count="28" type="stmt"/>
        <line num="115" count="13" type="stmt"/>
        <line num="116" count="13" type="stmt"/>
        <line num="117" count="13" type="cond" truecount="2" falsecount="0"/>
        <line num="118" count="4" type="stmt"/>
        <line num="119" count="4" type="stmt"/>
        <line num="121" count="9" type="stmt"/>
        <line num="122" count="9" type="stmt"/>
        <line num="123" count="9" type="stmt"/>
        <line num="124" count="9" type="stmt"/>
        <line num="125" count="9" type="stmt"/>
        <line num="128" count="28" type="stmt"/>
        <line num="129" count="0" type="stmt"/>
        <line num="132" count="0" type="cond" truecount="0" falsecount="2"/>
        <line num="133" count="0" type="stmt"/>
        <line num="137" count="28" type="stmt"/>
        <line num="138" count="7" type="cond" truecount="1" falsecount="1"/>
        <line num="139" count="0" type="stmt"/>
        <line num="141" count="7" type="stmt"/>
        <line num="146" count="7" type="stmt"/>
        <line num="147" count="7" type="cond" truecount="1" falsecount="1"/>
        <line num="148" count="0" type="stmt"/>
        <line num="150" count="7" type="stmt"/>
        <line num="153" count="28" type="cond" truecount="0" falsecount="1"/>
        <line num="154" count="0" type="stmt"/>
        <line num="157" count="0" type="stmt"/>
        <line num="158" count="0" type="cond" truecount="0" falsecount="4"/>
        <line num="160" count="0" type="stmt"/>
        <line num="161" count="0" type="cond" truecount="0" falsecount="2"/>
        <line num="162" count="0" type="stmt"/>
        <line num="163" count="0" type="cond" truecount="0" falsecount="2"/>
        <line num="164" count="0" type="stmt"/>
        <line num="165" count="0" type="stmt"/>
        <line num="167" count="0" type="cond" truecount="0" falsecount="2"/>
        <line num="168" count="0" type="stmt"/>
        <line num="171" count="0" type="stmt"/>
        <line num="174" count="0" type="stmt"/>
        <line num="175" count="0" type="stmt"/>
        <line num="176" count="0" type="stmt"/>
        <line num="177" count="0" type="stmt"/>
        <line num="178" count="0" type="stmt"/>
        <line num="179" count="0" type="stmt"/>
        <line num="180" count="0" type="cond" truecount="0" falsecount="2"/>
        <line num="181" count="0" type="stmt"/>
        <line num="185" count="28" type="stmt"/>
        <line num="187" count="28" type="stmt"/>
        <line num="188" count="0" type="stmt"/>
        <line num="190" count="28" type="stmt"/>
        <line num="191" count="0" type="stmt"/>
        <line num="192" count="0" type="stmt"/>
        <line num="193" count="0" type="stmt"/>
        <line num="194" count="0" type="cond" truecount="0" falsecount="2"/>
        <line num="195" count="0" type="stmt"/>
        <line num="196" count="0" type="stmt"/>
        <line num="202" count="28" type="stmt"/>
        <line num="203" count="0" type="cond" truecount="0" falsecount="4"/>
        <line num="204" count="0" type="stmt"/>
        <line num="205" count="0" type="stmt"/>
        <line num="208" count="0" type="cond" truecount="0" falsecount="2"/>
        <line num="209" count="0" type="stmt"/>
        <line num="210" count="0" type="stmt"/>
        <line num="214" count="0" type="stmt"/>
        <line num="215" count="0" type="cond" truecount="0" falsecount="4"/>
        <line num="218" count="0" type="cond" truecount="0" falsecount="2"/>
        <line num="219" count="0" type="stmt"/>
        <line num="220" count="0" type="stmt"/>
        <line num="223" count="0" type="stmt"/>
        <line num="224" count="0" type="stmt"/>
        <line num="226" count="0" type="stmt"/>
        <line num="227" count="0" type="stmt"/>
        <line num="229" count="0" type="stmt"/>
        <line num="230" count="0" type="cond" truecount="0" falsecount="4"/>
        <line num="231" count="0" type="cond" truecount="0" falsecount="2"/>
        <line num="232" count="0" type="stmt"/>
        <line num="233" count="0" type="stmt"/>
        <line num="234" count="0" type="stmt"/>
        <line num="236" count="0" type="cond" truecount="0" falsecount="2"/>
        <line num="237" count="0" type="stmt"/>
        <line num="238" count="0" type="stmt"/>
        <line num="239" count="0" type="stmt"/>
        <line num="246" count="0" type="stmt"/>
        <line num="249" count="28" type="stmt"/>
        <line num="250" count="0" type="stmt"/>
        <line num="251" count="0" type="stmt"/>
        <line num="252" count="0" type="stmt"/>
        <line num="253" count="0" type="stmt"/>
        <line num="254" count="0" type="stmt"/>
        <line num="255" count="0" type="stmt"/>
        <line num="256" count="0" type="stmt"/>
        <line num="257" count="0" type="stmt"/>
      </file>
    </package>
    <package name="tests.setup">
      <metrics statements="85" coveredstatements="72" conditionals="35" coveredconditionals="23" methods="23" coveredmethods="17"/>
      <file name="mockFactory.js" path="X:\Food Chain\TCG\tests\setup\mockFactory.js">
        <metrics statements="18" coveredstatements="18" conditionals="4" coveredconditionals="4" methods="7" coveredmethods="6"/>
        <line num="10" count="25" type="stmt"/>
        <line num="11" count="339" type="stmt"/>
        <line num="12" count="339" type="stmt"/>
        <line num="13" count="339" type="stmt"/>
        <line num="14" count="339" type="stmt"/>
        <line num="15" count="339" type="stmt"/>
        <line num="21" count="25" type="cond" truecount="2" falsecount="0"/>
        <line num="22" count="313" type="stmt"/>
        <line num="23" count="313" type="stmt"/>
        <line num="25" count="313" type="stmt"/>
        <line num="39" count="25" type="cond" truecount="1" falsecount="0"/>
        <line num="40" count="22" type="stmt"/>
        <line num="41" count="22" type="stmt"/>
        <line num="43" count="22" type="stmt"/>
        <line num="60" count="25" type="cond" truecount="1" falsecount="0"/>
        <line num="61" count="4" type="stmt"/>
        <line num="62" count="4" type="stmt"/>
        <line num="64" count="4" type="stmt"/>
      </file>
      <file name="testHelpers.js" path="X:\Food Chain\TCG\tests\setup\testHelpers.js">
        <metrics statements="67" coveredstatements="54" conditionals="31" coveredconditionals="19" methods="16" coveredmethods="11"/>
        <line num="13" count="28" type="stmt"/>
        <line num="15" count="28" type="stmt"/>
        <line num="16" count="56" type="cond" truecount="2" falsecount="0"/>
        <line num="17" count="28" type="stmt"/>
        <line num="18" count="28" type="stmt"/>
        <line num="23" count="28" type="stmt"/>
        <line num="28" count="28" type="cond" truecount="1" falsecount="0"/>
        <line num="29" count="347" type="stmt"/>
        <line num="32" count="347" type="stmt"/>
        <line num="33" count="347" type="stmt"/>
        <line num="34" count="347" type="stmt"/>
        <line num="35" count="347" type="stmt"/>
        <line num="38" count="347" type="stmt"/>
        <line num="44" count="28" type="cond" truecount="3" falsecount="0"/>
        <line num="45" count="303" type="cond" truecount="2" falsecount="0"/>
        <line num="46" count="43" type="stmt"/>
        <line num="49" count="303" type="stmt"/>
        <line num="50" count="303" type="cond" truecount="1" falsecount="1"/>
        <line num="51" count="0" type="stmt"/>
        <line num="54" count="303" type="stmt"/>
        <line num="55" count="303" type="stmt"/>
        <line num="57" count="303" type="stmt"/>
        <line num="63" count="28" type="cond" truecount="1" falsecount="0"/>
        <line num="64" count="1" type="stmt"/>
        <line num="65" count="1" type="cond" truecount="1" falsecount="1"/>
        <line num="66" count="0" type="stmt"/>
        <line num="69" count="1" type="stmt"/>
        <line num="70" count="1" type="stmt"/>
        <line num="72" count="1" type="stmt"/>
        <line num="78" count="28" type="cond" truecount="1" falsecount="0"/>
        <line num="79" count="52" type="stmt"/>
        <line num="80" count="52" type="cond" truecount="1" falsecount="1"/>
        <line num="81" count="0" type="stmt"/>
        <line num="84" count="52" type="stmt"/>
        <line num="85" count="52" type="stmt"/>
        <line num="87" count="52" type="stmt"/>
        <line num="98" count="28" type="stmt"/>
        <line num="103" count="28" type="stmt"/>
        <line num="121" count="28" type="stmt"/>
        <line num="132" count="28" type="cond" truecount="1" falsecount="0"/>
        <line num="133" count="22" type="stmt"/>
        <line num="134" count="22" type="cond" truecount="1" falsecount="1"/>
        <line num="135" count="0" type="stmt"/>
        <line num="138" count="22" type="stmt"/>
        <line num="139" count="22" type="stmt"/>
        <line num="141" count="22" type="stmt"/>
        <line num="147" count="28" type="cond" truecount="2" falsecount="0"/>
        <line num="148" count="2" type="cond" truecount="1" falsecount="1"/>
        <line num="149" count="0" type="stmt"/>
        <line num="152" count="2" type="stmt"/>
        <line num="153" count="2" type="cond" truecount="1" falsecount="1"/>
        <line num="154" count="0" type="stmt"/>
        <line num="157" count="2" type="stmt"/>
        <line num="158" count="2" type="stmt"/>
        <line num="160" count="2" type="stmt"/>
        <line num="166" count="28" type="stmt"/>
        <line num="167" count="0" type="stmt"/>
        <line num="168" count="0" type="cond" truecount="0" falsecount="2"/>
        <line num="169" count="0" type="stmt"/>
        <line num="171" count="0" type="stmt"/>
        <line num="177" count="28" type="stmt"/>
        <line num="178" count="0" type="stmt"/>
        <line num="179" count="0" type="cond" truecount="0" falsecount="2"/>
        <line num="185" count="28" type="stmt"/>
        <line num="186" count="963" type="stmt"/>
        <line num="192" count="28" type="stmt"/>
        <line num="193" count="0" type="cond" truecount="0" falsecount="2"/>
      </file>
    </package>
  </project>
</coverage>
