{"X:\\Food Chain\\TCG\\js\\cardTypes.js": {"path":"X:\\Food Chain\\TCG\\js\\cardTypes.js","statementMap":{"0":{"start":{"line":3,"column":30},"end":{"line":4,"column":60}},"1":{"start":{"line":4,"column":2},"end":{"line":4,"column":60}},"2":{"start":{"line":6,"column":34},"end":{"line":24,"column":1}},"3":{"start":{"line":7,"column":15},"end":{"line":10,"column":3}},"4":{"start":{"line":12,"column":2},"end":{"line":21,"column":3}},"5":{"start":{"line":13,"column":4},"end":{"line":20,"column":6}},"6":{"start":{"line":23,"column":2},"end":{"line":23,"column":14}}},"fnMap":{"0":{"name":"(anonymous_0)","decl":{"start":{"line":3,"column":30},"end":{"line":3,"column":31}},"loc":{"start":{"line":4,"column":2},"end":{"line":4,"column":60}},"line":4},"1":{"name":"(anonymous_1)","decl":{"start":{"line":6,"column":34},"end":{"line":6,"column":35}},"loc":{"start":{"line":6,"column":54},"end":{"line":24,"column":1}},"line":6}},"branchMap":{"0":{"loc":{"start":{"line":4,"column":2},"end":{"line":4,"column":60}},"type":"binary-expr","locations":[{"start":{"line":4,"column":2},"end":{"line":4,"column":6}},{"start":{"line":4,"column":11},"end":{"line":4,"column":35}},{"start":{"line":4,"column":39},"end":{"line":4,"column":59}}],"line":4},"1":{"loc":{"start":{"line":12,"column":2},"end":{"line":21,"column":3}},"type":"if","locations":[{"start":{"line":12,"column":2},"end":{"line":21,"column":3}},{"start":{},"end":{}}],"line":12}},"s":{"0":28,"1":495,"2":28,"3":380,"4":380,"5":378,"6":2},"f":{"0":495,"1":380},"b":{"0":[495,495,448],"1":[378,2]},"meta":{"lastBranch":2,"lastFunction":2,"lastStatement":7,"seen":{"s:3:30:4:60":0,"f:3:30:3:31":0,"s:4:2:4:60":1,"b:4:2:4:6:4:11:4:35:4:39:4:59":0,"s:6:34:24:1":2,"f:6:34:6:35":1,"s:7:15:10:3":3,"b:12:2:21:3:undefined:undefined:undefined:undefined":1,"s:12:2:21:3":4,"s:13:4:20:6":5,"s:23:2:23:14":6}}}
,"X:\\Food Chain\\TCG\\js\\keywords.js": {"path":"X:\\Food Chain\\TCG\\js\\keywords.js","statementMap":{"0":{"start":{"line":1,"column":24},"end":{"line":20,"column":1}},"1":{"start":{"line":22,"column":36},"end":{"line":41,"column":1}},"2":{"start":{"line":47,"column":34},"end":{"line":54,"column":1}},"3":{"start":{"line":48,"column":2},"end":{"line":48,"column":26}},"4":{"start":{"line":48,"column":13},"end":{"line":48,"column":26}},"5":{"start":{"line":50,"column":2},"end":{"line":52,"column":3}},"6":{"start":{"line":51,"column":4},"end":{"line":51,"column":17}},"7":{"start":{"line":53,"column":2},"end":{"line":53,"column":14}},"8":{"start":{"line":56,"column":26},"end":{"line":61,"column":1}},"9":{"start":{"line":57,"column":2},"end":{"line":59,"column":3}},"10":{"start":{"line":58,"column":4},"end":{"line":58,"column":17}},"11":{"start":{"line":60,"column":2},"end":{"line":60,"column":42}},"12":{"start":{"line":63,"column":24},"end":{"line":63,"column":67}},"13":{"start":{"line":63,"column":34},"end":{"line":63,"column":67}},"14":{"start":{"line":65,"column":27},"end":{"line":65,"column":73}},"15":{"start":{"line":65,"column":37},"end":{"line":65,"column":73}},"16":{"start":{"line":67,"column":23},"end":{"line":67,"column":64}},"17":{"start":{"line":67,"column":33},"end":{"line":67,"column":64}},"18":{"start":{"line":69,"column":24},"end":{"line":69,"column":66}},"19":{"start":{"line":69,"column":34},"end":{"line":69,"column":66}},"20":{"start":{"line":71,"column":26},"end":{"line":71,"column":72}},"21":{"start":{"line":71,"column":36},"end":{"line":71,"column":72}},"22":{"start":{"line":73,"column":25},"end":{"line":73,"column":69}},"23":{"start":{"line":73,"column":35},"end":{"line":73,"column":69}},"24":{"start":{"line":75,"column":26},"end":{"line":75,"column":70}},"25":{"start":{"line":75,"column":36},"end":{"line":75,"column":70}},"26":{"start":{"line":77,"column":25},"end":{"line":77,"column":68}},"27":{"start":{"line":77,"column":35},"end":{"line":77,"column":68}},"28":{"start":{"line":79,"column":24},"end":{"line":79,"column":67}},"29":{"start":{"line":79,"column":34},"end":{"line":79,"column":67}},"30":{"start":{"line":81,"column":24},"end":{"line":81,"column":67}},"31":{"start":{"line":81,"column":34},"end":{"line":81,"column":67}},"32":{"start":{"line":83,"column":27},"end":{"line":83,"column":72}},"33":{"start":{"line":83,"column":37},"end":{"line":83,"column":72}},"34":{"start":{"line":85,"column":29},"end":{"line":85,"column":76}},"35":{"start":{"line":85,"column":39},"end":{"line":85,"column":76}},"36":{"start":{"line":87,"column":25},"end":{"line":87,"column":68}},"37":{"start":{"line":87,"column":35},"end":{"line":87,"column":68}},"38":{"start":{"line":89,"column":24},"end":{"line":89,"column":66}},"39":{"start":{"line":89,"column":34},"end":{"line":89,"column":66}},"40":{"start":{"line":91,"column":28},"end":{"line":91,"column":74}},"41":{"start":{"line":91,"column":38},"end":{"line":91,"column":74}},"42":{"start":{"line":93,"column":26},"end":{"line":93,"column":71}},"43":{"start":{"line":93,"column":36},"end":{"line":93,"column":71}},"44":{"start":{"line":95,"column":26},"end":{"line":95,"column":71}},"45":{"start":{"line":95,"column":36},"end":{"line":95,"column":71}}},"fnMap":{"0":{"name":"(anonymous_0)","decl":{"start":{"line":47,"column":34},"end":{"line":47,"column":35}},"loc":{"start":{"line":47,"column":44},"end":{"line":54,"column":1}},"line":47},"1":{"name":"(anonymous_1)","decl":{"start":{"line":56,"column":26},"end":{"line":56,"column":27}},"loc":{"start":{"line":56,"column":45},"end":{"line":61,"column":1}},"line":56},"2":{"name":"(anonymous_2)","decl":{"start":{"line":63,"column":24},"end":{"line":63,"column":25}},"loc":{"start":{"line":63,"column":34},"end":{"line":63,"column":67}},"line":63},"3":{"name":"(anonymous_3)","decl":{"start":{"line":65,"column":27},"end":{"line":65,"column":28}},"loc":{"start":{"line":65,"column":37},"end":{"line":65,"column":73}},"line":65},"4":{"name":"(anonymous_4)","decl":{"start":{"line":67,"column":23},"end":{"line":67,"column":24}},"loc":{"start":{"line":67,"column":33},"end":{"line":67,"column":64}},"line":67},"5":{"name":"(anonymous_5)","decl":{"start":{"line":69,"column":24},"end":{"line":69,"column":25}},"loc":{"start":{"line":69,"column":34},"end":{"line":69,"column":66}},"line":69},"6":{"name":"(anonymous_6)","decl":{"start":{"line":71,"column":26},"end":{"line":71,"column":27}},"loc":{"start":{"line":71,"column":36},"end":{"line":71,"column":72}},"line":71},"7":{"name":"(anonymous_7)","decl":{"start":{"line":73,"column":25},"end":{"line":73,"column":26}},"loc":{"start":{"line":73,"column":35},"end":{"line":73,"column":69}},"line":73},"8":{"name":"(anonymous_8)","decl":{"start":{"line":75,"column":26},"end":{"line":75,"column":27}},"loc":{"start":{"line":75,"column":36},"end":{"line":75,"column":70}},"line":75},"9":{"name":"(anonymous_9)","decl":{"start":{"line":77,"column":25},"end":{"line":77,"column":26}},"loc":{"start":{"line":77,"column":35},"end":{"line":77,"column":68}},"line":77},"10":{"name":"(anonymous_10)","decl":{"start":{"line":79,"column":24},"end":{"line":79,"column":25}},"loc":{"start":{"line":79,"column":34},"end":{"line":79,"column":67}},"line":79},"11":{"name":"(anonymous_11)","decl":{"start":{"line":81,"column":24},"end":{"line":81,"column":25}},"loc":{"start":{"line":81,"column":34},"end":{"line":81,"column":67}},"line":81},"12":{"name":"(anonymous_12)","decl":{"start":{"line":83,"column":27},"end":{"line":83,"column":28}},"loc":{"start":{"line":83,"column":37},"end":{"line":83,"column":72}},"line":83},"13":{"name":"(anonymous_13)","decl":{"start":{"line":85,"column":29},"end":{"line":85,"column":30}},"loc":{"start":{"line":85,"column":39},"end":{"line":85,"column":76}},"line":85},"14":{"name":"(anonymous_14)","decl":{"start":{"line":87,"column":25},"end":{"line":87,"column":26}},"loc":{"start":{"line":87,"column":35},"end":{"line":87,"column":68}},"line":87},"15":{"name":"(anonymous_15)","decl":{"start":{"line":89,"column":24},"end":{"line":89,"column":25}},"loc":{"start":{"line":89,"column":34},"end":{"line":89,"column":66}},"line":89},"16":{"name":"(anonymous_16)","decl":{"start":{"line":91,"column":28},"end":{"line":91,"column":29}},"loc":{"start":{"line":91,"column":38},"end":{"line":91,"column":74}},"line":91},"17":{"name":"(anonymous_17)","decl":{"start":{"line":93,"column":26},"end":{"line":93,"column":27}},"loc":{"start":{"line":93,"column":36},"end":{"line":93,"column":71}},"line":93},"18":{"name":"(anonymous_18)","decl":{"start":{"line":95,"column":26},"end":{"line":95,"column":27}},"loc":{"start":{"line":95,"column":36},"end":{"line":95,"column":71}},"line":95}},"branchMap":{"0":{"loc":{"start":{"line":48,"column":2},"end":{"line":48,"column":26}},"type":"if","locations":[{"start":{"line":48,"column":2},"end":{"line":48,"column":26}},{"start":{},"end":{}}],"line":48},"1":{"loc":{"start":{"line":50,"column":2},"end":{"line":52,"column":3}},"type":"if","locations":[{"start":{"line":50,"column":2},"end":{"line":52,"column":3}},{"start":{},"end":{}}],"line":50},"2":{"loc":{"start":{"line":50,"column":6},"end":{"line":50,"column":58}},"type":"binary-expr","locations":[{"start":{"line":50,"column":6},"end":{"line":50,"column":30}},{"start":{"line":50,"column":34},"end":{"line":50,"column":58}}],"line":50},"3":{"loc":{"start":{"line":57,"column":2},"end":{"line":59,"column":3}},"type":"if","locations":[{"start":{"line":57,"column":2},"end":{"line":59,"column":3}},{"start":{},"end":{}}],"line":57}},"s":{"0":28,"1":28,"2":28,"3":438,"4":0,"5":438,"6":0,"7":438,"8":28,"9":438,"10":0,"11":438,"12":28,"13":0,"14":28,"15":60,"16":28,"17":0,"18":28,"19":0,"20":28,"21":0,"22":28,"23":0,"24":28,"25":378,"26":28,"27":0,"28":28,"29":0,"30":28,"31":0,"32":28,"33":0,"34":28,"35":0,"36":28,"37":0,"38":28,"39":0,"40":28,"41":0,"42":28,"43":0,"44":28,"45":0},"f":{"0":438,"1":438,"2":0,"3":60,"4":0,"5":0,"6":0,"7":0,"8":378,"9":0,"10":0,"11":0,"12":0,"13":0,"14":0,"15":0,"16":0,"17":0,"18":0},"b":{"0":[0,438],"1":[0,438],"2":[438,46],"3":[0,438]},"meta":{"lastBranch":4,"lastFunction":19,"lastStatement":46,"seen":{"s:1:24:20:1":0,"s:22:36:41:1":1,"s:47:34:54:1":2,"f:47:34:47:35":0,"b:48:2:48:26:undefined:undefined:undefined:undefined":0,"s:48:2:48:26":3,"s:48:13:48:26":4,"b:50:2:52:3:undefined:undefined:undefined:undefined":1,"s:50:2:52:3":5,"b:50:6:50:30:50:34:50:58":2,"s:51:4:51:17":6,"s:53:2:53:14":7,"s:56:26:61:1":8,"f:56:26:56:27":1,"b:57:2:59:3:undefined:undefined:undefined:undefined":3,"s:57:2:59:3":9,"s:58:4:58:17":10,"s:60:2:60:42":11,"s:63:24:63:67":12,"f:63:24:63:25":2,"s:63:34:63:67":13,"s:65:27:65:73":14,"f:65:27:65:28":3,"s:65:37:65:73":15,"s:67:23:67:64":16,"f:67:23:67:24":4,"s:67:33:67:64":17,"s:69:24:69:66":18,"f:69:24:69:25":5,"s:69:34:69:66":19,"s:71:26:71:72":20,"f:71:26:71:27":6,"s:71:36:71:72":21,"s:73:25:73:69":22,"f:73:25:73:26":7,"s:73:35:73:69":23,"s:75:26:75:70":24,"f:75:26:75:27":8,"s:75:36:75:70":25,"s:77:25:77:68":26,"f:77:25:77:26":9,"s:77:35:77:68":27,"s:79:24:79:67":28,"f:79:24:79:25":10,"s:79:34:79:67":29,"s:81:24:81:67":30,"f:81:24:81:25":11,"s:81:34:81:67":31,"s:83:27:83:72":32,"f:83:27:83:28":12,"s:83:37:83:72":33,"s:85:29:85:76":34,"f:85:29:85:30":13,"s:85:39:85:76":35,"s:87:25:87:68":36,"f:87:25:87:26":14,"s:87:35:87:68":37,"s:89:24:89:66":38,"f:89:24:89:25":15,"s:89:34:89:66":39,"s:91:28:91:74":40,"f:91:28:91:29":16,"s:91:38:91:74":41,"s:93:26:93:71":42,"f:93:26:93:27":17,"s:93:36:93:71":43,"s:95:26:95:71":44,"f:95:26:95:27":18,"s:95:36:95:71":45}}}
,"X:\\Food Chain\\TCG\\js\\cards\\effectLibrary.js": {"path":"X:\\Food Chain\\TCG\\js\\cards\\effectLibrary.js","statementMap":{"0":{"start":{"line":44,"column":37},"end":{"line":46,"column":2}},"1":{"start":{"line":44,"column":96},"end":{"line":46,"column":1}},"2":{"start":{"line":51,"column":38},"end":{"line":63,"column":1}},"3":{"start":{"line":52,"column":2},"end":{"line":61,"column":3}},"4":{"start":{"line":53,"column":4},"end":{"line":60,"column":7}},"5":{"start":{"line":62,"column":2},"end":{"line":62,"column":14}},"6":{"start":{"line":79,"column":43},"end":{"line":91,"column":1}},"7":{"start":{"line":80,"column":2},"end":{"line":82,"column":3}},"8":{"start":{"line":81,"column":4},"end":{"line":81,"column":25}},"9":{"start":{"line":83,"column":22},"end":{"line":83,"column":47}},"10":{"start":{"line":84,"column":2},"end":{"line":86,"column":3}},"11":{"start":{"line":85,"column":4},"end":{"line":85,"column":25}},"12":{"start":{"line":87,"column":26},"end":{"line":89,"column":3}},"13":{"start":{"line":88,"column":9},"end":{"line":88,"column":51}},"14":{"start":{"line":90,"column":2},"end":{"line":90,"column":42}},"15":{"start":{"line":100,"column":42},"end":{"line":104,"column":1}},"16":{"start":{"line":101,"column":41},"end":{"line":101,"column":48}},"17":{"start":{"line":103,"column":2},"end":{"line":103,"column":56}},"18":{"start":{"line":113,"column":39},"end":{"line":129,"column":1}},"19":{"start":{"line":114,"column":48},"end":{"line":114,"column":55}},"20":{"start":{"line":115,"column":24},"end":{"line":115,"column":59}},"21":{"start":{"line":117,"column":2},"end":{"line":119,"column":3}},"22":{"start":{"line":118,"column":4},"end":{"line":118,"column":16}},"23":{"start":{"line":123,"column":17},"end":{"line":123,"column":81}},"24":{"start":{"line":124,"column":2},"end":{"line":126,"column":3}},"25":{"start":{"line":125,"column":4},"end":{"line":125,"column":78}},"26":{"start":{"line":128,"column":2},"end":{"line":128,"column":18}},"27":{"start":{"line":139,"column":20},"end":{"line":142,"column":1}},"28":{"start":{"line":139,"column":32},"end":{"line":142,"column":1}},"29":{"start":{"line":140,"column":2},"end":{"line":140,"column":29}},"30":{"start":{"line":141,"column":2},"end":{"line":141,"column":26}},"31":{"start":{"line":148,"column":20},"end":{"line":151,"column":1}},"32":{"start":{"line":148,"column":31},"end":{"line":151,"column":1}},"33":{"start":{"line":149,"column":2},"end":{"line":149,"column":75}},"34":{"start":{"line":150,"column":2},"end":{"line":150,"column":25}},"35":{"start":{"line":157,"column":30},"end":{"line":160,"column":1}},"36":{"start":{"line":157,"column":42},"end":{"line":160,"column":1}},"37":{"start":{"line":158,"column":2},"end":{"line":158,"column":42}},"38":{"start":{"line":159,"column":2},"end":{"line":159,"column":36}},"39":{"start":{"line":168,"column":30},"end":{"line":187,"column":1}},"40":{"start":{"line":168,"column":78},"end":{"line":187,"column":1}},"41":{"start":{"line":169,"column":46},"end":{"line":169,"column":53}},"42":{"start":{"line":172,"column":2},"end":{"line":178,"column":3}},"43":{"start":{"line":173,"column":4},"end":{"line":173,"column":30}},"44":{"start":{"line":174,"column":9},"end":{"line":178,"column":3}},"45":{"start":{"line":175,"column":4},"end":{"line":175,"column":28}},"46":{"start":{"line":176,"column":9},"end":{"line":178,"column":3}},"47":{"start":{"line":177,"column":4},"end":{"line":177,"column":30}},"48":{"start":{"line":180,"column":2},"end":{"line":183,"column":3}},"49":{"start":{"line":181,"column":4},"end":{"line":181,"column":47}},"50":{"start":{"line":182,"column":4},"end":{"line":182,"column":14}},"51":{"start":{"line":185,"column":2},"end":{"line":185,"column":74}},"52":{"start":{"line":186,"column":2},"end":{"line":186,"column":79}},"53":{"start":{"line":193,"column":28},"end":{"line":198,"column":1}},"54":{"start":{"line":193,"column":42},"end":{"line":198,"column":1}},"55":{"start":{"line":194,"column":17},"end":{"line":194,"column":64}},"56":{"start":{"line":195,"column":2},"end":{"line":195,"column":116}},"57":{"start":{"line":196,"column":2},"end":{"line":196,"column":72}},"58":{"start":{"line":197,"column":2},"end":{"line":197,"column":51}},"59":{"start":{"line":204,"column":25},"end":{"line":207,"column":1}},"60":{"start":{"line":204,"column":37},"end":{"line":207,"column":1}},"61":{"start":{"line":205,"column":2},"end":{"line":205,"column":30}},"62":{"start":{"line":206,"column":2},"end":{"line":206,"column":54}},"63":{"start":{"line":214,"column":29},"end":{"line":220,"column":1}},"64":{"start":{"line":214,"column":56},"end":{"line":220,"column":1}},"65":{"start":{"line":215,"column":2},"end":{"line":218,"column":3}},"66":{"start":{"line":216,"column":4},"end":{"line":216,"column":40}},"67":{"start":{"line":217,"column":4},"end":{"line":217,"column":73}},"68":{"start":{"line":219,"column":2},"end":{"line":219,"column":12}},"69":{"start":{"line":226,"column":28},"end":{"line":244,"column":1}},"70":{"start":{"line":226,"column":44},"end":{"line":244,"column":1}},"71":{"start":{"line":227,"column":46},"end":{"line":227,"column":53}},"72":{"start":{"line":230,"column":2},"end":{"line":236,"column":3}},"73":{"start":{"line":231,"column":4},"end":{"line":231,"column":30}},"74":{"start":{"line":232,"column":9},"end":{"line":236,"column":3}},"75":{"start":{"line":233,"column":4},"end":{"line":233,"column":28}},"76":{"start":{"line":234,"column":9},"end":{"line":236,"column":3}},"77":{"start":{"line":235,"column":4},"end":{"line":235,"column":30}},"78":{"start":{"line":238,"column":2},"end":{"line":240,"column":3}},"79":{"start":{"line":239,"column":4},"end":{"line":239,"column":14}},"80":{"start":{"line":242,"column":2},"end":{"line":242,"column":46}},"81":{"start":{"line":243,"column":2},"end":{"line":243,"column":42}},"82":{"start":{"line":252,"column":23},"end":{"line":302,"column":1}},"83":{"start":{"line":252,"column":35},"end":{"line":302,"column":1}},"84":{"start":{"line":253,"column":71},"end":{"line":253,"column":78}},"85":{"start":{"line":254,"column":21},"end":{"line":254,"column":52}},"86":{"start":{"line":257,"column":2},"end":{"line":265,"column":3}},"87":{"start":{"line":258,"column":20},"end":{"line":258,"column":70}},"88":{"start":{"line":258,"column":47},"end":{"line":258,"column":69}},"89":{"start":{"line":259,"column":4},"end":{"line":262,"column":5}},"90":{"start":{"line":260,"column":6},"end":{"line":260,"column":44}},"91":{"start":{"line":261,"column":6},"end":{"line":261,"column":16}},"92":{"start":{"line":263,"column":4},"end":{"line":263,"column":46}},"93":{"start":{"line":264,"column":4},"end":{"line":264,"column":83}},"94":{"start":{"line":268,"column":2},"end":{"line":281,"column":3}},"95":{"start":{"line":269,"column":23},"end":{"line":269,"column":25}},"96":{"start":{"line":270,"column":26},"end":{"line":270,"column":74}},"97":{"start":{"line":270,"column":51},"end":{"line":270,"column":73}},"98":{"start":{"line":271,"column":28},"end":{"line":271,"column":78}},"99":{"start":{"line":271,"column":55},"end":{"line":271,"column":77}},"100":{"start":{"line":272,"column":4},"end":{"line":275,"column":5}},"101":{"start":{"line":273,"column":6},"end":{"line":273,"column":38}},"102":{"start":{"line":274,"column":6},"end":{"line":274,"column":16}},"103":{"start":{"line":276,"column":4},"end":{"line":276,"column":40}},"104":{"start":{"line":277,"column":4},"end":{"line":280,"column":6}},"105":{"start":{"line":284,"column":2},"end":{"line":299,"column":3}},"106":{"start":{"line":285,"column":20},"end":{"line":285,"column":96}},"107":{"start":{"line":285,"column":47},"end":{"line":285,"column":95}},"108":{"start":{"line":286,"column":4},"end":{"line":289,"column":5}},"109":{"start":{"line":287,"column":6},"end":{"line":287,"column":43}},"110":{"start":{"line":288,"column":6},"end":{"line":288,"column":16}},"111":{"start":{"line":291,"column":4},"end":{"line":298,"column":7}},"112":{"start":{"line":293,"column":36},"end":{"line":293,"column":63}},"113":{"start":{"line":295,"column":8},"end":{"line":295,"column":44}},"114":{"start":{"line":296,"column":8},"end":{"line":296,"column":88}},"115":{"start":{"line":301,"column":2},"end":{"line":301,"column":12}},"116":{"start":{"line":313,"column":28},"end":{"line":336,"column":1}},"117":{"start":{"line":313,"column":53},"end":{"line":336,"column":1}},"118":{"start":{"line":314,"column":44},"end":{"line":314,"column":51}},"119":{"start":{"line":316,"column":2},"end":{"line":333,"column":3}},"120":{"start":{"line":317,"column":4},"end":{"line":317,"column":46}},"121":{"start":{"line":318,"column":4},"end":{"line":318,"column":51}},"122":{"start":{"line":319,"column":9},"end":{"line":333,"column":3}},"123":{"start":{"line":320,"column":4},"end":{"line":322,"column":5}},"124":{"start":{"line":321,"column":6},"end":{"line":321,"column":16}},"125":{"start":{"line":323,"column":4},"end":{"line":323,"column":44}},"126":{"start":{"line":324,"column":4},"end":{"line":324,"column":59}},"127":{"start":{"line":325,"column":9},"end":{"line":333,"column":3}},"128":{"start":{"line":326,"column":22},"end":{"line":326,"column":70}},"129":{"start":{"line":326,"column":47},"end":{"line":326,"column":69}},"130":{"start":{"line":327,"column":4},"end":{"line":330,"column":5}},"131":{"start":{"line":328,"column":6},"end":{"line":328,"column":47}},"132":{"start":{"line":329,"column":6},"end":{"line":329,"column":16}},"133":{"start":{"line":331,"column":4},"end":{"line":331,"column":51}},"134":{"start":{"line":332,"column":4},"end":{"line":332,"column":57}},"135":{"start":{"line":335,"column":2},"end":{"line":335,"column":12}},"136":{"start":{"line":343,"column":26},"end":{"line":385,"column":1}},"137":{"start":{"line":343,"column":38},"end":{"line":385,"column":1}},"138":{"start":{"line":344,"column":53},"end":{"line":344,"column":60}},"139":{"start":{"line":345,"column":30},"end":{"line":345,"column":36}},"140":{"start":{"line":347,"column":27},"end":{"line":347,"column":77}},"141":{"start":{"line":349,"column":2},"end":{"line":357,"column":3}},"142":{"start":{"line":350,"column":22},"end":{"line":350,"column":70}},"143":{"start":{"line":350,"column":47},"end":{"line":350,"column":69}},"144":{"start":{"line":351,"column":4},"end":{"line":354,"column":5}},"145":{"start":{"line":352,"column":6},"end":{"line":352,"column":56}},"146":{"start":{"line":353,"column":6},"end":{"line":353,"column":16}},"147":{"start":{"line":355,"column":4},"end":{"line":355,"column":60}},"148":{"start":{"line":356,"column":4},"end":{"line":356,"column":75}},"149":{"start":{"line":359,"column":2},"end":{"line":377,"column":3}},"150":{"start":{"line":360,"column":20},"end":{"line":363,"column":5}},"151":{"start":{"line":361,"column":34},"end":{"line":361,"column":56}},"152":{"start":{"line":362,"column":36},"end":{"line":362,"column":84}},"153":{"start":{"line":364,"column":4},"end":{"line":367,"column":5}},"154":{"start":{"line":365,"column":6},"end":{"line":365,"column":56}},"155":{"start":{"line":366,"column":6},"end":{"line":366,"column":16}},"156":{"start":{"line":368,"column":4},"end":{"line":376,"column":7}},"157":{"start":{"line":370,"column":36},"end":{"line":370,"column":72}},"158":{"start":{"line":373,"column":8},"end":{"line":373,"column":59}},"159":{"start":{"line":374,"column":8},"end":{"line":374,"column":81}},"160":{"start":{"line":379,"column":2},"end":{"line":382,"column":3}},"161":{"start":{"line":380,"column":4},"end":{"line":380,"column":55}},"162":{"start":{"line":381,"column":4},"end":{"line":381,"column":67}},"163":{"start":{"line":384,"column":2},"end":{"line":384,"column":12}},"164":{"start":{"line":392,"column":25},"end":{"line":416,"column":1}},"165":{"start":{"line":392,"column":48},"end":{"line":416,"column":1}},"166":{"start":{"line":393,"column":44},"end":{"line":393,"column":51}},"167":{"start":{"line":394,"column":37},"end":{"line":394,"column":42}},"168":{"start":{"line":396,"column":2},"end":{"line":413,"column":3}},"169":{"start":{"line":397,"column":4},"end":{"line":397,"column":57}},"170":{"start":{"line":398,"column":4},"end":{"line":398,"column":58}},"171":{"start":{"line":399,"column":9},"end":{"line":413,"column":3}},"172":{"start":{"line":400,"column":4},"end":{"line":402,"column":5}},"173":{"start":{"line":401,"column":6},"end":{"line":401,"column":16}},"174":{"start":{"line":403,"column":4},"end":{"line":403,"column":55}},"175":{"start":{"line":404,"column":4},"end":{"line":404,"column":66}},"176":{"start":{"line":405,"column":9},"end":{"line":413,"column":3}},"177":{"start":{"line":406,"column":22},"end":{"line":406,"column":70}},"178":{"start":{"line":406,"column":47},"end":{"line":406,"column":69}},"179":{"start":{"line":407,"column":4},"end":{"line":410,"column":5}},"180":{"start":{"line":408,"column":6},"end":{"line":408,"column":35}},"181":{"start":{"line":409,"column":6},"end":{"line":409,"column":16}},"182":{"start":{"line":411,"column":4},"end":{"line":411,"column":62}},"183":{"start":{"line":412,"column":4},"end":{"line":412,"column":63}},"184":{"start":{"line":415,"column":2},"end":{"line":415,"column":12}},"185":{"start":{"line":423,"column":20},"end":{"line":476,"column":1}},"186":{"start":{"line":423,"column":32},"end":{"line":476,"column":1}},"187":{"start":{"line":424,"column":43},"end":{"line":424,"column":50}},"188":{"start":{"line":425,"column":45},"end":{"line":425,"column":51}},"189":{"start":{"line":428,"column":2},"end":{"line":436,"column":3}},"190":{"start":{"line":429,"column":22},"end":{"line":429,"column":70}},"191":{"start":{"line":429,"column":47},"end":{"line":429,"column":69}},"192":{"start":{"line":430,"column":4},"end":{"line":433,"column":5}},"193":{"start":{"line":431,"column":6},"end":{"line":431,"column":35}},"194":{"start":{"line":432,"column":6},"end":{"line":432,"column":16}},"195":{"start":{"line":434,"column":4},"end":{"line":434,"column":62}},"196":{"start":{"line":435,"column":4},"end":{"line":435,"column":63}},"197":{"start":{"line":439,"column":2},"end":{"line":446,"column":3}},"198":{"start":{"line":440,"column":21},"end":{"line":440,"column":37}},"199":{"start":{"line":441,"column":4},"end":{"line":444,"column":5}},"200":{"start":{"line":442,"column":6},"end":{"line":442,"column":59}},"201":{"start":{"line":443,"column":6},"end":{"line":443,"column":60}},"202":{"start":{"line":445,"column":4},"end":{"line":445,"column":14}},"203":{"start":{"line":449,"column":21},"end":{"line":449,"column":23}},"204":{"start":{"line":450,"column":14},"end":{"line":450,"column":41}},"205":{"start":{"line":452,"column":2},"end":{"line":461,"column":3}},"206":{"start":{"line":453,"column":4},"end":{"line":453,"column":72}},"207":{"start":{"line":453,"column":44},"end":{"line":453,"column":70}},"208":{"start":{"line":454,"column":4},"end":{"line":454,"column":40}},"209":{"start":{"line":455,"column":9},"end":{"line":461,"column":3}},"210":{"start":{"line":456,"column":4},"end":{"line":456,"column":68}},"211":{"start":{"line":456,"column":44},"end":{"line":456,"column":66}},"212":{"start":{"line":457,"column":4},"end":{"line":457,"column":40}},"213":{"start":{"line":458,"column":9},"end":{"line":461,"column":3}},"214":{"start":{"line":459,"column":4},"end":{"line":459,"column":96}},"215":{"start":{"line":459,"column":46},"end":{"line":459,"column":94}},"216":{"start":{"line":460,"column":4},"end":{"line":460,"column":38}},"217":{"start":{"line":463,"column":2},"end":{"line":466,"column":3}},"218":{"start":{"line":464,"column":4},"end":{"line":464,"column":38}},"219":{"start":{"line":465,"column":4},"end":{"line":465,"column":14}},"220":{"start":{"line":468,"column":2},"end":{"line":475,"column":5}},"221":{"start":{"line":470,"column":39},"end":{"line":470,"column":66}},"222":{"start":{"line":472,"column":6},"end":{"line":472,"column":65}},"223":{"start":{"line":473,"column":6},"end":{"line":473,"column":76}},"224":{"start":{"line":487,"column":28},"end":{"line":515,"column":1}},"225":{"start":{"line":487,"column":63},"end":{"line":515,"column":1}},"226":{"start":{"line":488,"column":43},"end":{"line":488,"column":50}},"227":{"start":{"line":490,"column":21},"end":{"line":490,"column":23}},"228":{"start":{"line":492,"column":2},"end":{"line":501,"column":3}},"229":{"start":{"line":493,"column":4},"end":{"line":493,"column":47}},"230":{"start":{"line":493,"column":44},"end":{"line":493,"column":45}},"231":{"start":{"line":494,"column":9},"end":{"line":501,"column":3}},"232":{"start":{"line":495,"column":4},"end":{"line":495,"column":75}},"233":{"start":{"line":495,"column":46},"end":{"line":495,"column":73}},"234":{"start":{"line":496,"column":9},"end":{"line":501,"column":3}},"235":{"start":{"line":497,"column":4},"end":{"line":500,"column":6}},"236":{"start":{"line":498,"column":34},"end":{"line":498,"column":35}},"237":{"start":{"line":499,"column":36},"end":{"line":499,"column":63}},"238":{"start":{"line":503,"column":2},"end":{"line":506,"column":3}},"239":{"start":{"line":504,"column":4},"end":{"line":504,"column":29}},"240":{"start":{"line":505,"column":4},"end":{"line":505,"column":14}},"241":{"start":{"line":509,"column":2},"end":{"line":514,"column":4}},"242":{"start":{"line":523,"column":29},"end":{"line":548,"column":1}},"243":{"start":{"line":523,"column":66},"end":{"line":548,"column":1}},"244":{"start":{"line":524,"column":26},"end":{"line":524,"column":33}},"245":{"start":{"line":526,"column":19},"end":{"line":533,"column":4}},"246":{"start":{"line":527,"column":4},"end":{"line":531,"column":5}},"247":{"start":{"line":528,"column":6},"end":{"line":528,"column":31}},"248":{"start":{"line":529,"column":11},"end":{"line":531,"column":5}},"249":{"start":{"line":530,"column":6},"end":{"line":530,"column":35}},"250":{"start":{"line":532,"column":4},"end":{"line":532,"column":16}},"251":{"start":{"line":535,"column":2},"end":{"line":538,"column":3}},"252":{"start":{"line":536,"column":4},"end":{"line":536,"column":38}},"253":{"start":{"line":537,"column":4},"end":{"line":537,"column":14}},"254":{"start":{"line":540,"column":2},"end":{"line":547,"column":4}},"255":{"start":{"line":560,"column":27},"end":{"line":572,"column":1}},"256":{"start":{"line":560,"column":78},"end":{"line":572,"column":1}},"257":{"start":{"line":561,"column":18},"end":{"line":561,"column":25}},"258":{"start":{"line":563,"column":17},"end":{"line":563,"column":35}},"259":{"start":{"line":565,"column":2},"end":{"line":569,"column":3}},"260":{"start":{"line":566,"column":4},"end":{"line":566,"column":33}},"261":{"start":{"line":567,"column":9},"end":{"line":569,"column":3}},"262":{"start":{"line":568,"column":4},"end":{"line":568,"column":34}},"263":{"start":{"line":571,"column":2},"end":{"line":571,"column":12}},"264":{"start":{"line":578,"column":30},"end":{"line":580,"column":1}},"265":{"start":{"line":578,"column":48},"end":{"line":580,"column":1}},"266":{"start":{"line":579,"column":2},"end":{"line":579,"column":40}},"267":{"start":{"line":586,"column":35},"end":{"line":588,"column":1}},"268":{"start":{"line":586,"column":53},"end":{"line":588,"column":1}},"269":{"start":{"line":587,"column":2},"end":{"line":587,"column":56}},"270":{"start":{"line":587,"column":34},"end":{"line":587,"column":35}},"271":{"start":{"line":594,"column":36},"end":{"line":596,"column":1}},"272":{"start":{"line":594,"column":54},"end":{"line":596,"column":1}},"273":{"start":{"line":595,"column":2},"end":{"line":595,"column":84}},"274":{"start":{"line":595,"column":36},"end":{"line":595,"column":63}},"275":{"start":{"line":606,"column":25},"end":{"line":628,"column":1}},"276":{"start":{"line":606,"column":38},"end":{"line":628,"column":1}},"277":{"start":{"line":607,"column":18},"end":{"line":607,"column":25}},"278":{"start":{"line":608,"column":18},"end":{"line":608,"column":20}},"279":{"start":{"line":610,"column":2},"end":{"line":615,"column":3}},"280":{"start":{"line":611,"column":19},"end":{"line":611,"column":34}},"281":{"start":{"line":612,"column":4},"end":{"line":614,"column":5}},"282":{"start":{"line":613,"column":6},"end":{"line":613,"column":27}},"283":{"start":{"line":618,"column":2},"end":{"line":620,"column":3}},"284":{"start":{"line":619,"column":4},"end":{"line":619,"column":14}},"285":{"start":{"line":622,"column":2},"end":{"line":624,"column":3}},"286":{"start":{"line":623,"column":4},"end":{"line":623,"column":22}},"287":{"start":{"line":627,"column":2},"end":{"line":627,"column":32}},"288":{"start":{"line":635,"column":22},"end":{"line":654,"column":1}},"289":{"start":{"line":635,"column":41},"end":{"line":654,"column":1}},"290":{"start":{"line":636,"column":18},"end":{"line":636,"column":20}},"291":{"start":{"line":638,"column":2},"end":{"line":643,"column":3}},"292":{"start":{"line":638,"column":15},"end":{"line":638,"column":16}},"293":{"start":{"line":639,"column":19},"end":{"line":639,"column":34}},"294":{"start":{"line":640,"column":4},"end":{"line":642,"column":5}},"295":{"start":{"line":641,"column":6},"end":{"line":641,"column":27}},"296":{"start":{"line":645,"column":2},"end":{"line":647,"column":3}},"297":{"start":{"line":646,"column":4},"end":{"line":646,"column":14}},"298":{"start":{"line":649,"column":2},"end":{"line":651,"column":3}},"299":{"start":{"line":650,"column":4},"end":{"line":650,"column":22}},"300":{"start":{"line":653,"column":2},"end":{"line":653,"column":32}},"301":{"start":{"line":663,"column":28},"end":{"line":666,"column":1}},"302":{"start":{"line":663,"column":34},"end":{"line":666,"column":1}},"303":{"start":{"line":664,"column":2},"end":{"line":664,"column":28}},"304":{"start":{"line":665,"column":2},"end":{"line":665,"column":32}},"305":{"start":{"line":671,"column":28},"end":{"line":674,"column":1}},"306":{"start":{"line":671,"column":34},"end":{"line":674,"column":1}},"307":{"start":{"line":672,"column":2},"end":{"line":672,"column":28}},"308":{"start":{"line":673,"column":2},"end":{"line":673,"column":32}},"309":{"start":{"line":679,"column":28},"end":{"line":686,"column":1}},"310":{"start":{"line":679,"column":34},"end":{"line":686,"column":1}},"311":{"start":{"line":680,"column":2},"end":{"line":683,"column":3}},"312":{"start":{"line":681,"column":4},"end":{"line":681,"column":32}},"313":{"start":{"line":682,"column":4},"end":{"line":682,"column":14}},"314":{"start":{"line":684,"column":2},"end":{"line":684,"column":40}},"315":{"start":{"line":685,"column":2},"end":{"line":685,"column":37}},"316":{"start":{"line":691,"column":34},"end":{"line":702,"column":1}},"317":{"start":{"line":691,"column":40},"end":{"line":702,"column":1}},"318":{"start":{"line":692,"column":23},"end":{"line":695,"column":3}},"319":{"start":{"line":693,"column":32},"end":{"line":693,"column":54}},"320":{"start":{"line":694,"column":34},"end":{"line":694,"column":56}},"321":{"start":{"line":696,"column":2},"end":{"line":699,"column":3}},"322":{"start":{"line":697,"column":4},"end":{"line":697,"column":35}},"323":{"start":{"line":698,"column":4},"end":{"line":698,"column":14}},"324":{"start":{"line":700,"column":2},"end":{"line":700,"column":36}},"325":{"start":{"line":701,"column":2},"end":{"line":701,"column":79}},"326":{"start":{"line":708,"column":28},"end":{"line":711,"column":1}},"327":{"start":{"line":708,"column":39},"end":{"line":711,"column":1}},"328":{"start":{"line":709,"column":2},"end":{"line":709,"column":56}},"329":{"start":{"line":710,"column":2},"end":{"line":710,"column":51}},"330":{"start":{"line":717,"column":27},"end":{"line":720,"column":1}},"331":{"start":{"line":717,"column":38},"end":{"line":720,"column":1}},"332":{"start":{"line":718,"column":2},"end":{"line":718,"column":73}},"333":{"start":{"line":719,"column":2},"end":{"line":719,"column":64}},"334":{"start":{"line":726,"column":21},"end":{"line":750,"column":1}},"335":{"start":{"line":726,"column":35},"end":{"line":750,"column":1}},"336":{"start":{"line":727,"column":19},"end":{"line":736,"column":4}},"337":{"start":{"line":728,"column":4},"end":{"line":734,"column":5}},"338":{"start":{"line":729,"column":6},"end":{"line":729,"column":31}},"339":{"start":{"line":730,"column":11},"end":{"line":734,"column":5}},"340":{"start":{"line":731,"column":6},"end":{"line":731,"column":35}},"341":{"start":{"line":732,"column":11},"end":{"line":734,"column":5}},"342":{"start":{"line":733,"column":6},"end":{"line":733,"column":32}},"343":{"start":{"line":735,"column":4},"end":{"line":735,"column":16}},"344":{"start":{"line":738,"column":2},"end":{"line":741,"column":3}},"345":{"start":{"line":739,"column":4},"end":{"line":739,"column":35}},"346":{"start":{"line":740,"column":4},"end":{"line":740,"column":14}},"347":{"start":{"line":743,"column":2},"end":{"line":749,"column":4}},"348":{"start":{"line":756,"column":29},"end":{"line":773,"column":1}},"349":{"start":{"line":756,"column":41},"end":{"line":773,"column":1}},"350":{"start":{"line":757,"column":50},"end":{"line":757,"column":57}},"351":{"start":{"line":760,"column":2},"end":{"line":764,"column":3}},"352":{"start":{"line":761,"column":4},"end":{"line":761,"column":30}},"353":{"start":{"line":762,"column":9},"end":{"line":764,"column":3}},"354":{"start":{"line":763,"column":4},"end":{"line":763,"column":24}},"355":{"start":{"line":766,"column":2},"end":{"line":769,"column":3}},"356":{"start":{"line":767,"column":4},"end":{"line":767,"column":49}},"357":{"start":{"line":768,"column":4},"end":{"line":768,"column":14}},"358":{"start":{"line":771,"column":2},"end":{"line":771,"column":68}},"359":{"start":{"line":772,"column":2},"end":{"line":772,"column":61}},"360":{"start":{"line":779,"column":29},"end":{"line":804,"column":1}},"361":{"start":{"line":779,"column":45},"end":{"line":804,"column":1}},"362":{"start":{"line":780,"column":48},"end":{"line":780,"column":55}},"363":{"start":{"line":782,"column":25},"end":{"line":782,"column":80}},"364":{"start":{"line":782,"column":52},"end":{"line":782,"column":79}},"365":{"start":{"line":784,"column":2},"end":{"line":787,"column":3}},"366":{"start":{"line":785,"column":4},"end":{"line":785,"column":34}},"367":{"start":{"line":786,"column":4},"end":{"line":786,"column":14}},"368":{"start":{"line":789,"column":2},"end":{"line":793,"column":3}},"369":{"start":{"line":790,"column":27},"end":{"line":790,"column":92}},"370":{"start":{"line":791,"column":4},"end":{"line":791,"column":42}},"371":{"start":{"line":792,"column":4},"end":{"line":792,"column":87}},"372":{"start":{"line":796,"column":2},"end":{"line":803,"column":4}},"373":{"start":{"line":799,"column":29},"end":{"line":801,"column":7}},"374":{"start":{"line":810,"column":23},"end":{"line":842,"column":1}},"375":{"start":{"line":810,"column":39},"end":{"line":842,"column":1}},"376":{"start":{"line":811,"column":43},"end":{"line":811,"column":50}},"377":{"start":{"line":812,"column":16},"end":{"line":812,"column":18}},"378":{"start":{"line":814,"column":2},"end":{"line":835,"column":3}},"379":{"start":{"line":815,"column":4},"end":{"line":818,"column":6}},"380":{"start":{"line":816,"column":34},"end":{"line":816,"column":56}},"381":{"start":{"line":817,"column":36},"end":{"line":817,"column":84}},"382":{"start":{"line":819,"column":4},"end":{"line":819,"column":45}},"383":{"start":{"line":820,"column":9},"end":{"line":835,"column":3}},"384":{"start":{"line":821,"column":4},"end":{"line":824,"column":6}},"385":{"start":{"line":822,"column":34},"end":{"line":822,"column":60}},"386":{"start":{"line":823,"column":36},"end":{"line":823,"column":88}},"387":{"start":{"line":825,"column":4},"end":{"line":825,"column":49}},"388":{"start":{"line":826,"column":9},"end":{"line":835,"column":3}},"389":{"start":{"line":827,"column":4},"end":{"line":827,"column":70}},"390":{"start":{"line":827,"column":41},"end":{"line":827,"column":68}},"391":{"start":{"line":828,"column":4},"end":{"line":828,"column":46}},"392":{"start":{"line":829,"column":9},"end":{"line":835,"column":3}},"393":{"start":{"line":830,"column":4},"end":{"line":833,"column":6}},"394":{"start":{"line":831,"column":34},"end":{"line":831,"column":35}},"395":{"start":{"line":832,"column":36},"end":{"line":832,"column":63}},"396":{"start":{"line":834,"column":4},"end":{"line":834,"column":40}},"397":{"start":{"line":837,"column":2},"end":{"line":839,"column":3}},"398":{"start":{"line":838,"column":4},"end":{"line":838,"column":14}},"399":{"start":{"line":841,"column":2},"end":{"line":841,"column":39}},"400":{"start":{"line":848,"column":26},"end":{"line":851,"column":1}},"401":{"start":{"line":848,"column":49},"end":{"line":851,"column":1}},"402":{"start":{"line":849,"column":2},"end":{"line":849,"column":35}},"403":{"start":{"line":850,"column":2},"end":{"line":850,"column":68}},"404":{"start":{"line":856,"column":28},"end":{"line":864,"column":1}},"405":{"start":{"line":856,"column":34},"end":{"line":864,"column":1}},"406":{"start":{"line":857,"column":20},"end":{"line":857,"column":68}},"407":{"start":{"line":857,"column":45},"end":{"line":857,"column":67}},"408":{"start":{"line":858,"column":2},"end":{"line":861,"column":3}},"409":{"start":{"line":859,"column":4},"end":{"line":859,"column":42}},"410":{"start":{"line":860,"column":4},"end":{"line":860,"column":14}},"411":{"start":{"line":862,"column":2},"end":{"line":862,"column":46}},"412":{"start":{"line":863,"column":2},"end":{"line":863,"column":38}},"413":{"start":{"line":870,"column":31},"end":{"line":885,"column":1}},"414":{"start":{"line":870,"column":47},"end":{"line":885,"column":1}},"415":{"start":{"line":871,"column":36},"end":{"line":871,"column":43}},"416":{"start":{"line":873,"column":2},"end":{"line":882,"column":3}},"417":{"start":{"line":874,"column":4},"end":{"line":874,"column":49}},"418":{"start":{"line":875,"column":4},"end":{"line":875,"column":41}},"419":{"start":{"line":876,"column":9},"end":{"line":882,"column":3}},"420":{"start":{"line":877,"column":4},"end":{"line":879,"column":5}},"421":{"start":{"line":878,"column":6},"end":{"line":878,"column":16}},"422":{"start":{"line":880,"column":4},"end":{"line":880,"column":47}},"423":{"start":{"line":881,"column":4},"end":{"line":881,"column":39}},"424":{"start":{"line":884,"column":2},"end":{"line":884,"column":12}},"425":{"start":{"line":890,"column":34},"end":{"line":901,"column":1}},"426":{"start":{"line":890,"column":40},"end":{"line":901,"column":1}},"427":{"start":{"line":891,"column":28},"end":{"line":891,"column":35}},"428":{"start":{"line":892,"column":18},"end":{"line":892,"column":141}},"429":{"start":{"line":892,"column":45},"end":{"line":892,"column":140}},"430":{"start":{"line":894,"column":2},"end":{"line":897,"column":3}},"431":{"start":{"line":895,"column":4},"end":{"line":895,"column":50}},"432":{"start":{"line":896,"column":4},"end":{"line":896,"column":14}},"433":{"start":{"line":899,"column":2},"end":{"line":899,"column":51}},"434":{"start":{"line":900,"column":2},"end":{"line":900,"column":41}},"435":{"start":{"line":911,"column":40},"end":{"line":930,"column":1}},"436":{"start":{"line":911,"column":53},"end":{"line":930,"column":1}},"437":{"start":{"line":912,"column":43},"end":{"line":912,"column":50}},"438":{"start":{"line":913,"column":18},"end":{"line":913,"column":97}},"439":{"start":{"line":913,"column":43},"end":{"line":913,"column":96}},"440":{"start":{"line":915,"column":2},"end":{"line":918,"column":3}},"441":{"start":{"line":916,"column":4},"end":{"line":916,"column":45}},"442":{"start":{"line":917,"column":4},"end":{"line":917,"column":14}},"443":{"start":{"line":920,"column":2},"end":{"line":929,"column":5}},"444":{"start":{"line":922,"column":34},"end":{"line":922,"column":61}},"445":{"start":{"line":924,"column":6},"end":{"line":924,"column":46}},"446":{"start":{"line":925,"column":6},"end":{"line":927,"column":8}},"447":{"start":{"line":936,"column":42},"end":{"line":954,"column":1}},"448":{"start":{"line":936,"column":55},"end":{"line":954,"column":1}},"449":{"start":{"line":937,"column":26},"end":{"line":937,"column":33}},"450":{"start":{"line":938,"column":18},"end":{"line":938,"column":97}},"451":{"start":{"line":938,"column":43},"end":{"line":938,"column":96}},"452":{"start":{"line":940,"column":2},"end":{"line":943,"column":3}},"453":{"start":{"line":941,"column":4},"end":{"line":941,"column":45}},"454":{"start":{"line":942,"column":4},"end":{"line":942,"column":14}},"455":{"start":{"line":945,"column":2},"end":{"line":953,"column":5}},"456":{"start":{"line":947,"column":34},"end":{"line":947,"column":70}},"457":{"start":{"line":950,"column":6},"end":{"line":950,"column":60}},"458":{"start":{"line":951,"column":6},"end":{"line":951,"column":69}},"459":{"start":{"line":959,"column":43},"end":{"line":978,"column":1}},"460":{"start":{"line":959,"column":49},"end":{"line":978,"column":1}},"461":{"start":{"line":960,"column":43},"end":{"line":960,"column":50}},"462":{"start":{"line":961,"column":18},"end":{"line":961,"column":167}},"463":{"start":{"line":961,"column":45},"end":{"line":961,"column":166}},"464":{"start":{"line":963,"column":2},"end":{"line":966,"column":3}},"465":{"start":{"line":964,"column":4},"end":{"line":964,"column":50}},"466":{"start":{"line":965,"column":4},"end":{"line":965,"column":14}},"467":{"start":{"line":968,"column":2},"end":{"line":977,"column":5}},"468":{"start":{"line":970,"column":34},"end":{"line":970,"column":61}},"469":{"start":{"line":972,"column":6},"end":{"line":972,"column":37}},"470":{"start":{"line":973,"column":6},"end":{"line":975,"column":8}},"471":{"start":{"line":984,"column":35},"end":{"line":1007,"column":1}},"472":{"start":{"line":984,"column":50},"end":{"line":1007,"column":1}},"473":{"start":{"line":985,"column":46},"end":{"line":985,"column":53}},"474":{"start":{"line":987,"column":2},"end":{"line":990,"column":3}},"475":{"start":{"line":988,"column":4},"end":{"line":988,"column":40}},"476":{"start":{"line":989,"column":4},"end":{"line":989,"column":14}},"477":{"start":{"line":993,"column":24},"end":{"line":993,"column":55}},"478":{"start":{"line":995,"column":2},"end":{"line":1006,"column":5}},"479":{"start":{"line":997,"column":41},"end":{"line":1001,"column":5}},"480":{"start":{"line":1002,"column":25},"end":{"line":1004,"column":5}},"481":{"start":{"line":1012,"column":37},"end":{"line":1031,"column":1}},"482":{"start":{"line":1012,"column":43},"end":{"line":1031,"column":1}},"483":{"start":{"line":1013,"column":43},"end":{"line":1013,"column":50}},"484":{"start":{"line":1014,"column":18},"end":{"line":1014,"column":117}},"485":{"start":{"line":1014,"column":45},"end":{"line":1014,"column":116}},"486":{"start":{"line":1016,"column":2},"end":{"line":1019,"column":3}},"487":{"start":{"line":1017,"column":4},"end":{"line":1017,"column":34}},"488":{"start":{"line":1018,"column":4},"end":{"line":1018,"column":14}},"489":{"start":{"line":1021,"column":2},"end":{"line":1030,"column":5}},"490":{"start":{"line":1023,"column":34},"end":{"line":1023,"column":61}},"491":{"start":{"line":1025,"column":6},"end":{"line":1025,"column":37}},"492":{"start":{"line":1026,"column":6},"end":{"line":1028,"column":8}},"493":{"start":{"line":1036,"column":33},"end":{"line":1055,"column":1}},"494":{"start":{"line":1036,"column":39},"end":{"line":1055,"column":1}},"495":{"start":{"line":1037,"column":43},"end":{"line":1037,"column":50}},"496":{"start":{"line":1038,"column":18},"end":{"line":1038,"column":141}},"497":{"start":{"line":1038,"column":45},"end":{"line":1038,"column":140}},"498":{"start":{"line":1040,"column":2},"end":{"line":1043,"column":3}},"499":{"start":{"line":1041,"column":4},"end":{"line":1041,"column":39}},"500":{"start":{"line":1042,"column":4},"end":{"line":1042,"column":14}},"501":{"start":{"line":1045,"column":2},"end":{"line":1054,"column":5}},"502":{"start":{"line":1047,"column":34},"end":{"line":1047,"column":61}},"503":{"start":{"line":1049,"column":6},"end":{"line":1049,"column":37}},"504":{"start":{"line":1050,"column":6},"end":{"line":1052,"column":8}},"505":{"start":{"line":1061,"column":29},"end":{"line":1092,"column":1}},"506":{"start":{"line":1061,"column":51},"end":{"line":1092,"column":1}},"507":{"start":{"line":1062,"column":39},"end":{"line":1062,"column":46}},"508":{"start":{"line":1064,"column":2},"end":{"line":1067,"column":3}},"509":{"start":{"line":1065,"column":4},"end":{"line":1065,"column":26}},"510":{"start":{"line":1066,"column":4},"end":{"line":1066,"column":14}},"511":{"start":{"line":1069,"column":19},"end":{"line":1069,"column":30}},"512":{"start":{"line":1070,"column":2},"end":{"line":1077,"column":3}},"513":{"start":{"line":1071,"column":4},"end":{"line":1076,"column":7}},"514":{"start":{"line":1072,"column":6},"end":{"line":1072,"column":77}},"515":{"start":{"line":1072,"column":31},"end":{"line":1072,"column":77}},"516":{"start":{"line":1073,"column":6},"end":{"line":1073,"column":89}},"517":{"start":{"line":1073,"column":35},"end":{"line":1073,"column":89}},"518":{"start":{"line":1074,"column":6},"end":{"line":1074,"column":80}},"519":{"start":{"line":1074,"column":32},"end":{"line":1074,"column":80}},"520":{"start":{"line":1075,"column":6},"end":{"line":1075,"column":18}},"521":{"start":{"line":1079,"column":2},"end":{"line":1082,"column":3}},"522":{"start":{"line":1080,"column":4},"end":{"line":1080,"column":35}},"523":{"start":{"line":1081,"column":4},"end":{"line":1081,"column":14}},"524":{"start":{"line":1084,"column":2},"end":{"line":1091,"column":5}},"525":{"start":{"line":1086,"column":22},"end":{"line":1086,"column":81}},"526":{"start":{"line":1086,"column":46},"end":{"line":1086,"column":79}},"527":{"start":{"line":1087,"column":25},"end":{"line":1089,"column":5}},"528":{"start":{"line":1098,"column":31},"end":{"line":1118,"column":1}},"529":{"start":{"line":1098,"column":37},"end":{"line":1118,"column":1}},"530":{"start":{"line":1099,"column":39},"end":{"line":1099,"column":46}},"531":{"start":{"line":1101,"column":2},"end":{"line":1104,"column":3}},"532":{"start":{"line":1102,"column":4},"end":{"line":1102,"column":26}},"533":{"start":{"line":1103,"column":4},"end":{"line":1103,"column":29}},"534":{"start":{"line":1106,"column":2},"end":{"line":1117,"column":5}},"535":{"start":{"line":1108,"column":22},"end":{"line":1108,"column":82}},"536":{"start":{"line":1108,"column":47},"end":{"line":1108,"column":80}},"537":{"start":{"line":1110,"column":6},"end":{"line":1110,"column":52}},"538":{"start":{"line":1111,"column":6},"end":{"line":1114,"column":8}},"539":{"start":{"line":1125,"column":39},"end":{"line":1147,"column":1}},"540":{"start":{"line":1125,"column":69},"end":{"line":1147,"column":1}},"541":{"start":{"line":1126,"column":43},"end":{"line":1126,"column":50}},"542":{"start":{"line":1127,"column":21},"end":{"line":1130,"column":3}},"543":{"start":{"line":1128,"column":32},"end":{"line":1128,"column":153}},"544":{"start":{"line":1129,"column":34},"end":{"line":1129,"column":155}},"545":{"start":{"line":1132,"column":2},"end":{"line":1135,"column":3}},"546":{"start":{"line":1133,"column":4},"end":{"line":1133,"column":42}},"547":{"start":{"line":1134,"column":4},"end":{"line":1134,"column":14}},"548":{"start":{"line":1137,"column":2},"end":{"line":1146,"column":5}},"549":{"start":{"line":1139,"column":37},"end":{"line":1139,"column":64}},"550":{"start":{"line":1141,"column":6},"end":{"line":1141,"column":37}},"551":{"start":{"line":1142,"column":6},"end":{"line":1144,"column":8}},"552":{"start":{"line":1154,"column":37},"end":{"line":1192,"column":1}},"553":{"start":{"line":1154,"column":67},"end":{"line":1192,"column":1}},"554":{"start":{"line":1155,"column":43},"end":{"line":1155,"column":50}},"555":{"start":{"line":1156,"column":20},"end":{"line":1159,"column":3}},"556":{"start":{"line":1157,"column":32},"end":{"line":1157,"column":153}},"557":{"start":{"line":1158,"column":34},"end":{"line":1158,"column":155}},"558":{"start":{"line":1161,"column":21},"end":{"line":1164,"column":5}},"559":{"start":{"line":1161,"column":41},"end":{"line":1164,"column":3}},"560":{"start":{"line":1166,"column":2},"end":{"line":1169,"column":5}},"561":{"start":{"line":1171,"column":2},"end":{"line":1191,"column":5}},"562":{"start":{"line":1175,"column":6},"end":{"line":1178,"column":7}},"563":{"start":{"line":1176,"column":8},"end":{"line":1176,"column":50}},"564":{"start":{"line":1177,"column":8},"end":{"line":1177,"column":42}},"565":{"start":{"line":1179,"column":6},"end":{"line":1179,"column":49}},"566":{"start":{"line":1180,"column":6},"end":{"line":1189,"column":8}},"567":{"start":{"line":1197,"column":40},"end":{"line":1217,"column":1}},"568":{"start":{"line":1197,"column":46},"end":{"line":1217,"column":1}},"569":{"start":{"line":1198,"column":68},"end":{"line":1198,"column":75}},"570":{"start":{"line":1199,"column":18},"end":{"line":1199,"column":117}},"571":{"start":{"line":1199,"column":45},"end":{"line":1199,"column":116}},"572":{"start":{"line":1201,"column":2},"end":{"line":1204,"column":3}},"573":{"start":{"line":1202,"column":4},"end":{"line":1202,"column":37}},"574":{"start":{"line":1203,"column":4},"end":{"line":1203,"column":14}},"575":{"start":{"line":1206,"column":2},"end":{"line":1216,"column":5}},"576":{"start":{"line":1208,"column":34},"end":{"line":1208,"column":70}},"577":{"start":{"line":1210,"column":6},"end":{"line":1210,"column":37}},"578":{"start":{"line":1211,"column":6},"end":{"line":1213,"column":8}},"579":{"start":{"line":1222,"column":39},"end":{"line":1245,"column":1}},"580":{"start":{"line":1222,"column":45},"end":{"line":1245,"column":1}},"581":{"start":{"line":1223,"column":43},"end":{"line":1223,"column":50}},"582":{"start":{"line":1224,"column":21},"end":{"line":1227,"column":3}},"583":{"start":{"line":1225,"column":32},"end":{"line":1225,"column":153}},"584":{"start":{"line":1226,"column":34},"end":{"line":1226,"column":155}},"585":{"start":{"line":1229,"column":2},"end":{"line":1232,"column":3}},"586":{"start":{"line":1230,"column":4},"end":{"line":1230,"column":36}},"587":{"start":{"line":1231,"column":4},"end":{"line":1231,"column":14}},"588":{"start":{"line":1234,"column":2},"end":{"line":1244,"column":5}},"589":{"start":{"line":1236,"column":37},"end":{"line":1236,"column":73}},"590":{"start":{"line":1238,"column":6},"end":{"line":1238,"column":37}},"591":{"start":{"line":1239,"column":6},"end":{"line":1241,"column":8}},"592":{"start":{"line":1250,"column":40},"end":{"line":1270,"column":1}},"593":{"start":{"line":1250,"column":46},"end":{"line":1270,"column":1}},"594":{"start":{"line":1251,"column":39},"end":{"line":1251,"column":46}},"595":{"start":{"line":1252,"column":21},"end":{"line":1252,"column":93}},"596":{"start":{"line":1252,"column":48},"end":{"line":1252,"column":92}},"597":{"start":{"line":1254,"column":2},"end":{"line":1257,"column":3}},"598":{"start":{"line":1255,"column":4},"end":{"line":1255,"column":36}},"599":{"start":{"line":1256,"column":4},"end":{"line":1256,"column":14}},"600":{"start":{"line":1259,"column":2},"end":{"line":1269,"column":5}},"601":{"start":{"line":1261,"column":40},"end":{"line":1261,"column":85}},"602":{"start":{"line":1263,"column":6},"end":{"line":1263,"column":43}},"603":{"start":{"line":1264,"column":6},"end":{"line":1266,"column":8}},"604":{"start":{"line":1275,"column":48},"end":{"line":1293,"column":1}},"605":{"start":{"line":1275,"column":54},"end":{"line":1293,"column":1}},"606":{"start":{"line":1276,"column":36},"end":{"line":1276,"column":43}},"607":{"start":{"line":1277,"column":23},"end":{"line":1277,"column":116}},"608":{"start":{"line":1277,"column":53},"end":{"line":1277,"column":115}},"609":{"start":{"line":1279,"column":2},"end":{"line":1282,"column":3}},"610":{"start":{"line":1280,"column":4},"end":{"line":1280,"column":43}},"611":{"start":{"line":1281,"column":4},"end":{"line":1281,"column":14}},"612":{"start":{"line":1284,"column":2},"end":{"line":1292,"column":5}},"613":{"start":{"line":1286,"column":42},"end":{"line":1286,"column":87}},"614":{"start":{"line":1288,"column":6},"end":{"line":1288,"column":48}},"615":{"start":{"line":1289,"column":6},"end":{"line":1289,"column":69}},"616":{"start":{"line":1305,"column":30},"end":{"line":1381,"column":1}},"617":{"start":{"line":1306,"column":66},"end":{"line":1306,"column":73}},"618":{"start":{"line":1307,"column":19},"end":{"line":1307,"column":21}},"619":{"start":{"line":1309,"column":2},"end":{"line":1378,"column":3}},"620":{"start":{"line":1311,"column":6},"end":{"line":1313,"column":115}},"621":{"start":{"line":1312,"column":21},"end":{"line":1312,"column":43}},"622":{"start":{"line":1313,"column":19},"end":{"line":1313,"column":112}},"623":{"start":{"line":1314,"column":6},"end":{"line":1314,"column":12}},"624":{"start":{"line":1317,"column":6},"end":{"line":1319,"column":117}},"625":{"start":{"line":1318,"column":21},"end":{"line":1318,"column":69}},"626":{"start":{"line":1319,"column":19},"end":{"line":1319,"column":114}},"627":{"start":{"line":1320,"column":6},"end":{"line":1320,"column":12}},"628":{"start":{"line":1323,"column":6},"end":{"line":1330,"column":8}},"629":{"start":{"line":1325,"column":23},"end":{"line":1325,"column":45}},"630":{"start":{"line":1326,"column":21},"end":{"line":1326,"column":114}},"631":{"start":{"line":1328,"column":23},"end":{"line":1328,"column":71}},"632":{"start":{"line":1329,"column":21},"end":{"line":1329,"column":116}},"633":{"start":{"line":1331,"column":6},"end":{"line":1331,"column":12}},"634":{"start":{"line":1334,"column":6},"end":{"line":1339,"column":8}},"635":{"start":{"line":1337,"column":23},"end":{"line":1337,"column":45}},"636":{"start":{"line":1338,"column":21},"end":{"line":1338,"column":114}},"637":{"start":{"line":1340,"column":6},"end":{"line":1340,"column":12}},"638":{"start":{"line":1343,"column":6},"end":{"line":1348,"column":8}},"639":{"start":{"line":1346,"column":23},"end":{"line":1346,"column":71}},"640":{"start":{"line":1347,"column":21},"end":{"line":1347,"column":116}},"641":{"start":{"line":1349,"column":6},"end":{"line":1349,"column":12}},"642":{"start":{"line":1352,"column":6},"end":{"line":1361,"column":8}},"643":{"start":{"line":1356,"column":23},"end":{"line":1356,"column":45}},"644":{"start":{"line":1357,"column":21},"end":{"line":1357,"column":114}},"645":{"start":{"line":1359,"column":23},"end":{"line":1359,"column":71}},"646":{"start":{"line":1360,"column":21},"end":{"line":1360,"column":116}},"647":{"start":{"line":1362,"column":6},"end":{"line":1362,"column":12}},"648":{"start":{"line":1365,"column":6},"end":{"line":1367,"column":8}},"649":{"start":{"line":1368,"column":6},"end":{"line":1368,"column":12}},"650":{"start":{"line":1371,"column":6},"end":{"line":1373,"column":8}},"651":{"start":{"line":1374,"column":6},"end":{"line":1374,"column":12}},"652":{"start":{"line":1377,"column":6},"end":{"line":1377,"column":59}},"653":{"start":{"line":1380,"column":2},"end":{"line":1380,"column":20}},"654":{"start":{"line":1391,"column":31},"end":{"line":1421,"column":1}},"655":{"start":{"line":1391,"column":43},"end":{"line":1421,"column":1}},"656":{"start":{"line":1392,"column":43},"end":{"line":1392,"column":50}},"657":{"start":{"line":1393,"column":61},"end":{"line":1393,"column":67}},"658":{"start":{"line":1395,"column":21},"end":{"line":1395,"column":64}},"659":{"start":{"line":1397,"column":2},"end":{"line":1400,"column":3}},"660":{"start":{"line":1398,"column":4},"end":{"line":1398,"column":39}},"661":{"start":{"line":1399,"column":4},"end":{"line":1399,"column":14}},"662":{"start":{"line":1403,"column":2},"end":{"line":1406,"column":3}},"663":{"start":{"line":1404,"column":22},"end":{"line":1404,"column":41}},"664":{"start":{"line":1405,"column":4},"end":{"line":1405,"column":62}},"665":{"start":{"line":1408,"column":2},"end":{"line":1420,"column":5}},"666":{"start":{"line":1412,"column":29},"end":{"line":1414,"column":14}},"667":{"start":{"line":1416,"column":6},"end":{"line":1416,"column":48}},"668":{"start":{"line":1416,"column":26},"end":{"line":1416,"column":48}},"669":{"start":{"line":1417,"column":6},"end":{"line":1417,"column":64}},"670":{"start":{"line":1419,"column":53},"end":{"line":1419,"column":59}},"671":{"start":{"line":1429,"column":31},"end":{"line":1486,"column":1}},"672":{"start":{"line":1430,"column":18},"end":{"line":1430,"column":25}},"673":{"start":{"line":1431,"column":17},"end":{"line":1431,"column":19}},"674":{"start":{"line":1434,"column":2},"end":{"line":1442,"column":3}},"675":{"start":{"line":1435,"column":4},"end":{"line":1441,"column":5}},"676":{"start":{"line":1436,"column":6},"end":{"line":1436,"column":77}},"677":{"start":{"line":1437,"column":6},"end":{"line":1437,"column":131}},"678":{"start":{"line":1438,"column":11},"end":{"line":1441,"column":5}},"679":{"start":{"line":1439,"column":6},"end":{"line":1439,"column":56}},"680":{"start":{"line":1440,"column":6},"end":{"line":1440,"column":47}},"681":{"start":{"line":1444,"column":2},"end":{"line":1452,"column":3}},"682":{"start":{"line":1445,"column":4},"end":{"line":1451,"column":5}},"683":{"start":{"line":1446,"column":6},"end":{"line":1446,"column":74}},"684":{"start":{"line":1447,"column":6},"end":{"line":1447,"column":85}},"685":{"start":{"line":1448,"column":11},"end":{"line":1451,"column":5}},"686":{"start":{"line":1449,"column":6},"end":{"line":1449,"column":41}},"687":{"start":{"line":1450,"column":6},"end":{"line":1450,"column":35}},"688":{"start":{"line":1454,"column":2},"end":{"line":1457,"column":3}},"689":{"start":{"line":1455,"column":4},"end":{"line":1455,"column":52}},"690":{"start":{"line":1456,"column":4},"end":{"line":1456,"column":45}},"691":{"start":{"line":1459,"column":2},"end":{"line":1463,"column":3}},"692":{"start":{"line":1460,"column":39},"end":{"line":1460,"column":53}},"693":{"start":{"line":1461,"column":4},"end":{"line":1461,"column":67}},"694":{"start":{"line":1462,"column":4},"end":{"line":1462,"column":75}},"695":{"start":{"line":1465,"column":2},"end":{"line":1468,"column":3}},"696":{"start":{"line":1466,"column":4},"end":{"line":1466,"column":66}},"697":{"start":{"line":1467,"column":4},"end":{"line":1467,"column":85}},"698":{"start":{"line":1471,"column":2},"end":{"line":1473,"column":3}},"699":{"start":{"line":1472,"column":4},"end":{"line":1472,"column":18}},"700":{"start":{"line":1476,"column":2},"end":{"line":1483,"column":3}},"701":{"start":{"line":1477,"column":28},"end":{"line":1481,"column":5}},"702":{"start":{"line":1482,"column":4},"end":{"line":1482,"column":53}},"703":{"start":{"line":1485,"column":2},"end":{"line":1485,"column":12}},"704":{"start":{"line":1498,"column":28},"end":{"line":1528,"column":1}},"705":{"start":{"line":1498,"column":40},"end":{"line":1528,"column":1}},"706":{"start":{"line":1499,"column":18},"end":{"line":1499,"column":25}},"707":{"start":{"line":1500,"column":29},"end":{"line":1500,"column":35}},"708":{"start":{"line":1502,"column":2},"end":{"line":1505,"column":3}},"709":{"start":{"line":1503,"column":4},"end":{"line":1503,"column":33}},"710":{"start":{"line":1504,"column":4},"end":{"line":1504,"column":14}},"711":{"start":{"line":1508,"column":2},"end":{"line":1511,"column":3}},"712":{"start":{"line":1509,"column":4},"end":{"line":1509,"column":31}},"713":{"start":{"line":1510,"column":4},"end":{"line":1510,"column":59}},"714":{"start":{"line":1513,"column":2},"end":{"line":1527,"column":4}},"715":{"start":{"line":1516,"column":44},"end":{"line":1521,"column":7}},"716":{"start":{"line":1523,"column":8},"end":{"line":1523,"column":46}},"717":{"start":{"line":1524,"column":8},"end":{"line":1524,"column":67}},"718":{"start":{"line":1537,"column":22},"end":{"line":1573,"column":1}},"719":{"start":{"line":1537,"column":34},"end":{"line":1573,"column":1}},"720":{"start":{"line":1538,"column":18},"end":{"line":1538,"column":25}},"721":{"start":{"line":1539,"column":22},"end":{"line":1539,"column":28}},"722":{"start":{"line":1541,"column":2},"end":{"line":1544,"column":3}},"723":{"start":{"line":1542,"column":4},"end":{"line":1542,"column":33}},"724":{"start":{"line":1543,"column":4},"end":{"line":1543,"column":14}},"725":{"start":{"line":1547,"column":2},"end":{"line":1552,"column":3}},"726":{"start":{"line":1548,"column":4},"end":{"line":1548,"column":31}},"727":{"start":{"line":1550,"column":22},"end":{"line":1550,"column":74}},"728":{"start":{"line":1551,"column":4},"end":{"line":1551,"column":45}},"729":{"start":{"line":1554,"column":2},"end":{"line":1572,"column":4}},"730":{"start":{"line":1557,"column":44},"end":{"line":1564,"column":7}},"731":{"start":{"line":1566,"column":8},"end":{"line":1566,"column":46}},"732":{"start":{"line":1568,"column":26},"end":{"line":1568,"column":98}},"733":{"start":{"line":1569,"column":8},"end":{"line":1569,"column":49}},"734":{"start":{"line":1580,"column":28},"end":{"line":1625,"column":1}},"735":{"start":{"line":1581,"column":2},"end":{"line":1581,"column":28}},"736":{"start":{"line":1581,"column":18},"end":{"line":1581,"column":28}},"737":{"start":{"line":1584,"column":2},"end":{"line":1589,"column":3}},"738":{"start":{"line":1585,"column":33},"end":{"line":1585,"column":40}},"739":{"start":{"line":1586,"column":19},"end":{"line":1586,"column":108}},"740":{"start":{"line":1587,"column":4},"end":{"line":1587,"column":74}},"741":{"start":{"line":1588,"column":4},"end":{"line":1588,"column":53}},"742":{"start":{"line":1591,"column":2},"end":{"line":1598,"column":3}},"743":{"start":{"line":1592,"column":30},"end":{"line":1592,"column":37}},"744":{"start":{"line":1593,"column":39},"end":{"line":1593,"column":53}},"745":{"start":{"line":1594,"column":4},"end":{"line":1597,"column":5}},"746":{"start":{"line":1595,"column":6},"end":{"line":1595,"column":59}},"747":{"start":{"line":1596,"column":6},"end":{"line":1596,"column":60}},"748":{"start":{"line":1600,"column":2},"end":{"line":1604,"column":3}},"749":{"start":{"line":1601,"column":20},"end":{"line":1601,"column":27}},"750":{"start":{"line":1602,"column":4},"end":{"line":1602,"column":39}},"751":{"start":{"line":1603,"column":4},"end":{"line":1603,"column":36}},"752":{"start":{"line":1606,"column":2},"end":{"line":1610,"column":3}},"753":{"start":{"line":1607,"column":20},"end":{"line":1607,"column":27}},"754":{"start":{"line":1608,"column":4},"end":{"line":1608,"column":73}},"755":{"start":{"line":1609,"column":4},"end":{"line":1609,"column":36}},"756":{"start":{"line":1612,"column":2},"end":{"line":1616,"column":3}},"757":{"start":{"line":1613,"column":20},"end":{"line":1613,"column":27}},"758":{"start":{"line":1614,"column":4},"end":{"line":1614,"column":54}},"759":{"start":{"line":1615,"column":4},"end":{"line":1615,"column":48}},"760":{"start":{"line":1619,"column":2},"end":{"line":1621,"column":3}},"761":{"start":{"line":1620,"column":4},"end":{"line":1620,"column":45}},"762":{"start":{"line":1624,"column":2},"end":{"line":1624,"column":19}},"763":{"start":{"line":1635,"column":29},"end":{"line":1638,"column":1}},"764":{"start":{"line":1635,"column":41},"end":{"line":1638,"column":1}},"765":{"start":{"line":1637,"column":2},"end":{"line":1637,"column":74}},"766":{"start":{"line":1643,"column":34},"end":{"line":1646,"column":1}},"767":{"start":{"line":1643,"column":40},"end":{"line":1646,"column":1}},"768":{"start":{"line":1644,"column":2},"end":{"line":1644,"column":41}},"769":{"start":{"line":1645,"column":2},"end":{"line":1645,"column":36}},"770":{"start":{"line":1651,"column":37},"end":{"line":1670,"column":1}},"771":{"start":{"line":1651,"column":43},"end":{"line":1670,"column":1}},"772":{"start":{"line":1652,"column":43},"end":{"line":1652,"column":50}},"773":{"start":{"line":1653,"column":18},"end":{"line":1653,"column":94}},"774":{"start":{"line":1653,"column":45},"end":{"line":1653,"column":93}},"775":{"start":{"line":1655,"column":2},"end":{"line":1658,"column":3}},"776":{"start":{"line":1656,"column":4},"end":{"line":1656,"column":43}},"777":{"start":{"line":1657,"column":4},"end":{"line":1657,"column":14}},"778":{"start":{"line":1660,"column":2},"end":{"line":1669,"column":5}},"779":{"start":{"line":1662,"column":34},"end":{"line":1662,"column":61}},"780":{"start":{"line":1664,"column":6},"end":{"line":1664,"column":37}},"781":{"start":{"line":1665,"column":6},"end":{"line":1667,"column":8}},"782":{"start":{"line":1676,"column":34},"end":{"line":1679,"column":1}},"783":{"start":{"line":1676,"column":46},"end":{"line":1679,"column":1}},"784":{"start":{"line":1677,"column":2},"end":{"line":1677,"column":50}},"785":{"start":{"line":1678,"column":2},"end":{"line":1678,"column":40}},"786":{"start":{"line":1685,"column":39},"end":{"line":1691,"column":1}},"787":{"start":{"line":1685,"column":51},"end":{"line":1691,"column":1}},"788":{"start":{"line":1686,"column":2},"end":{"line":1686,"column":44}},"789":{"start":{"line":1687,"column":2},"end":{"line":1690,"column":4}},"790":{"start":{"line":1697,"column":33},"end":{"line":1700,"column":1}},"791":{"start":{"line":1697,"column":45},"end":{"line":1700,"column":1}},"792":{"start":{"line":1698,"column":2},"end":{"line":1698,"column":49}},"793":{"start":{"line":1699,"column":2},"end":{"line":1699,"column":39}},"794":{"start":{"line":1705,"column":32},"end":{"line":1713,"column":1}},"795":{"start":{"line":1705,"column":38},"end":{"line":1713,"column":1}},"796":{"start":{"line":1706,"column":18},"end":{"line":1706,"column":68}},"797":{"start":{"line":1706,"column":45},"end":{"line":1706,"column":67}},"798":{"start":{"line":1707,"column":2},"end":{"line":1710,"column":3}},"799":{"start":{"line":1708,"column":4},"end":{"line":1708,"column":33}},"800":{"start":{"line":1709,"column":4},"end":{"line":1709,"column":14}},"801":{"start":{"line":1711,"column":2},"end":{"line":1711,"column":47}},"802":{"start":{"line":1712,"column":2},"end":{"line":1712,"column":78}},"803":{"start":{"line":1718,"column":31},"end":{"line":1726,"column":1}},"804":{"start":{"line":1718,"column":37},"end":{"line":1726,"column":1}},"805":{"start":{"line":1719,"column":17},"end":{"line":1719,"column":86}},"806":{"start":{"line":1719,"column":44},"end":{"line":1719,"column":85}},"807":{"start":{"line":1720,"column":2},"end":{"line":1723,"column":3}},"808":{"start":{"line":1721,"column":4},"end":{"line":1721,"column":36}},"809":{"start":{"line":1722,"column":4},"end":{"line":1722,"column":14}},"810":{"start":{"line":1724,"column":2},"end":{"line":1724,"column":41}},"811":{"start":{"line":1725,"column":2},"end":{"line":1725,"column":33}},"812":{"start":{"line":1731,"column":37},"end":{"line":1734,"column":1}},"813":{"start":{"line":1731,"column":43},"end":{"line":1734,"column":1}},"814":{"start":{"line":1732,"column":2},"end":{"line":1732,"column":44}},"815":{"start":{"line":1733,"column":2},"end":{"line":1733,"column":47}},"816":{"start":{"line":1740,"column":37},"end":{"line":1759,"column":1}},"817":{"start":{"line":1740,"column":50},"end":{"line":1759,"column":1}},"818":{"start":{"line":1741,"column":43},"end":{"line":1741,"column":50}},"819":{"start":{"line":1742,"column":18},"end":{"line":1742,"column":94}},"820":{"start":{"line":1742,"column":45},"end":{"line":1742,"column":93}},"821":{"start":{"line":1744,"column":2},"end":{"line":1747,"column":3}},"822":{"start":{"line":1745,"column":4},"end":{"line":1745,"column":41}},"823":{"start":{"line":1746,"column":4},"end":{"line":1746,"column":14}},"824":{"start":{"line":1749,"column":2},"end":{"line":1758,"column":5}},"825":{"start":{"line":1751,"column":34},"end":{"line":1751,"column":61}},"826":{"start":{"line":1753,"column":6},"end":{"line":1753,"column":46}},"827":{"start":{"line":1754,"column":6},"end":{"line":1756,"column":8}},"828":{"start":{"line":1766,"column":44},"end":{"line":1785,"column":1}},"829":{"start":{"line":1766,"column":74},"end":{"line":1785,"column":1}},"830":{"start":{"line":1767,"column":43},"end":{"line":1767,"column":50}},"831":{"start":{"line":1768,"column":18},"end":{"line":1768,"column":94}},"832":{"start":{"line":1768,"column":45},"end":{"line":1768,"column":93}},"833":{"start":{"line":1770,"column":2},"end":{"line":1773,"column":3}},"834":{"start":{"line":1771,"column":4},"end":{"line":1771,"column":41}},"835":{"start":{"line":1772,"column":4},"end":{"line":1772,"column":14}},"836":{"start":{"line":1775,"column":2},"end":{"line":1784,"column":5}},"837":{"start":{"line":1777,"column":34},"end":{"line":1777,"column":61}},"838":{"start":{"line":1779,"column":6},"end":{"line":1779,"column":37}},"839":{"start":{"line":1780,"column":6},"end":{"line":1782,"column":8}},"840":{"start":{"line":1790,"column":36},"end":{"line":1813,"column":1}},"841":{"start":{"line":1790,"column":42},"end":{"line":1813,"column":1}},"842":{"start":{"line":1791,"column":56},"end":{"line":1791,"column":63}},"843":{"start":{"line":1792,"column":21},"end":{"line":1795,"column":3}},"844":{"start":{"line":1793,"column":32},"end":{"line":1793,"column":80}},"845":{"start":{"line":1794,"column":34},"end":{"line":1794,"column":82}},"846":{"start":{"line":1797,"column":2},"end":{"line":1800,"column":3}},"847":{"start":{"line":1798,"column":4},"end":{"line":1798,"column":33}},"848":{"start":{"line":1799,"column":4},"end":{"line":1799,"column":14}},"849":{"start":{"line":1802,"column":2},"end":{"line":1812,"column":5}},"850":{"start":{"line":1804,"column":37},"end":{"line":1804,"column":73}},"851":{"start":{"line":1807,"column":6},"end":{"line":1807,"column":36}},"852":{"start":{"line":1808,"column":6},"end":{"line":1810,"column":8}},"853":{"start":{"line":1819,"column":33},"end":{"line":1842,"column":1}},"854":{"start":{"line":1819,"column":44},"end":{"line":1842,"column":1}},"855":{"start":{"line":1820,"column":43},"end":{"line":1820,"column":50}},"856":{"start":{"line":1821,"column":37},"end":{"line":1821,"column":42}},"857":{"start":{"line":1822,"column":15},"end":{"line":1825,"column":3}},"858":{"start":{"line":1823,"column":32},"end":{"line":1823,"column":103}},"859":{"start":{"line":1824,"column":34},"end":{"line":1824,"column":105}},"860":{"start":{"line":1827,"column":2},"end":{"line":1830,"column":3}},"861":{"start":{"line":1828,"column":4},"end":{"line":1828,"column":40}},"862":{"start":{"line":1829,"column":4},"end":{"line":1829,"column":14}},"863":{"start":{"line":1832,"column":2},"end":{"line":1841,"column":5}},"864":{"start":{"line":1834,"column":31},"end":{"line":1834,"column":58}},"865":{"start":{"line":1836,"column":6},"end":{"line":1836,"column":37}},"866":{"start":{"line":1837,"column":6},"end":{"line":1839,"column":8}},"867":{"start":{"line":1849,"column":37},"end":{"line":1872,"column":1}},"868":{"start":{"line":1849,"column":48},"end":{"line":1872,"column":1}},"869":{"start":{"line":1850,"column":43},"end":{"line":1850,"column":50}},"870":{"start":{"line":1851,"column":37},"end":{"line":1851,"column":42}},"871":{"start":{"line":1852,"column":20},"end":{"line":1855,"column":3}},"872":{"start":{"line":1853,"column":32},"end":{"line":1853,"column":80}},"873":{"start":{"line":1854,"column":34},"end":{"line":1854,"column":82}},"874":{"start":{"line":1857,"column":2},"end":{"line":1860,"column":3}},"875":{"start":{"line":1858,"column":4},"end":{"line":1858,"column":35}},"876":{"start":{"line":1859,"column":4},"end":{"line":1859,"column":14}},"877":{"start":{"line":1862,"column":2},"end":{"line":1871,"column":5}},"878":{"start":{"line":1864,"column":36},"end":{"line":1864,"column":63}},"879":{"start":{"line":1866,"column":6},"end":{"line":1866,"column":37}},"880":{"start":{"line":1867,"column":6},"end":{"line":1869,"column":8}},"881":{"start":{"line":1878,"column":41},"end":{"line":1900,"column":1}},"882":{"start":{"line":1878,"column":56},"end":{"line":1900,"column":1}},"883":{"start":{"line":1879,"column":43},"end":{"line":1879,"column":50}},"884":{"start":{"line":1880,"column":21},"end":{"line":1883,"column":3}},"885":{"start":{"line":1881,"column":32},"end":{"line":1881,"column":80}},"886":{"start":{"line":1882,"column":34},"end":{"line":1882,"column":82}},"887":{"start":{"line":1885,"column":2},"end":{"line":1888,"column":3}},"888":{"start":{"line":1886,"column":4},"end":{"line":1886,"column":38}},"889":{"start":{"line":1887,"column":4},"end":{"line":1887,"column":14}},"890":{"start":{"line":1890,"column":2},"end":{"line":1899,"column":5}},"891":{"start":{"line":1892,"column":37},"end":{"line":1892,"column":64}},"892":{"start":{"line":1894,"column":6},"end":{"line":1894,"column":37}},"893":{"start":{"line":1895,"column":6},"end":{"line":1897,"column":8}},"894":{"start":{"line":1906,"column":34},"end":{"line":1932,"column":1}},"895":{"start":{"line":1906,"column":50},"end":{"line":1932,"column":1}},"896":{"start":{"line":1907,"column":71},"end":{"line":1907,"column":78}},"897":{"start":{"line":1908,"column":18},"end":{"line":1908,"column":94}},"898":{"start":{"line":1908,"column":45},"end":{"line":1908,"column":93}},"899":{"start":{"line":1910,"column":2},"end":{"line":1913,"column":3}},"900":{"start":{"line":1911,"column":4},"end":{"line":1911,"column":40}},"901":{"start":{"line":1912,"column":4},"end":{"line":1912,"column":14}},"902":{"start":{"line":1915,"column":2},"end":{"line":1931,"column":5}},"903":{"start":{"line":1917,"column":34},"end":{"line":1917,"column":61}},"904":{"start":{"line":1919,"column":6},"end":{"line":1919,"column":37}},"905":{"start":{"line":1920,"column":23},"end":{"line":1920,"column":101}},"906":{"start":{"line":1921,"column":6},"end":{"line":1921,"column":50}},"907":{"start":{"line":1921,"column":34},"end":{"line":1921,"column":50}},"908":{"start":{"line":1923,"column":21},"end":{"line":1925,"column":7}},"909":{"start":{"line":1926,"column":6},"end":{"line":1928,"column":7}},"910":{"start":{"line":1927,"column":8},"end":{"line":1927,"column":69}},"911":{"start":{"line":1929,"column":6},"end":{"line":1929,"column":20}},"912":{"start":{"line":1945,"column":48},"end":{"line":1956,"column":1}},"913":{"start":{"line":1945,"column":54},"end":{"line":1956,"column":1}},"914":{"start":{"line":1946,"column":18},"end":{"line":1946,"column":25}},"915":{"start":{"line":1947,"column":19},"end":{"line":1947,"column":51}},"916":{"start":{"line":1949,"column":2},"end":{"line":1952,"column":3}},"917":{"start":{"line":1950,"column":4},"end":{"line":1950,"column":48}},"918":{"start":{"line":1951,"column":4},"end":{"line":1951,"column":14}},"919":{"start":{"line":1954,"column":2},"end":{"line":1954,"column":47}},"920":{"start":{"line":1955,"column":2},"end":{"line":1955,"column":39}},"921":{"start":{"line":1963,"column":34},"end":{"line":1970,"column":1}},"922":{"start":{"line":1963,"column":68},"end":{"line":1970,"column":1}},"923":{"start":{"line":1964,"column":2},"end":{"line":1964,"column":108}},"924":{"start":{"line":1965,"column":2},"end":{"line":1969,"column":4}},"925":{"start":{"line":1976,"column":31},"end":{"line":1982,"column":1}},"926":{"start":{"line":1976,"column":45},"end":{"line":1982,"column":1}},"927":{"start":{"line":1977,"column":2},"end":{"line":1977,"column":43}},"928":{"start":{"line":1978,"column":2},"end":{"line":1981,"column":4}},"929":{"start":{"line":1987,"column":37},"end":{"line":1998,"column":1}},"930":{"start":{"line":1987,"column":43},"end":{"line":1998,"column":1}},"931":{"start":{"line":1988,"column":31},"end":{"line":1988,"column":38}},"932":{"start":{"line":1989,"column":19},"end":{"line":1989,"column":51}},"933":{"start":{"line":1991,"column":2},"end":{"line":1994,"column":3}},"934":{"start":{"line":1992,"column":4},"end":{"line":1992,"column":34}},"935":{"start":{"line":1993,"column":4},"end":{"line":1993,"column":14}},"936":{"start":{"line":1996,"column":2},"end":{"line":1996,"column":43}},"937":{"start":{"line":1997,"column":2},"end":{"line":1997,"column":53}},"938":{"start":{"line":2003,"column":37},"end":{"line":2017,"column":1}},"939":{"start":{"line":2003,"column":43},"end":{"line":2017,"column":1}},"940":{"start":{"line":2004,"column":18},"end":{"line":2004,"column":25}},"941":{"start":{"line":2005,"column":19},"end":{"line":2005,"column":51}},"942":{"start":{"line":2007,"column":2},"end":{"line":2010,"column":3}},"943":{"start":{"line":2008,"column":4},"end":{"line":2008,"column":32}},"944":{"start":{"line":2009,"column":4},"end":{"line":2009,"column":34}},"945":{"start":{"line":2012,"column":2},"end":{"line":2012,"column":56}},"946":{"start":{"line":2013,"column":2},"end":{"line":2016,"column":4}},"947":{"start":{"line":2023,"column":35},"end":{"line":2029,"column":1}},"948":{"start":{"line":2023,"column":51},"end":{"line":2029,"column":1}},"949":{"start":{"line":2024,"column":2},"end":{"line":2024,"column":51}},"950":{"start":{"line":2025,"column":2},"end":{"line":2028,"column":4}},"951":{"start":{"line":2034,"column":28},"end":{"line":2037,"colum
[...]
,"X:\\Food Chain\\TCG\\tests\\setup\\mockFactory.js": {"path":"X:\\Food Chain\\TCG\\tests\\setup\\mockFactory.js","statementMap":{"0":{"start":{"line":10,"column":29},"end":{"line":16,"column":1}},"1":{"start":{"line":11,"column":19},"end":{"line":11,"column":21}},"2":{"start":{"line":12,"column":14},"end":{"line":12,"column":41}},"3":{"start":{"line":12,"column":23},"end":{"line":12,"column":41}},"4":{"start":{"line":13,"column":2},"end":{"line":13,"column":35}},"5":{"start":{"line":13,"column":26},"end":{"line":13,"column":34}},"6":{"start":{"line":14,"column":2},"end":{"line":14,"column":42}},"7":{"start":{"line":14,"column":21},"end":{"line":14,"column":40}},"8":{"start":{"line":15,"column":2},"end":{"line":15,"column":13}},"9":{"start":{"line":21,"column":35},"end":{"line":34,"column":1}},"10":{"start":{"line":22,"column":24},"end":{"line":22,"column":45}},"11":{"start":{"line":23,"column":14},"end":{"line":23,"column":29}},"12":{"start":{"line":25,"column":2},"end":{"line":33,"column":4}},"13":{"start":{"line":39,"column":35},"end":{"line":55,"column":1}},"14":{"start":{"line":40,"column":24},"end":{"line":40,"column":47}},"15":{"start":{"line":41,"column":14},"end":{"line":41,"column":29}},"16":{"start":{"line":43,"column":2},"end":{"line":54,"column":4}},"17":{"start":{"line":60,"column":33},"end":{"line":76,"column":1}},"18":{"start":{"line":61,"column":24},"end":{"line":61,"column":48}},"19":{"start":{"line":62,"column":14},"end":{"line":62,"column":29}},"20":{"start":{"line":64,"column":2},"end":{"line":75,"column":4}}},"fnMap":{"0":{"name":"(anonymous_0)","decl":{"start":{"line":10,"column":29},"end":{"line":10,"column":30}},"loc":{"start":{"line":10,"column":35},"end":{"line":16,"column":1}},"line":10},"1":{"name":"(anonymous_1)","decl":{"start":{"line":12,"column":14},"end":{"line":12,"column":15}},"loc":{"start":{"line":12,"column":23},"end":{"line":12,"column":41}},"line":12},"2":{"name":"(anonymous_2)","decl":{"start":{"line":13,"column":20},"end":{"line":13,"column":21}},"loc":{"start":{"line":13,"column":26},"end":{"line":13,"column":34}},"line":13},"3":{"name":"(anonymous_3)","decl":{"start":{"line":14,"column":14},"end":{"line":14,"column":15}},"loc":{"start":{"line":14,"column":21},"end":{"line":14,"column":40}},"line":14},"4":{"name":"(anonymous_4)","decl":{"start":{"line":21,"column":35},"end":{"line":21,"column":36}},"loc":{"start":{"line":21,"column":79},"end":{"line":34,"column":1}},"line":21},"5":{"name":"(anonymous_5)","decl":{"start":{"line":39,"column":35},"end":{"line":39,"column":36}},"loc":{"start":{"line":39,"column":83},"end":{"line":55,"column":1}},"line":39},"6":{"name":"(anonymous_6)","decl":{"start":{"line":60,"column":33},"end":{"line":60,"column":34}},"loc":{"start":{"line":60,"column":94},"end":{"line":76,"column":1}},"line":60}},"branchMap":{"0":{"loc":{"start":{"line":21,"column":43},"end":{"line":21,"column":58}},"type":"default-arg","locations":[{"start":{"line":21,"column":57},"end":{"line":21,"column":58}}],"line":21},"1":{"loc":{"start":{"line":21,"column":60},"end":{"line":21,"column":74}},"type":"default-arg","locations":[{"start":{"line":21,"column":72},"end":{"line":21,"column":74}}],"line":21},"2":{"loc":{"start":{"line":39,"column":61},"end":{"line":39,"column":78}},"type":"default-arg","locations":[{"start":{"line":39,"column":77},"end":{"line":39,"column":78}}],"line":39},"3":{"loc":{"start":{"line":60,"column":71},"end":{"line":60,"column":89}},"type":"default-arg","locations":[{"start":{"line":60,"column":88},"end":{"line":60,"column":89}}],"line":60}},"s":{"0":25,"1":339,"2":339,"3":239,"4":339,"5":21,"6":339,"7":0,"8":339,"9":25,"10":313,"11":313,"12":313,"13":25,"14":22,"15":22,"16":22,"17":25,"18":4,"19":4,"20":4},"f":{"0":339,"1":239,"2":21,"3":0,"4":313,"5":22,"6":4},"b":{"0":[313],"1":[313],"2":[22],"3":[4]},"meta":{"lastBranch":4,"lastFunction":7,"lastStatement":21,"seen":{"s:10:29:16:1":0,"f:10:29:10:30":0,"s:11:19:11:21":1,"s:12:14:12:41":2,"f:12:14:12:15":1,"s:12:23:12:41":3,"s:13:2:13:35":4,"f:13:20:13:21":2,"s:13:26:13:34":5,"s:14:2:14:42":6,"f:14:14:14:15":3,"s:14:21:14:40":7,"s:15:2:15:13":8,"s:21:35:34:1":9,"f:21:35:21:36":4,"b:21:57:21:58":0,"b:21:72:21:74":1,"s:22:24:22:45":10,"s:23:14:23:29":11,"s:25:2:33:4":12,"s:39:35:55:1":13,"f:39:35:39:36":5,"b:39:77:39:78":2,"s:40:24:40:47":14,"s:41:14:41:29":15,"s:43:2:54:4":16,"s:60:33:76:1":17,"f:60:33:60:34":6,"b:60:88:60:89":3,"s:61:24:61:48":18,"s:62:14:62:29":19,"s:64:2:75:4":20}}}
,"X:\\Food Chain\\TCG\\tests\\setup\\testHelpers.js": {"path":"X:\\Food Chain\\TCG\\tests\\setup\\testHelpers.js","statementMap":{"0":{"start":{"line":13,"column":26},"end":{"line":13,"column":31}},"1":{"start":{"line":15,"column":41},"end":{"line":20,"column":1}},"2":{"start":{"line":16,"column":2},"end":{"line":19,"column":3}},"3":{"start":{"line":17,"column":3},"end":{"line":17,"column":29}},"4":{"start":{"line":18,"column":4},"end":{"line":18,"column":31}},"5":{"start":{"line":23,"column":0},"end":{"line":23,"column":28}},"6":{"start":{"line":28,"column":31},"end":{"line":39,"column":1}},"7":{"start":{"line":29,"column":15},"end":{"line":29,"column":33}},"8":{"start":{"line":32,"column":2},"end":{"line":32,"column":24}},"9":{"start":{"line":33,"column":2},"end":{"line":33,"column":17}},"10":{"start":{"line":34,"column":2},"end":{"line":34,"column":33}},"11":{"start":{"line":35,"column":2},"end":{"line":35,"column":41}},"12":{"start":{"line":38,"column":2},"end":{"line":38,"column":36}},"13":{"start":{"line":44,"column":34},"end":{"line":58,"column":1}},"14":{"start":{"line":45,"column":2},"end":{"line":47,"column":3}},"15":{"start":{"line":46,"column":4},"end":{"line":46,"column":30}},"16":{"start":{"line":49,"column":17},"end":{"line":49,"column":47}},"17":{"start":{"line":50,"column":2},"end":{"line":52,"column":3}},"18":{"start":{"line":51,"column":4},"end":{"line":51,"column":49}},"19":{"start":{"line":54,"column":18},"end":{"line":54,"column":58}},"20":{"start":{"line":55,"column":2},"end":{"line":55,"column":57}},"21":{"start":{"line":57,"column":2},"end":{"line":57,"column":39}},"22":{"start":{"line":63,"column":29},"end":{"line":73,"column":1}},"23":{"start":{"line":64,"column":17},"end":{"line":64,"column":47}},"24":{"start":{"line":65,"column":2},"end":{"line":67,"column":3}},"25":{"start":{"line":66,"column":4},"end":{"line":66,"column":49}},"26":{"start":{"line":69,"column":18},"end":{"line":69,"column":58}},"27":{"start":{"line":70,"column":2},"end":{"line":70,"column":49}},"28":{"start":{"line":72,"column":2},"end":{"line":72,"column":18}},"29":{"start":{"line":78,"column":29},"end":{"line":88,"column":1}},"30":{"start":{"line":79,"column":17},"end":{"line":79,"column":47}},"31":{"start":{"line":80,"column":2},"end":{"line":82,"column":3}},"32":{"start":{"line":81,"column":4},"end":{"line":81,"column":49}},"33":{"start":{"line":84,"column":18},"end":{"line":84,"column":58}},"34":{"start":{"line":85,"column":2},"end":{"line":85,"column":49}},"35":{"start":{"line":87,"column":2},"end":{"line":87,"column":18}},"36":{"start":{"line":98,"column":32},"end":{"line":98,"column":61}},"37":{"start":{"line":98,"column":38},"end":{"line":98,"column":61}},"38":{"start":{"line":103,"column":36},"end":{"line":116,"column":1}},"39":{"start":{"line":103,"column":42},"end":{"line":116,"column":1}},"40":{"start":{"line":121,"column":33},"end":{"line":127,"column":1}},"41":{"start":{"line":121,"column":39},"end":{"line":127,"column":1}},"42":{"start":{"line":132,"column":32},"end":{"line":142,"column":1}},"43":{"start":{"line":133,"column":17},"end":{"line":133,"column":47}},"44":{"start":{"line":134,"column":2},"end":{"line":136,"column":3}},"45":{"start":{"line":135,"column":4},"end":{"line":135,"column":49}},"46":{"start":{"line":138,"column":18},"end":{"line":138,"column":58}},"47":{"start":{"line":139,"column":2},"end":{"line":139,"column":52}},"48":{"start":{"line":141,"column":2},"end":{"line":141,"column":18}},"49":{"start":{"line":147,"column":30},"end":{"line":161,"column":1}},"50":{"start":{"line":148,"column":2},"end":{"line":150,"column":3}},"51":{"start":{"line":149,"column":4},"end":{"line":149,"column":30}},"52":{"start":{"line":152,"column":17},"end":{"line":152,"column":47}},"53":{"start":{"line":153,"column":2},"end":{"line":155,"column":3}},"54":{"start":{"line":154,"column":4},"end":{"line":154,"column":49}},"55":{"start":{"line":157,"column":18},"end":{"line":157,"column":58}},"56":{"start":{"line":158,"column":2},"end":{"line":158,"column":45}},"57":{"start":{"line":160,"column":2},"end":{"line":160,"column":35}},"58":{"start":{"line":166,"column":29},"end":{"line":172,"column":1}},"59":{"start":{"line":167,"column":17},"end":{"line":167,"column":47}},"60":{"start":{"line":168,"column":2},"end":{"line":170,"column":3}},"61":{"start":{"line":169,"column":4},"end":{"line":169,"column":16}},"62":{"start":{"line":171,"column":2},"end":{"line":171,"column":34}},"63":{"start":{"line":177,"column":30},"end":{"line":180,"column":1}},"64":{"start":{"line":178,"column":17},"end":{"line":178,"column":47}},"65":{"start":{"line":179,"column":2},"end":{"line":179,"column":55}},"66":{"start":{"line":185,"column":34},"end":{"line":187,"column":1}},"67":{"start":{"line":186,"column":2},"end":{"line":186,"column":62}},"68":{"start":{"line":186,"column":35},"end":{"line":186,"column":60}},"69":{"start":{"line":192,"column":35},"end":{"line":194,"column":1}},"70":{"start":{"line":193,"column":2},"end":{"line":193,"column":83}},"71":{"start":{"line":193,"column":35},"end":{"line":193,"column":81}}},"fnMap":{"0":{"name":"(anonymous_0)","decl":{"start":{"line":15,"column":41},"end":{"line":15,"column":42}},"loc":{"start":{"line":15,"column":47},"end":{"line":20,"column":1}},"line":15},"1":{"name":"(anonymous_1)","decl":{"start":{"line":28,"column":31},"end":{"line":28,"column":32}},"loc":{"start":{"line":28,"column":51},"end":{"line":39,"column":1}},"line":28},"2":{"name":"(anonymous_2)","decl":{"start":{"line":44,"column":34},"end":{"line":44,"column":35}},"loc":{"start":{"line":44,"column":92},"end":{"line":58,"column":1}},"line":44},"3":{"name":"(anonymous_3)","decl":{"start":{"line":63,"column":29},"end":{"line":63,"column":30}},"loc":{"start":{"line":63,"column":65},"end":{"line":73,"column":1}},"line":63},"4":{"name":"(anonymous_4)","decl":{"start":{"line":78,"column":29},"end":{"line":78,"column":30}},"loc":{"start":{"line":78,"column":65},"end":{"line":88,"column":1}},"line":78},"5":{"name":"(anonymous_5)","decl":{"start":{"line":98,"column":32},"end":{"line":98,"column":33}},"loc":{"start":{"line":98,"column":38},"end":{"line":98,"column":61}},"line":98},"6":{"name":"(anonymous_6)","decl":{"start":{"line":103,"column":36},"end":{"line":103,"column":37}},"loc":{"start":{"line":103,"column":42},"end":{"line":116,"column":1}},"line":103},"7":{"name":"(anonymous_7)","decl":{"start":{"line":121,"column":33},"end":{"line":121,"column":34}},"loc":{"start":{"line":121,"column":39},"end":{"line":127,"column":1}},"line":121},"8":{"name":"(anonymous_8)","decl":{"start":{"line":132,"column":32},"end":{"line":132,"column":33}},"loc":{"start":{"line":132,"column":68},"end":{"line":142,"column":1}},"line":132},"9":{"name":"(anonymous_9)","decl":{"start":{"line":147,"column":30},"end":{"line":147,"column":31}},"loc":{"start":{"line":147,"column":73},"end":{"line":161,"column":1}},"line":147},"10":{"name":"(anonymous_10)","decl":{"start":{"line":166,"column":29},"end":{"line":166,"column":30}},"loc":{"start":{"line":166,"column":50},"end":{"line":172,"column":1}},"line":166},"11":{"name":"(anonymous_11)","decl":{"start":{"line":177,"column":30},"end":{"line":177,"column":31}},"loc":{"start":{"line":177,"column":51},"end":{"line":180,"column":1}},"line":177},"12":{"name":"(anonymous_12)","decl":{"start":{"line":185,"column":34},"end":{"line":185,"column":35}},"loc":{"start":{"line":185,"column":48},"end":{"line":187,"column":1}},"line":185},"13":{"name":"(anonymous_13)","decl":{"start":{"line":186,"column":30},"end":{"line":186,"column":31}},"loc":{"start":{"line":186,"column":35},"end":{"line":186,"column":60}},"line":186},"14":{"name":"(anonymous_14)","decl":{"start":{"line":192,"column":35},"end":{"line":192,"column":36}},"loc":{"start":{"line":192,"column":41},"end":{"line":194,"column":1}},"line":192},"15":{"name":"(anonymous_15)","decl":{"start":{"line":193,"column":30},"end":{"line":193,"column":31}},"loc":{"start":{"line":193,"column":35},"end":{"line":193,"column":81}},"line":193}},"branchMap":{"0":{"loc":{"start":{"line":16,"column":2},"end":{"line":19,"column":3}},"type":"if","locations":[{"start":{"line":16,"column":2},"end":{"line":19,"column":3}},{"start":{},"end":{}}],"line":16},"1":{"loc":{"start":{"line":28,"column":32},"end":{"line":28,"column":46}},"type":"default-arg","locations":[{"start":{"line":28,"column":44},"end":{"line":28,"column":46}}],"line":28},"2":{"loc":{"start":{"line":44,"column":43},"end":{"line":44,"column":58}},"type":"default-arg","locations":[{"start":{"line":44,"column":57},"end":{"line":44,"column":58}}],"line":44},"3":{"loc":{"start":{"line":44,"column":60},"end":{"line":44,"column":73}},"type":"default-arg","locations":[{"start":{"line":44,"column":72},"end":{"line":44,"column":73}}],"line":44},"4":{"loc":{"start":{"line":44,"column":75},"end":{"line":44,"column":87}},"type":"default-arg","locations":[{"start":{"line":44,"column":83},"end":{"line":44,"column":87}}],"line":44},"5":{"loc":{"start":{"line":45,"column":2},"end":{"line":47,"column":3}},"type":"if","locations":[{"start":{"line":45,"column":2},"end":{"line":47,"column":3}},{"start":{},"end":{}}],"line":45},"6":{"loc":{"start":{"line":50,"column":2},"end":{"line":52,"column":3}},"type":"if","locations":[{"start":{"line":50,"column":2},"end":{"line":52,"column":3}},{"start":{},"end":{}}],"line":50},"7":{"loc":{"start":{"line":63,"column":45},"end":{"line":63,"column":60}},"type":"default-arg","locations":[{"start":{"line":63,"column":59},"end":{"line":63,"column":60}}],"line":63},"8":{"loc":{"start":{"line":65,"column":2},"end":{"line":67,"column":3}},"type":"if","locations":[{"start":{"line":65,"column":2},"end":{"line":67,"column":3}},{"start":{},"end":{}}],"line":65},"9":{"loc":{"start":{"line":78,"column":45},"end":{"line":78,"column":60}},"type":"default-arg","locations":[{"start":{"line":78,"column":59},"end":{"line":78,"column":60}}],"line":78},"10":{"loc":{"start":{"line":80,"column":2},"end":{"line":82,"column":3}},"type":"if","locations":[{"start":{"line":80,"column":2},"end":{"line":82,"column":3}},{"start":{},"end":{}}],"line":80},"11":{"loc":{"start":{"line":132,"column":48},"end":{"line":132,"column":63}},"type":"default-arg","locations":[{"start":{"line":132,"column":62},"end":{"line":132,"column":63}}],"line":132},"12":{"loc":{"start":{"line":134,"column":2},"end":{"line":136,"column":3}},"type":"if","locations":[{"start":{"line":134,"column":2},"end":{"line":136,"column":3}},{"start":{},"end":{}}],"line":134},"13":{"loc":{"start":{"line":147,"column":39},"end":{"line":147,"column":54}},"type":"default-arg","locations":[{"start":{"line":147,"column":53},"end":{"line":147,"column":54}}],"line":147},"14":{"loc":{"start":{"line":147,"column":56},"end":{"line":147,"column":68}},"type":"default-arg","locations":[{"start":{"line":147,"column":64},"end":{"line":147,"column":68}}],"line":147},"15":{"loc":{"start":{"line":148,"column":2},"end":{"line":150,"column":3}},"type":"if","locations":[{"start":{"line":148,"column":2},"end":{"line":150,"column":3}},{"start":{},"end":{}}],"line":148},"16":{"loc":{"start":{"line":153,"column":2},"end":{"line":155,"column":3}},"type":"if","locations":[{"start":{"line":153,"column":2},"end":{"line":155,"column":3}},{"start":{},"end":{}}],"line":153},"17":{"loc":{"start":{"line":168,"column":2},"end":{"line":170,"column":3}},"type":"if","locations":[{"start":{"line":168,"column":2},"end":{"line":170,"column":3}},{"start":{},"end":{}}],"line":168},"18":{"loc":{"start":{"line":179,"column":9},"end":{"line":179,"column":54}},"type":"binary-expr","locations":[{"start":{"line":179,"column":9},"end":{"line":179,"column":45}},{"start":{"line":179,"column":49},"end":{"line":179,"column":54}}],"line":179},"19":{"loc":{"start":{"line":193,"column":35},"end":{"line":193,"column":81}},"type":"binary-expr","locations":[{"start":{"line":193,"column":35},"end":{"line":193,"column":44}},{"start":{"line":193,"column":48},"end":{"line":193,"column":81}}],"line":193}},"s":{"0":28,"1":28,"2":56,"3":28,"4":28,"5":28,"6":28,"7":347,"8":347,"9":347,"10":347,"11":347,"12":347,"13":28,"14":303,"15":43,"16":303,"17":303,"18":0,"19":303,"20":303,"21":303,"22":28,"23":1,"24":1,"25":0,"26":1,"27":1,"28":1,"29":28,"30":52,"31":52,"32":0,"33":52,"34":52,"35":52,"36":28,"37":1,"38":28,"39":0,"40":28,"41":1,"42":28,"43":22,"44":22,"45":0,"46":22,"47":22,"48":22,"49":28,"50":2,"51":0,"52":2,"53":2,"54":0,"55":2,"56":2,"57":2,"58":28,"59":0,"60":0,"61":0,"62":0,"63":28,"64":0,"65":0,"66":28,"67":3,"68":963,"69":28,"70":0,"71":0},"f":{"0":56,"1":347,"2":303,"3":1,"4":52,"5":1,"6":0,"7":1,"8":22,"9":2,"10":0,"11":0,"12":3,"13":963,"14":0,"15":0},"b":{"0":[28,28],"1":[347],"2":[303],"3":[303],"4":[303],"5":[43,260],"6":[0,303],"7":[1],"8":[0,1],"9":[52],"10":[0,52],"11":[22],"12":[0,22],"13":[2],"14":[2],"15":[0,2],"16":[0,2],"17":[0,0],"18":[0,0],"19":[0,0]},"meta":{"lastBranch":20,"lastFunction":16,"lastStatement":72,"seen":{"s:13:26:13:31":0,"s:15:41:20:1":1,"f:15:41:15:42":0,"b:16:2:19:3:undefined:undefined:undefined:undefined":0,"s:16:2:19:3":2,"s:17:3:17:29":3,"s:18:4:18:31":4,"s:23:0:23:28":5,"s:28:31:39:1":6,"f:28:31:28:32":1,"b:28:44:28:46":1,"s:29:15:29:33":7,"s:32:2:32:24":8,"s:33:2:33:17":9,"s:34:2:34:33":10,"s:35:2:35:41":11,"s:38:2:38:36":12,"s:44:34:58:1":13,"f:44:34:44:35":2,"b:44:57:44:58":2,"b:44:72:44:73":3,"b:44:83:44:87":4,"b:45:2:47:3:undefined:undefined:undefined:undefined":5,"s:45:2:47:3":14,"s:46:4:46:30":15,"s:49:17:49:47":16,"b:50:2:52:3:undefined:undefined:undefined:undefined":6,"s:50:2:52:3":17,"s:51:4:51:49":18,"s:54:18:54:58":19,"s:55:2:55:57":20,"s:57:2:57:39":21,"s:63:29:73:1":22,"f:63:29:63:30":3,"b:63:59:63:60":7,"s:64:17:64:47":23,"b:65:2:67:3:undefined:undefined:undefined:undefined":8,"s:65:2:67:3":24,"s:66:4:66:49":25,"s:69:18:69:58":26,"s:70:2:70:49":27,"s:72:2:72:18":28,"s:78:29:88:1":29,"f:78:29:78:30":4,"b:78:59:78:60":9,"s:79:17:79:47":30,"b:80:2:82:3:undefined:undefined:undefined:undefined":10,"s:80:2:82:3":31,"s:81:4:81:49":32,"s:84:18:84:58":33,"s:85:2:85:49":34,"s:87:2:87:18":35,"s:98:32:98:61":36,"f:98:32:98:33":5,"s:98:38:98:61":37,"s:103:36:116:1":38,"f:103:36:103:37":6,"s:103:42:116:1":39,"s:121:33:127:1":40,"f:121:33:121:34":7,"s:121:39:127:1":41,"s:132:32:142:1":42,"f:132:32:132:33":8,"b:132:62:132:63":11,"s:133:17:133:47":43,"b:134:2:136:3:undefined:undefined:undefined:undefined":12,"s:134:2:136:3":44,"s:135:4:135:49":45,"s:138:18:138:58":46,"s:139:2:139:52":47,"s:141:2:141:18":48,"s:147:30:161:1":49,"f:147:30:147:31":9,"b:147:53:147:54":13,"b:147:64:147:68":14,"b:148:2:150:3:undefined:undefined:undefined:undefined":15,"s:148:2:150:3":50,"s:149:4:149:30":51,"s:152:17:152:47":52,"b:153:2:155:3:undefined:undefined:undefined:undefined":16,"s:153:2:155:3":53,"s:154:4:154:49":54,"s:157:18:157:58":55,"s:158:2:158:45":56,"s:160:2:160:35":57,"s:166:29:172:1":58,"f:166:29:166:30":10,"s:167:17:167:47":59,"b:168:2:170:3:undefined:undefined:undefined:undefined":17,"s:168:2:170:3":60,"s:169:4:169:16":61,"s:171:2:171:34":62,"s:177:30:180:1":63,"f:177:30:177:31":11,"s:178:17:178:47":64,"s:179:2:179:55":65,"b:179:9:179:45:179:49:179:54":18,"s:185:34:187:1":66,"f:185:34:185:35":12,"s:186:2:186:62":67,"f:186:30:186:31":13,"s:186:35:186:60":68,"s:192:35:194:1":69,"f:192:35:192:36":14,"s:193:2:193:83":70,"f:193:30:193:31":15,"s:193:35:193:81":71,"b:193:35:193:44:193:48:193:81":19}}}
}
